{"C:\\Users\\Yash Srivastava\\OneDrive\\Desktop\\Digital-diary-api-me\\Digital-Diary-API\\src\\index.ts": {"path":"C:\\Users\\Yash Srivastava\\OneDrive\\Desktop\\Digital-diary-api-me\\Digital-Diary-API\\src\\index.ts","statementMap":{"0":{"start":{"line":1,"column":0},"end":{"line":1,"column":28}},"1":{"start":{"line":2,"column":0},"end":{"line":2,"column":16}},"2":{"start":{"line":3,"column":0},"end":{"line":3,"column":51}},"3":{"start":{"line":5,"column":0},"end":{"line":5,"column":26}},"4":{"start":{"line":6,"column":0},"end":{"line":6,"column":80}},"5":{"start":{"line":8,"column":0},"end":{"line":8,"column":24}},"6":{"start":{"line":9,"column":0},"end":{"line":9,"column":24}},"7":{"start":{"line":10,"column":0},"end":{"line":10,"column":30}},"8":{"start":{"line":13,"column":0},"end":{"line":13,"column":58}},"9":{"start":{"line":15,"column":25},"end":{"line":15,"column":34}},"10":{"start":{"line":16,"column":13},"end":{"line":16,"column":37}},"11":{"start":{"line":25,"column":0},"end":{"line":30,"column":2}},"12":{"start":{"line":35,"column":0},"end":{"line":35,"column":24}},"13":{"start":{"line":38,"column":0},"end":{"line":38,"column":48}},"14":{"start":{"line":41,"column":0},"end":{"line":41,"column":72}},"15":{"start":{"line":46,"column":0},"end":{"line":53,"column":3}},"16":{"start":{"line":47,"column":2},"end":{"line":52,"column":5}},"17":{"start":{"line":59,"column":0},"end":{"line":59,"column":24}},"18":{"start":{"line":66,"column":0},"end":{"line":72,"column":3}},"19":{"start":{"line":67,"column":2},"end":{"line":71,"column":5}},"20":{"start":{"line":76,"column":0},"end":{"line":84,"column":3}},"21":{"start":{"line":77,"column":2},"end":{"line":77,"column":37}},"22":{"start":{"line":79,"column":2},"end":{"line":83,"column":5}},"23":{"start":{"line":89,"column":20},"end":{"line":103,"column":1}},"24":{"start":{"line":90,"column":2},"end":{"line":102,"column":null}},"25":{"start":{"line":92,"column":4},"end":{"line":92,"column":31}},"26":{"start":{"line":95,"column":4},"end":{"line":98,"column":7}},"27":{"start":{"line":96,"column":6},"end":{"line":96,"column":70}},"28":{"start":{"line":97,"column":6},"end":{"line":97,"column":67}},"29":{"start":{"line":100,"column":4},"end":{"line":100,"column":54}},"30":{"start":{"line":101,"column":4},"end":{"line":101,"column":20}},"31":{"start":{"line":106,"column":0},"end":{"line":106,"column":14}},"32":{"start":{"line":109,"column":0},"end":{"line":109,"column":19}}},"fnMap":{"0":{"name":"(anonymous_1)","decl":{"start":{"line":46,"column":13},"end":{"line":46,"column":14}},"loc":{"start":{"line":46,"column":45},"end":{"line":53,"column":1}}},"1":{"name":"(anonymous_2)","decl":{"start":{"line":66,"column":8},"end":{"line":66,"column":9}},"loc":{"start":{"line":66,"column":40},"end":{"line":72,"column":1}}},"2":{"name":"(anonymous_3)","decl":{"start":{"line":76,"column":8},"end":{"line":76,"column":9}},"loc":{"start":{"line":76,"column":72},"end":{"line":84,"column":1}}},"3":{"name":"(anonymous_4)","decl":{"start":{"line":89,"column":20},"end":{"line":89,"column":25}},"loc":{"start":{"line":89,"column":31},"end":{"line":103,"column":1}}},"4":{"name":"(anonymous_5)","decl":{"start":{"line":95,"column":21},"end":{"line":95,"column":24}},"loc":{"start":{"line":95,"column":26},"end":{"line":98,"column":5}}}},"branchMap":{"0":{"loc":{"start":{"line":16,"column":13},"end":{"line":16,"column":37}},"type":"binary-expr","locations":[{"start":{"line":16,"column":13},"end":{"line":16,"column":29}},{"start":{"line":16,"column":33},"end":{"line":16,"column":37}}]},"1":{"loc":{"start":{"line":82,"column":11},"end":{"line":82,"column":75}},"type":"cond-expr","locations":[{"start":{"line":82,"column":52},"end":{"line":82,"column":63}},{"start":{"line":82,"column":66},"end":{"line":82,"column":75}}]}},"s":{"0":13,"1":13,"2":13,"3":13,"4":13,"5":13,"6":13,"7":13,"8":13,"9":13,"10":13,"11":13,"12":13,"13":13,"14":13,"15":13,"16":0,"17":13,"18":13,"19":0,"20":13,"21":0,"22":0,"23":13,"24":13,"25":13,"26":1,"27":1,"28":1,"29":0,"30":0,"31":13,"32":13},"f":{"0":0,"1":0,"2":0,"3":13,"4":1},"b":{"0":[13,0],"1":[0,0]}}
,"C:\\Users\\Yash Srivastava\\OneDrive\\Desktop\\Digital-diary-api-me\\Digital-Diary-API\\src\\config\\Dbconnetion.ts": {"path":"C:\\Users\\Yash Srivastava\\OneDrive\\Desktop\\Digital-diary-api-me\\Digital-Diary-API\\src\\config\\Dbconnetion.ts","statementMap":{"0":{"start":{"line":1,"column":0},"end":{"line":1,"column":49}},"1":{"start":{"line":2,"column":0},"end":{"line":2,"column":28}},"2":{"start":{"line":3,"column":0},"end":{"line":3,"column":44}},"3":{"start":{"line":4,"column":0},"end":{"line":4,"column":44}},"4":{"start":{"line":5,"column":0},"end":{"line":5,"column":44}},"5":{"start":{"line":6,"column":0},"end":{"line":6,"column":46}},"6":{"start":{"line":7,"column":0},"end":{"line":7,"column":56}},"7":{"start":{"line":8,"column":0},"end":{"line":8,"column":58}},"8":{"start":{"line":9,"column":0},"end":{"line":9,"column":40}},"9":{"start":{"line":10,"column":0},"end":{"line":10,"column":54}},"10":{"start":{"line":11,"column":0},"end":{"line":11,"column":38}},"11":{"start":{"line":12,"column":0},"end":{"line":12,"column":54}},"12":{"start":{"line":13,"column":0},"end":{"line":13,"column":52}},"13":{"start":{"line":14,"column":0},"end":{"line":14,"column":46}},"14":{"start":{"line":15,"column":0},"end":{"line":15,"column":42}},"15":{"start":{"line":18,"column":0},"end":{"line":18,"column":16}},"16":{"start":{"line":24,"column":13},"end":{"line":70,"column":3}},"17":{"start":{"line":77,"column":34},"end":{"line":89,"column":1}},"18":{"start":{"line":78,"column":2},"end":{"line":88,"column":null}},"19":{"start":{"line":79,"column":4},"end":{"line":79,"column":35}},"20":{"start":{"line":80,"column":4},"end":{"line":80,"column":66}},"21":{"start":{"line":82,"column":4},"end":{"line":82,"column":42}},"22":{"start":{"line":83,"column":4},"end":{"line":83,"column":50}},"23":{"start":{"line":86,"column":4},"end":{"line":86,"column":58}},"24":{"start":{"line":87,"column":4},"end":{"line":87,"column":20}},"25":{"start":{"line":77,"column":13},"end":{"line":77,"column":34}},"26":{"start":{"line":92,"column":0},"end":{"line":92,"column":25}}},"fnMap":{"0":{"name":"(anonymous_1)","decl":{"start":{"line":77,"column":34},"end":{"line":77,"column":39}},"loc":{"start":{"line":77,"column":60},"end":{"line":89,"column":1}}}},"branchMap":{"0":{"loc":{"start":{"line":26,"column":8},"end":{"line":26,"column":48}},"type":"binary-expr","locations":[{"start":{"line":26,"column":8},"end":{"line":26,"column":33}},{"start":{"line":26,"column":37},"end":{"line":26,"column":48}}]},"1":{"loc":{"start":{"line":27,"column":17},"end":{"line":27,"column":52}},"type":"binary-expr","locations":[{"start":{"line":27,"column":17},"end":{"line":27,"column":42}},{"start":{"line":27,"column":46},"end":{"line":27,"column":52}}]},"2":{"loc":{"start":{"line":28,"column":12},"end":{"line":28,"column":51}},"type":"binary-expr","locations":[{"start":{"line":28,"column":12},"end":{"line":28,"column":37}},{"start":{"line":28,"column":41},"end":{"line":28,"column":51}}]},"3":{"loc":{"start":{"line":29,"column":12},"end":{"line":29,"column":51}},"type":"binary-expr","locations":[{"start":{"line":29,"column":12},"end":{"line":29,"column":37}},{"start":{"line":29,"column":41},"end":{"line":29,"column":51}}]}},"s":{"0":13,"1":13,"2":13,"3":13,"4":13,"5":13,"6":13,"7":13,"8":13,"9":13,"10":13,"11":13,"12":13,"13":13,"14":13,"15":13,"16":13,"17":13,"18":13,"19":13,"20":13,"21":13,"22":1,"23":0,"24":0,"25":13,"26":13},"f":{"0":13},"b":{"0":[13,0],"1":[13,0],"2":[13,0],"3":[13,0]}}
,"C:\\Users\\Yash Srivastava\\OneDrive\\Desktop\\Digital-diary-api-me\\Digital-Diary-API\\src\\controllers\\admin.controller.ts": {"path":"C:\\Users\\Yash Srivastava\\OneDrive\\Desktop\\Digital-diary-api-me\\Digital-Diary-API\\src\\controllers\\admin.controller.ts","statementMap":{"0":{"start":{"line":2,"column":0},"end":{"line":2,"column":44}},"1":{"start":{"line":3,"column":0},"end":{"line":3,"column":64}},"2":{"start":{"line":4,"column":0},"end":{"line":4,"column":60}},"3":{"start":{"line":11,"column":27},"end":{"line":82,"column":1}},"4":{"start":{"line":15,"column":4},"end":{"line":81,"column":null}},"5":{"start":{"line":16,"column":49},"end":{"line":16,"column":57}},"6":{"start":{"line":19,"column":8},"end":{"line":25,"column":null}},"7":{"start":{"line":20,"column":12},"end":{"line":23,"column":15}},"8":{"start":{"line":24,"column":12},"end":{"line":24,"column":19}},"9":{"start":{"line":28,"column":8},"end":{"line":34,"column":null}},"10":{"start":{"line":29,"column":12},"end":{"line":32,"column":15}},"11":{"start":{"line":33,"column":12},"end":{"line":33,"column":19}},"12":{"start":{"line":37,"column":29},"end":{"line":39,"column":10}},"13":{"start":{"line":41,"column":8},"end":{"line":47,"column":null}},"14":{"start":{"line":42,"column":12},"end":{"line":45,"column":15}},"15":{"start":{"line":46,"column":12},"end":{"line":46,"column":19}},"16":{"start":{"line":50,"column":30},"end":{"line":50,"column":54}},"17":{"start":{"line":53,"column":24},"end":{"line":60,"column":10}},"18":{"start":{"line":63,"column":8},"end":{"line":63,"column":70}},"19":{"start":{"line":65,"column":8},"end":{"line":74,"column":11}},"20":{"start":{"line":76,"column":8},"end":{"line":76,"column":52}},"21":{"start":{"line":77,"column":8},"end":{"line":80,"column":11}},"22":{"start":{"line":11,"column":13},"end":{"line":11,"column":27}}},"fnMap":{"0":{"name":"(anonymous_0)","decl":{"start":{"line":11,"column":27},"end":{"line":11,"column":32}},"loc":{"start":{"line":14,"column":19},"end":{"line":82,"column":1}}}},"branchMap":{"0":{"loc":{"start":{"line":19,"column":8},"end":{"line":25,"column":null}},"type":"if","locations":[{"start":{"line":19,"column":8},"end":{"line":25,"column":null}},{"start":{},"end":{}}]},"1":{"loc":{"start":{"line":19,"column":12},"end":{"line":19,"column":40}},"type":"binary-expr","locations":[{"start":{"line":19,"column":12},"end":{"line":19,"column":21}},{"start":{"line":19,"column":25},"end":{"line":19,"column":31}},{"start":{"line":19,"column":35},"end":{"line":19,"column":40}}]},"2":{"loc":{"start":{"line":28,"column":8},"end":{"line":34,"column":null}},"type":"if","locations":[{"start":{"line":28,"column":8},"end":{"line":34,"column":null}},{"start":{},"end":{}}]},"3":{"loc":{"start":{"line":28,"column":12},"end":{"line":28,"column":54}},"type":"binary-expr","locations":[{"start":{"line":28,"column":12},"end":{"line":28,"column":29}},{"start":{"line":28,"column":33},"end":{"line":28,"column":54}}]},"4":{"loc":{"start":{"line":41,"column":8},"end":{"line":47,"column":null}},"type":"if","locations":[{"start":{"line":41,"column":8},"end":{"line":47,"column":null}},{"start":{},"end":{}}]},"5":{"loc":{"start":{"line":79,"column":21},"end":{"line":79,"column":69}},"type":"binary-expr","locations":[{"start":{"line":79,"column":21},"end":{"line":79,"column":34}},{"start":{"line":79,"column":38},"end":{"line":79,"column":69}}]}},"s":{"0":13,"1":13,"2":13,"3":13,"4":7,"5":7,"6":7,"7":7,"8":7,"9":0,"10":0,"11":0,"12":0,"13":0,"14":0,"15":0,"16":0,"17":0,"18":0,"19":0,"20":0,"21":0,"22":13},"f":{"0":7},"b":{"0":[7,0],"1":[7,7,7],"2":[0,0],"3":[0,0],"4":[0,0],"5":[0,0]}}
,"C:\\Users\\Yash Srivastava\\OneDrive\\Desktop\\Digital-diary-api-me\\Digital-Diary-API\\src\\controllers\\audit.controller.ts": {"path":"C:\\Users\\Yash Srivastava\\OneDrive\\Desktop\\Digital-diary-api-me\\Digital-Diary-API\\src\\controllers\\audit.controller.ts","statementMap":{"0":{"start":{"line":2,"column":0},"end":{"line":2,"column":56}},"1":{"start":{"line":3,"column":0},"end":{"line":3,"column":60}},"2":{"start":{"line":12,"column":4},"end":{"line":42,"column":null}},"3":{"start":{"line":13,"column":19},"end":{"line":13,"column":33}},"4":{"start":{"line":15,"column":6},"end":{"line":17,"column":null}},"5":{"start":{"line":16,"column":8},"end":{"line":16,"column":76}},"6":{"start":{"line":27,"column":10},"end":{"line":27,"column":19}},"7":{"start":{"line":29,"column":21},"end":{"line":37,"column":8}},"8":{"start":{"line":39,"column":6},"end":{"line":39,"column":74}},"9":{"start":{"line":41,"column":6},"end":{"line":41,"column":43}},"10":{"start":{"line":50,"column":4},"end":{"line":69,"column":null}},"11":{"start":{"line":51,"column":19},"end":{"line":51,"column":33}},"12":{"start":{"line":53,"column":6},"end":{"line":55,"column":null}},"13":{"start":{"line":54,"column":8},"end":{"line":54,"column":81}},"14":{"start":{"line":57,"column":21},"end":{"line":57,"column":48}},"15":{"start":{"line":58,"column":30},"end":{"line":58,"column":39}},"16":{"start":{"line":60,"column":21},"end":{"line":63,"column":null}},"17":{"start":{"line":66,"column":6},"end":{"line":66,"column":79}},"18":{"start":{"line":68,"column":6},"end":{"line":68,"column":43}},"19":{"start":{"line":77,"column":4},"end":{"line":94,"column":null}},"20":{"start":{"line":78,"column":19},"end":{"line":78,"column":33}},"21":{"start":{"line":80,"column":6},"end":{"line":82,"column":null}},"22":{"start":{"line":81,"column":8},"end":{"line":81,"column":82}},"23":{"start":{"line":84,"column":37},"end":{"line":84,"column":46}},"24":{"start":{"line":86,"column":20},"end":{"line":88,"column":null}},"25":{"start":{"line":91,"column":6},"end":{"line":91,"column":79}},"26":{"start":{"line":93,"column":6},"end":{"line":93,"column":43}},"27":{"start":{"line":102,"column":4},"end":{"line":124,"column":null}},"28":{"start":{"line":103,"column":19},"end":{"line":103,"column":33}},"29":{"start":{"line":105,"column":6},"end":{"line":107,"column":null}},"30":{"start":{"line":106,"column":8},"end":{"line":106,"column":78}},"31":{"start":{"line":109,"column":33},"end":{"line":109,"column":42}},"32":{"start":{"line":111,"column":6},"end":{"line":113,"column":null}},"33":{"start":{"line":112,"column":8},"end":{"line":112,"column":67}},"34":{"start":{"line":115,"column":21},"end":{"line":118,"column":null}},"35":{"start":{"line":121,"column":6},"end":{"line":121,"column":70}},"36":{"start":{"line":123,"column":6},"end":{"line":123,"column":43}},"37":{"start":{"line":128,"column":13},"end":{"line":128,"column":53}}},"fnMap":{"0":{"name":"(anonymous_0)","decl":{"start":{"line":11,"column":2},"end":{"line":11,"column":7}},"loc":{"start":{"line":11,"column":55},"end":{"line":43,"column":3}}},"1":{"name":"(anonymous_1)","decl":{"start":{"line":49,"column":2},"end":{"line":49,"column":7}},"loc":{"start":{"line":49,"column":56},"end":{"line":70,"column":3}}},"2":{"name":"(anonymous_2)","decl":{"start":{"line":76,"column":2},"end":{"line":76,"column":7}},"loc":{"start":{"line":76,"column":53},"end":{"line":95,"column":3}}},"3":{"name":"(anonymous_3)","decl":{"start":{"line":101,"column":2},"end":{"line":101,"column":7}},"loc":{"start":{"line":101,"column":55},"end":{"line":125,"column":3}}}},"branchMap":{"0":{"loc":{"start":{"line":15,"column":6},"end":{"line":17,"column":null}},"type":"if","locations":[{"start":{"line":15,"column":6},"end":{"line":17,"column":null}},{"start":{},"end":{}}]},"1":{"loc":{"start":{"line":30,"column":14},"end":{"line":30,"column":45}},"type":"cond-expr","locations":[{"start":{"line":30,"column":21},"end":{"line":30,"column":33}},{"start":{"line":30,"column":36},"end":{"line":30,"column":45}}]},"2":{"loc":{"start":{"line":31,"column":15},"end":{"line":31,"column":48}},"type":"cond-expr","locations":[{"start":{"line":31,"column":23},"end":{"line":31,"column":36}},{"start":{"line":31,"column":39},"end":{"line":31,"column":48}}]},"3":{"loc":{"start":{"line":34,"column":19},"end":{"line":34,"column":72}},"type":"cond-expr","locations":[{"start":{"line":34,"column":31},"end":{"line":34,"column":60}},{"start":{"line":34,"column":63},"end":{"line":34,"column":72}}]},"4":{"loc":{"start":{"line":35,"column":17},"end":{"line":35,"column":66}},"type":"cond-expr","locations":[{"start":{"line":35,"column":27},"end":{"line":35,"column":54}},{"start":{"line":35,"column":57},"end":{"line":35,"column":66}}]},"5":{"loc":{"start":{"line":53,"column":6},"end":{"line":55,"column":null}},"type":"if","locations":[{"start":{"line":53,"column":6},"end":{"line":55,"column":null}},{"start":{},"end":{}}]},"6":{"loc":{"start":{"line":62,"column":8},"end":{"line":62,"column":39}},"type":"cond-expr","locations":[{"start":{"line":62,"column":15},"end":{"line":62,"column":27}},{"start":{"line":62,"column":30},"end":{"line":62,"column":39}}]},"7":{"loc":{"start":{"line":63,"column":8},"end":{"line":63,"column":41}},"type":"cond-expr","locations":[{"start":{"line":63,"column":16},"end":{"line":63,"column":29}},{"start":{"line":63,"column":32},"end":{"line":63,"column":41}}]},"8":{"loc":{"start":{"line":80,"column":6},"end":{"line":82,"column":null}},"type":"if","locations":[{"start":{"line":80,"column":6},"end":{"line":82,"column":null}},{"start":{},"end":{}}]},"9":{"loc":{"start":{"line":87,"column":8},"end":{"line":87,"column":61}},"type":"cond-expr","locations":[{"start":{"line":87,"column":20},"end":{"line":87,"column":49}},{"start":{"line":87,"column":52},"end":{"line":87,"column":61}}]},"10":{"loc":{"start":{"line":88,"column":8},"end":{"line":88,"column":57}},"type":"cond-expr","locations":[{"start":{"line":88,"column":18},"end":{"line":88,"column":45}},{"start":{"line":88,"column":48},"end":{"line":88,"column":57}}]},"11":{"loc":{"start":{"line":105,"column":6},"end":{"line":107,"column":null}},"type":"if","locations":[{"start":{"line":105,"column":6},"end":{"line":107,"column":null}},{"start":{},"end":{}}]},"12":{"loc":{"start":{"line":111,"column":6},"end":{"line":113,"column":null}},"type":"if","locations":[{"start":{"line":111,"column":6},"end":{"line":113,"column":null}},{"start":{},"end":{}}]},"13":{"loc":{"start":{"line":117,"column":8},"end":{"line":117,"column":39}},"type":"cond-expr","locations":[{"start":{"line":117,"column":15},"end":{"line":117,"column":27}},{"start":{"line":117,"column":30},"end":{"line":117,"column":39}}]},"14":{"loc":{"start":{"line":118,"column":8},"end":{"line":118,"column":41}},"type":"cond-expr","locations":[{"start":{"line":118,"column":16},"end":{"line":118,"column":29}},{"start":{"line":118,"column":32},"end":{"line":118,"column":41}}]}},"s":{"0":13,"1":13,"2":0,"3":0,"4":0,"5":0,"6":0,"7":0,"8":0,"9":0,"10":0,"11":0,"12":0,"13":0,"14":0,"15":0,"16":0,"17":0,"18":0,"19":0,"20":0,"21":0,"22":0,"23":0,"24":0,"25":0,"26":0,"27":0,"28":0,"29":0,"30":0,"31":0,"32":0,"33":0,"34":0,"35":0,"36":0,"37":13},"f":{"0":0,"1":0,"2":0,"3":0},"b":{"0":[0,0],"1":[0,0],"2":[0,0],"3":[0,0],"4":[0,0],"5":[0,0],"6":[0,0],"7":[0,0],"8":[0,0],"9":[0,0],"10":[0,0],"11":[0,0],"12":[0,0],"13":[0,0],"14":[0,0]}}
,"C:\\Users\\Yash Srivastava\\OneDrive\\Desktop\\Digital-diary-api-me\\Digital-Diary-API\\src\\controllers\\auth.controller.ts": {"path":"C:\\Users\\Yash Srivastava\\OneDrive\\Desktop\\Digital-diary-api-me\\Digital-Diary-API\\src\\controllers\\auth.controller.ts","statementMap":{"0":{"start":{"line":2,"column":0},"end":{"line":2,"column":60}},"1":{"start":{"line":3,"column":0},"end":{"line":3,"column":60}},"2":{"start":{"line":8,"column":4},"end":{"line":21,"column":null}},"3":{"start":{"line":9,"column":21},"end":{"line":9,"column":63}},"4":{"start":{"line":11,"column":6},"end":{"line":18,"column":9}},"5":{"start":{"line":20,"column":6},"end":{"line":20,"column":62}},"6":{"start":{"line":25,"column":4},"end":{"line":41,"column":null}},"7":{"start":{"line":26,"column":34},"end":{"line":26,"column":42}},"8":{"start":{"line":28,"column":21},"end":{"line":28,"column":67}},"9":{"start":{"line":30,"column":6},"end":{"line":38,"column":9}},"10":{"start":{"line":40,"column":6},"end":{"line":40,"column":62}},"11":{"start":{"line":49,"column":4},"end":{"line":61,"column":null}},"12":{"start":{"line":50,"column":21},"end":{"line":50,"column":33}},"13":{"start":{"line":52,"column":6},"end":{"line":54,"column":null}},"14":{"start":{"line":53,"column":8},"end":{"line":53,"column":51}},"15":{"start":{"line":56,"column":19},"end":{"line":56,"column":65}},"16":{"start":{"line":58,"column":6},"end":{"line":58,"column":74}},"17":{"start":{"line":60,"column":6},"end":{"line":60,"column":48}},"18":{"start":{"line":69,"column":4},"end":{"line":81,"column":null}},"19":{"start":{"line":70,"column":21},"end":{"line":70,"column":33}},"20":{"start":{"line":72,"column":6},"end":{"line":74,"column":null}},"21":{"start":{"line":73,"column":8},"end":{"line":73,"column":51}},"22":{"start":{"line":76,"column":21},"end":{"line":76,"column":59}},"23":{"start":{"line":78,"column":6},"end":{"line":78,"column":66}},"24":{"start":{"line":80,"column":6},"end":{"line":80,"column":43}},"25":{"start":{"line":89,"column":4},"end":{"line":101,"column":null}},"26":{"start":{"line":90,"column":24},"end":{"line":90,"column":32}},"27":{"start":{"line":92,"column":6},"end":{"line":94,"column":null}},"28":{"start":{"line":93,"column":8},"end":{"line":93,"column":56}},"29":{"start":{"line":96,"column":21},"end":{"line":96,"column":64}},"30":{"start":{"line":98,"column":6},"end":{"line":98,"column":71}},"31":{"start":{"line":100,"column":6},"end":{"line":100,"column":48}},"32":{"start":{"line":109,"column":4},"end":{"line":121,"column":null}},"33":{"start":{"line":110,"column":24},"end":{"line":110,"column":32}},"34":{"start":{"line":112,"column":6},"end":{"line":114,"column":null}},"35":{"start":{"line":113,"column":8},"end":{"line":113,"column":56}},"36":{"start":{"line":116,"column":21},"end":{"line":116,"column":66}},"37":{"start":{"line":118,"column":6},"end":{"line":118,"column":75}},"38":{"start":{"line":120,"column":6},"end":{"line":120,"column":43}},"39":{"start":{"line":129,"column":4},"end":{"line":145,"column":null}},"40":{"start":{"line":130,"column":42},"end":{"line":130,"column":50}},"41":{"start":{"line":132,"column":6},"end":{"line":134,"column":null}},"42":{"start":{"line":133,"column":8},"end":{"line":133,"column":78}},"43":{"start":{"line":136,"column":6},"end":{"line":138,"column":null}},"44":{"start":{"line":137,"column":8},"end":{"line":137,"column":77}},"45":{"start":{"line":140,"column":21},"end":{"line":140,"column":83}},"46":{"start":{"line":142,"column":6},"end":{"line":142,"column":70}},"47":{"start":{"line":144,"column":6},"end":{"line":144,"column":48}},"48":{"start":{"line":6,"column":0},"end":{"line":6,"column":13}}},"fnMap":{"0":{"name":"(anonymous_0)","decl":{"start":{"line":7,"column":2},"end":{"line":7,"column":8}},"loc":{"start":{"line":7,"column":51},"end":{"line":22,"column":3}}},"1":{"name":"(anonymous_1)","decl":{"start":{"line":24,"column":2},"end":{"line":24,"column":8}},"loc":{"start":{"line":24,"column":48},"end":{"line":42,"column":3}}},"2":{"name":"(anonymous_2)","decl":{"start":{"line":48,"column":2},"end":{"line":48,"column":8}},"loc":{"start":{"line":48,"column":61},"end":{"line":62,"column":3}}},"3":{"name":"(anonymous_3)","decl":{"start":{"line":68,"column":2},"end":{"line":68,"column":8}},"loc":{"start":{"line":68,"column":53},"end":{"line":82,"column":3}}},"4":{"name":"(anonymous_4)","decl":{"start":{"line":88,"column":2},"end":{"line":88,"column":8}},"loc":{"start":{"line":88,"column":55},"end":{"line":102,"column":3}}},"5":{"name":"(anonymous_5)","decl":{"start":{"line":108,"column":2},"end":{"line":108,"column":8}},"loc":{"start":{"line":108,"column":57},"end":{"line":122,"column":3}}},"6":{"name":"(anonymous_6)","decl":{"start":{"line":128,"column":2},"end":{"line":128,"column":8}},"loc":{"start":{"line":128,"column":56},"end":{"line":146,"column":3}}}},"branchMap":{"0":{"loc":{"start":{"line":52,"column":6},"end":{"line":54,"column":null}},"type":"if","locations":[{"start":{"line":52,"column":6},"end":{"line":54,"column":null}},{"start":{},"end":{}}]},"1":{"loc":{"start":{"line":72,"column":6},"end":{"line":74,"column":null}},"type":"if","locations":[{"start":{"line":72,"column":6},"end":{"line":74,"column":null}},{"start":{},"end":{}}]},"2":{"loc":{"start":{"line":92,"column":6},"end":{"line":94,"column":null}},"type":"if","locations":[{"start":{"line":92,"column":6},"end":{"line":94,"column":null}},{"start":{},"end":{}}]},"3":{"loc":{"start":{"line":112,"column":6},"end":{"line":114,"column":null}},"type":"if","locations":[{"start":{"line":112,"column":6},"end":{"line":114,"column":null}},{"start":{},"end":{}}]},"4":{"loc":{"start":{"line":132,"column":6},"end":{"line":134,"column":null}},"type":"if","locations":[{"start":{"line":132,"column":6},"end":{"line":134,"column":null}},{"start":{},"end":{}}]},"5":{"loc":{"start":{"line":132,"column":10},"end":{"line":132,"column":37}},"type":"binary-expr","locations":[{"start":{"line":132,"column":10},"end":{"line":132,"column":21}},{"start":{"line":132,"column":25},"end":{"line":132,"column":37}}]},"6":{"loc":{"start":{"line":136,"column":6},"end":{"line":138,"column":null}},"type":"if","locations":[{"start":{"line":136,"column":6},"end":{"line":138,"column":null}},{"start":{},"end":{}}]}},"s":{"0":13,"1":13,"2":0,"3":0,"4":0,"5":0,"6":0,"7":0,"8":0,"9":0,"10":0,"11":1,"12":1,"13":1,"14":0,"15":1,"16":0,"17":1,"18":1,"19":1,"20":1,"21":0,"22":1,"23":1,"24":0,"25":1,"26":1,"27":1,"28":0,"29":1,"30":1,"31":0,"32":2,"33":2,"34":2,"35":0,"36":2,"37":2,"38":0,"39":1,"40":1,"41":1,"42":0,"43":1,"44":0,"45":1,"46":0,"47":1,"48":13},"f":{"0":0,"1":0,"2":1,"3":1,"4":1,"5":2,"6":1},"b":{"0":[0,1],"1":[0,1],"2":[0,1],"3":[0,2],"4":[0,1],"5":[1,1],"6":[0,1]}}
,"C:\\Users\\Yash Srivastava\\OneDrive\\Desktop\\Digital-diary-api-me\\Digital-Diary-API\\src\\controllers\\clinic.controller.ts": {"path":"C:\\Users\\Yash Srivastava\\OneDrive\\Desktop\\Digital-diary-api-me\\Digital-Diary-API\\src\\controllers\\clinic.controller.ts","statementMap":{"0":{"start":{"line":2,"column":0},"end":{"line":2,"column":44}},"1":{"start":{"line":10,"column":31},"end":{"line":98,"column":1}},"2":{"start":{"line":14,"column":4},"end":{"line":97,"column":null}},"3":{"start":{"line":15,"column":70},"end":{"line":15,"column":78}},"4":{"start":{"line":18,"column":8},"end":{"line":24,"column":null}},"5":{"start":{"line":19,"column":12},"end":{"line":22,"column":15}},"6":{"start":{"line":23,"column":12},"end":{"line":23,"column":19}},"7":{"start":{"line":27,"column":32},"end":{"line":29,"column":10}},"8":{"start":{"line":31,"column":8},"end":{"line":37,"column":null}},"9":{"start":{"line":32,"column":12},"end":{"line":35,"column":15}},"10":{"start":{"line":36,"column":12},"end":{"line":36,"column":19}},"11":{"start":{"line":42,"column":8},"end":{"line":61,"column":null}},"12":{"start":{"line":44,"column":12},"end":{"line":50,"column":null}},"13":{"start":{"line":45,"column":16},"end":{"line":48,"column":19}},"14":{"start":{"line":49,"column":16},"end":{"line":49,"column":23}},"15":{"start":{"line":51,"column":12},"end":{"line":51,"column":42}},"16":{"start":{"line":52,"column":15},"end":{"line":61,"column":null}},"17":{"start":{"line":54,"column":12},"end":{"line":54,"column":36}},"18":{"start":{"line":56,"column":12},"end":{"line":59,"column":15}},"19":{"start":{"line":60,"column":12},"end":{"line":60,"column":19}},"20":{"start":{"line":64,"column":27},"end":{"line":73,"column":10}},"21":{"start":{"line":75,"column":8},"end":{"line":90,"column":11}},"22":{"start":{"line":92,"column":8},"end":{"line":92,"column":56}},"23":{"start":{"line":93,"column":8},"end":{"line":96,"column":11}},"24":{"start":{"line":10,"column":13},"end":{"line":10,"column":31}}},"fnMap":{"0":{"name":"(anonymous_0)","decl":{"start":{"line":10,"column":31},"end":{"line":10,"column":36}},"loc":{"start":{"line":13,"column":19},"end":{"line":98,"column":1}}}},"branchMap":{"0":{"loc":{"start":{"line":18,"column":8},"end":{"line":24,"column":null}},"type":"if","locations":[{"start":{"line":18,"column":8},"end":{"line":24,"column":null}},{"start":{},"end":{}}]},"1":{"loc":{"start":{"line":18,"column":12},"end":{"line":18,"column":35}},"type":"binary-expr","locations":[{"start":{"line":18,"column":12},"end":{"line":18,"column":22}},{"start":{"line":18,"column":26},"end":{"line":18,"column":35}}]},"2":{"loc":{"start":{"line":31,"column":8},"end":{"line":37,"column":null}},"type":"if","locations":[{"start":{"line":31,"column":8},"end":{"line":37,"column":null}},{"start":{},"end":{}}]},"3":{"loc":{"start":{"line":42,"column":8},"end":{"line":61,"column":null}},"type":"if","locations":[{"start":{"line":42,"column":8},"end":{"line":61,"column":null}},{"start":{"line":52,"column":15},"end":{"line":61,"column":null}}]},"4":{"loc":{"start":{"line":44,"column":12},"end":{"line":50,"column":null}},"type":"if","locations":[{"start":{"line":44,"column":12},"end":{"line":50,"column":null}},{"start":{},"end":{}}]},"5":{"loc":{"start":{"line":52,"column":15},"end":{"line":61,"column":null}},"type":"if","locations":[{"start":{"line":52,"column":15},"end":{"line":61,"column":null}},{"start":{"line":55,"column":15},"end":{"line":61,"column":null}}]},"6":{"loc":{"start":{"line":95,"column":21},"end":{"line":95,"column":66}},"type":"binary-expr","locations":[{"start":{"line":95,"column":21},"end":{"line":95,"column":34}},{"start":{"line":95,"column":38},"end":{"line":95,"column":66}}]}},"s":{"0":13,"1":13,"2":0,"3":0,"4":0,"5":0,"6":0,"7":0,"8":0,"9":0,"10":0,"11":0,"12":0,"13":0,"14":0,"15":0,"16":0,"17":0,"18":0,"19":0,"20":0,"21":0,"22":0,"23":0,"24":13},"f":{"0":0},"b":{"0":[0,0],"1":[0,0],"2":[0,0],"3":[0,0],"4":[0,0],"5":[0,0],"6":[0,0]}}
,"C:\\Users\\Yash Srivastava\\OneDrive\\Desktop\\Digital-diary-api-me\\Digital-Diary-API\\src\\controllers\\dashboard.controller.ts": {"path":"C:\\Users\\Yash Srivastava\\OneDrive\\Desktop\\Digital-diary-api-me\\Digital-Diary-API\\src\\controllers\\dashboard.controller.ts","statementMap":{"0":{"start":{"line":2,"column":0},"end":{"line":2,"column":44}},"1":{"start":{"line":3,"column":0},"end":{"line":3,"column":44}},"2":{"start":{"line":5,"column":0},"end":{"line":5,"column":64}},"3":{"start":{"line":6,"column":0},"end":{"line":6,"column":60}},"4":{"start":{"line":16,"column":27},"end":{"line":99,"column":1}},"5":{"start":{"line":20,"column":4},"end":{"line":98,"column":null}},"6":{"start":{"line":21,"column":57},"end":{"line":21,"column":66}},"7":{"start":{"line":23,"column":23},"end":{"line":23,"column":57}},"8":{"start":{"line":25,"column":31},"end":{"line":25,"column":33}},"9":{"start":{"line":28,"column":8},"end":{"line":50,"column":null}},"10":{"start":{"line":30,"column":12},"end":{"line":30,"column":48}},"11":{"start":{"line":31,"column":15},"end":{"line":50,"column":null}},"12":{"start":{"line":33,"column":12},"end":{"line":39,"column":null}},"13":{"start":{"line":34,"column":16},"end":{"line":37,"column":19}},"14":{"start":{"line":38,"column":16},"end":{"line":38,"column":23}},"15":{"start":{"line":40,"column":12},"end":{"line":40,"column":54}},"16":{"start":{"line":41,"column":15},"end":{"line":50,"column":null}},"17":{"start":{"line":45,"column":12},"end":{"line":48,"column":15}},"18":{"start":{"line":49,"column":12},"end":{"line":49,"column":19}},"19":{"start":{"line":53,"column":8},"end":{"line":55,"column":null}},"20":{"start":{"line":54,"column":12},"end":{"line":54,"column":40}},"21":{"start":{"line":58,"column":8},"end":{"line":62,"column":null}},"22":{"start":{"line":59,"column":12},"end":{"line":61,"column":14}},"23":{"start":{"line":65,"column":49},"end":{"line":77,"column":10}},"24":{"start":{"line":79,"column":8},"end":{"line":91,"column":11}},"25":{"start":{"line":93,"column":8},"end":{"line":93,"column":52}},"26":{"start":{"line":94,"column":8},"end":{"line":97,"column":11}},"27":{"start":{"line":16,"column":13},"end":{"line":16,"column":27}},"28":{"start":{"line":105,"column":38},"end":{"line":122,"column":1}},"29":{"start":{"line":109,"column":4},"end":{"line":121,"column":null}},"30":{"start":{"line":110,"column":21},"end":{"line":110,"column":35}},"31":{"start":{"line":112,"column":8},"end":{"line":115,"column":null}},"32":{"start":{"line":113,"column":12},"end":{"line":113,"column":93}},"33":{"start":{"line":114,"column":12},"end":{"line":114,"column":19}},"34":{"start":{"line":117,"column":22},"end":{"line":117,"column":69}},"35":{"start":{"line":118,"column":8},"end":{"line":118,"column":79}},"36":{"start":{"line":120,"column":8},"end":{"line":120,"column":38}},"37":{"start":{"line":105,"column":13},"end":{"line":105,"column":38}},"38":{"start":{"line":128,"column":34},"end":{"line":146,"column":1}},"39":{"start":{"line":132,"column":4},"end":{"line":145,"column":null}},"40":{"start":{"line":133,"column":25},"end":{"line":133,"column":37}},"41":{"start":{"line":134,"column":21},"end":{"line":134,"column":35}},"42":{"start":{"line":136,"column":8},"end":{"line":139,"column":null}},"43":{"start":{"line":137,"column":12},"end":{"line":137,"column":88}},"44":{"start":{"line":138,"column":12},"end":{"line":138,"column":19}},"45":{"start":{"line":141,"column":22},"end":{"line":141,"column":73}},"46":{"start":{"line":142,"column":8},"end":{"line":142,"column":74}},"47":{"start":{"line":144,"column":8},"end":{"line":144,"column":38}},"48":{"start":{"line":128,"column":13},"end":{"line":128,"column":34}},"49":{"start":{"line":152,"column":34},"end":{"line":170,"column":1}},"50":{"start":{"line":156,"column":4},"end":{"line":169,"column":null}},"51":{"start":{"line":157,"column":25},"end":{"line":157,"column":37}},"52":{"start":{"line":158,"column":21},"end":{"line":158,"column":35}},"53":{"start":{"line":160,"column":8},"end":{"line":163,"column":null}},"54":{"start":{"line":161,"column":12},"end":{"line":161,"column":88}},"55":{"start":{"line":162,"column":12},"end":{"line":162,"column":19}},"56":{"start":{"line":165,"column":22},"end":{"line":165,"column":73}},"57":{"start":{"line":166,"column":8},"end":{"line":166,"column":74}},"58":{"start":{"line":168,"column":8},"end":{"line":168,"column":38}},"59":{"start":{"line":152,"column":13},"end":{"line":152,"column":34}},"60":{"start":{"line":176,"column":37},"end":{"line":194,"column":1}},"61":{"start":{"line":180,"column":4},"end":{"line":193,"column":null}},"62":{"start":{"line":181,"column":28},"end":{"line":181,"column":40}},"63":{"start":{"line":182,"column":21},"end":{"line":182,"column":35}},"64":{"start":{"line":184,"column":8},"end":{"line":187,"column":null}},"65":{"start":{"line":185,"column":12},"end":{"line":185,"column":91}},"66":{"start":{"line":186,"column":12},"end":{"line":186,"column":19}},"67":{"start":{"line":189,"column":22},"end":{"line":189,"column":79}},"68":{"start":{"line":190,"column":8},"end":{"line":190,"column":77}},"69":{"start":{"line":192,"column":8},"end":{"line":192,"column":38}},"70":{"start":{"line":176,"column":13},"end":{"line":176,"column":37}}},"fnMap":{"0":{"name":"(anonymous_0)","decl":{"start":{"line":16,"column":27},"end":{"line":16,"column":32}},"loc":{"start":{"line":19,"column":19},"end":{"line":99,"column":1}}},"1":{"name":"(anonymous_1)","decl":{"start":{"line":105,"column":38},"end":{"line":105,"column":43}},"loc":{"start":{"line":108,"column":19},"end":{"line":122,"column":1}}},"2":{"name":"(anonymous_2)","decl":{"start":{"line":128,"column":34},"end":{"line":128,"column":39}},"loc":{"start":{"line":131,"column":19},"end":{"line":146,"column":1}}},"3":{"name":"(anonymous_3)","decl":{"start":{"line":152,"column":34},"end":{"line":152,"column":39}},"loc":{"start":{"line":155,"column":19},"end":{"line":170,"column":1}}},"4":{"name":"(anonymous_4)","decl":{"start":{"line":176,"column":37},"end":{"line":176,"column":42}},"loc":{"start":{"line":179,"column":19},"end":{"line":194,"column":1}}}},"branchMap":{"0":{"loc":{"start":{"line":21,"column":16},"end":{"line":21,"column":24}},"type":"default-arg","locations":[{"start":{"line":21,"column":23},"end":{"line":21,"column":24}}]},"1":{"loc":{"start":{"line":21,"column":26},"end":{"line":21,"column":36}},"type":"default-arg","locations":[{"start":{"line":21,"column":34},"end":{"line":21,"column":36}}]},"2":{"loc":{"start":{"line":28,"column":8},"end":{"line":50,"column":null}},"type":"if","locations":[{"start":{"line":28,"column":8},"end":{"line":50,"column":null}},{"start":{"line":31,"column":15},"end":{"line":50,"column":null}}]},"3":{"loc":{"start":{"line":31,"column":15},"end":{"line":50,"column":null}},"type":"if","locations":[{"start":{"line":31,"column":15},"end":{"line":50,"column":null}},{"start":{"line":41,"column":15},"end":{"line":50,"column":null}}]},"4":{"loc":{"start":{"line":33,"column":12},"end":{"line":39,"column":null}},"type":"if","locations":[{"start":{"line":33,"column":12},"end":{"line":39,"column":null}},{"start":{},"end":{}}]},"5":{"loc":{"start":{"line":41,"column":15},"end":{"line":50,"column":null}},"type":"if","locations":[{"start":{"line":41,"column":15},"end":{"line":50,"column":null}},{"start":{"line":44,"column":15},"end":{"line":50,"column":null}}]},"6":{"loc":{"start":{"line":53,"column":8},"end":{"line":55,"column":null}},"type":"if","locations":[{"start":{"line":53,"column":8},"end":{"line":55,"column":null}},{"start":{},"end":{}}]},"7":{"loc":{"start":{"line":58,"column":8},"end":{"line":62,"column":null}},"type":"if","locations":[{"start":{"line":58,"column":8},"end":{"line":62,"column":null}},{"start":{},"end":{}}]},"8":{"loc":{"start":{"line":96,"column":21},"end":{"line":96,"column":67}},"type":"binary-expr","locations":[{"start":{"line":96,"column":21},"end":{"line":96,"column":34}},{"start":{"line":96,"column":38},"end":{"line":96,"column":67}}]},"9":{"loc":{"start":{"line":112,"column":8},"end":{"line":115,"column":null}},"type":"if","locations":[{"start":{"line":112,"column":8},"end":{"line":115,"column":null}},{"start":{},"end":{}}]},"10":{"loc":{"start":{"line":136,"column":8},"end":{"line":139,"column":null}},"type":"if","locations":[{"start":{"line":136,"column":8},"end":{"line":139,"column":null}},{"start":{},"end":{}}]},"11":{"loc":{"start":{"line":136,"column":12},"end":{"line":136,"column":42}},"type":"binary-expr","locations":[{"start":{"line":136,"column":12},"end":{"line":136,"column":21}},{"start":{"line":136,"column":25},"end":{"line":136,"column":42}}]},"12":{"loc":{"start":{"line":160,"column":8},"end":{"line":163,"column":null}},"type":"if","locations":[{"start":{"line":160,"column":8},"end":{"line":163,"column":null}},{"start":{},"end":{}}]},"13":{"loc":{"start":{"line":160,"column":12},"end":{"line":160,"column":42}},"type":"binary-expr","locations":[{"start":{"line":160,"column":12},"end":{"line":160,"column":21}},{"start":{"line":160,"column":25},"end":{"line":160,"column":42}}]},"14":{"loc":{"start":{"line":184,"column":8},"end":{"line":187,"column":null}},"type":"if","locations":[{"start":{"line":184,"column":8},"end":{"line":187,"column":null}},{"start":{},"end":{}}]},"15":{"loc":{"start":{"line":184,"column":12},"end":{"line":184,"column":48}},"type":"binary-expr","locations":[{"start":{"line":184,"column":12},"end":{"line":184,"column":24}},{"start":{"line":184,"column":28},"end":{"line":184,"column":48}}]}},"s":{"0":13,"1":13,"2":13,"3":13,"4":13,"5":0,"6":0,"7":0,"8":0,"9":0,"10":0,"11":0,"12":0,"13":0,"14":0,"15":0,"16":0,"17":0,"18":0,"19":0,"20":0,"21":0,"22":0,"23":0,"24":0,"25":0,"26":0,"27":13,"28":13,"29":0,"30":0,"31":0,"32":0,"33":0,"34":0,"35":0,"36":0,"37":13,"38":13,"39":0,"40":0,"41":0,"42":0,"43":0,"44":0,"45":0,"46":0,"47":0,"48":13,"49":13,"50":0,"51":0,"52":0,"53":0,"54":0,"55":0,"56":0,"57":0,"58":0,"59":13,"60":13,"61":0,"62":0,"63":0,"64":0,"65":0,"66":0,"67":0,"68":0,"69":0,"70":13},"f":{"0":0,"1":0,"2":0,"3":0,"4":0},"b":{"0":[0],"1":[0],"2":[0,0],"3":[0,0],"4":[0,0],"5":[0,0],"6":[0,0],"7":[0,0],"8":[0,0],"9":[0,0],"10":[0,0],"11":[0,0],"12":[0,0],"13":[0,0],"14":[0,0],"15":[0,0]}}
,"C:\\Users\\Yash Srivastava\\OneDrive\\Desktop\\Digital-diary-api-me\\Digital-Diary-API\\src\\controllers\\diary.controller.ts": {"path":"C:\\Users\\Yash Srivastava\\OneDrive\\Desktop\\Digital-diary-api-me\\Digital-Diary-API\\src\\controllers\\diary.controller.ts","statementMap":{"0":{"start":{"line":2,"column":0},"end":{"line":2,"column":56}},"1":{"start":{"line":3,"column":0},"end":{"line":3,"column":60}},"2":{"start":{"line":5,"column":21},"end":{"line":5,"column":39}},"3":{"start":{"line":12,"column":4},"end":{"line":24,"column":null}},"4":{"start":{"line":13,"column":38},"end":{"line":13,"column":46}},"5":{"start":{"line":15,"column":6},"end":{"line":17,"column":null}},"6":{"start":{"line":16,"column":8},"end":{"line":16,"column":59}},"7":{"start":{"line":19,"column":21},"end":{"line":19,"column":76}},"8":{"start":{"line":21,"column":6},"end":{"line":21,"column":78}},"9":{"start":{"line":23,"column":6},"end":{"line":23,"column":78}},"10":{"start":{"line":31,"column":4},"end":{"line":45,"column":null}},"11":{"start":{"line":32,"column":56},"end":{"line":32,"column":65}},"12":{"start":{"line":34,"column":21},"end":{"line":40,"column":8}},"13":{"start":{"line":42,"column":6},"end":{"line":42,"column":78}},"14":{"start":{"line":44,"column":6},"end":{"line":44,"column":78}},"15":{"start":{"line":52,"column":4},"end":{"line":60,"column":null}},"16":{"start":{"line":53,"column":17},"end":{"line":53,"column":40}},"17":{"start":{"line":55,"column":20},"end":{"line":55,"column":55}},"18":{"start":{"line":57,"column":6},"end":{"line":57,"column":75}},"19":{"start":{"line":59,"column":6},"end":{"line":59,"column":48}},"20":{"start":{"line":67,"column":4},"end":{"line":80,"column":null}},"21":{"start":{"line":68,"column":17},"end":{"line":68,"column":40}},"22":{"start":{"line":69,"column":27},"end":{"line":69,"column":35}},"23":{"start":{"line":71,"column":6},"end":{"line":73,"column":null}},"24":{"start":{"line":72,"column":8},"end":{"line":72,"column":60}},"25":{"start":{"line":75,"column":20},"end":{"line":75,"column":72}},"26":{"start":{"line":77,"column":6},"end":{"line":77,"column":74}},"27":{"start":{"line":79,"column":6},"end":{"line":79,"column":74}},"28":{"start":{"line":87,"column":4},"end":{"line":99,"column":null}},"29":{"start":{"line":88,"column":37},"end":{"line":88,"column":45}},"30":{"start":{"line":90,"column":6},"end":{"line":92,"column":null}},"31":{"start":{"line":91,"column":8},"end":{"line":91,"column":75}},"32":{"start":{"line":94,"column":21},"end":{"line":94,"column":77}},"33":{"start":{"line":96,"column":6},"end":{"line":96,"column":77}},"34":{"start":{"line":98,"column":6},"end":{"line":98,"column":76}},"35":{"start":{"line":106,"column":4},"end":{"line":114,"column":null}},"36":{"start":{"line":107,"column":17},"end":{"line":107,"column":40}},"37":{"start":{"line":109,"column":20},"end":{"line":109,"column":56}},"38":{"start":{"line":111,"column":6},"end":{"line":111,"column":76}},"39":{"start":{"line":113,"column":6},"end":{"line":113,"column":76}},"40":{"start":{"line":121,"column":4},"end":{"line":130,"column":null}},"41":{"start":{"line":122,"column":17},"end":{"line":122,"column":40}},"42":{"start":{"line":123,"column":28},"end":{"line":123,"column":47}},"43":{"start":{"line":125,"column":20},"end":{"line":125,"column":73}},"44":{"start":{"line":127,"column":6},"end":{"line":127,"column":79}},"45":{"start":{"line":129,"column":6},"end":{"line":129,"column":80}},"46":{"start":{"line":137,"column":4},"end":{"line":151,"column":null}},"47":{"start":{"line":138,"column":17},"end":{"line":138,"column":40}},"48":{"start":{"line":139,"column":25},"end":{"line":139,"column":33}},"49":{"start":{"line":140,"column":28},"end":{"line":140,"column":47}},"50":{"start":{"line":142,"column":6},"end":{"line":144,"column":null}},"51":{"start":{"line":143,"column":8},"end":{"line":143,"column":67}},"52":{"start":{"line":146,"column":20},"end":{"line":146,"column":80}},"53":{"start":{"line":148,"column":6},"end":{"line":148,"column":66}},"54":{"start":{"line":150,"column":6},"end":{"line":150,"column":79}},"55":{"start":{"line":158,"column":4},"end":{"line":171,"column":null}},"56":{"start":{"line":159,"column":48},"end":{"line":159,"column":57}},"57":{"start":{"line":161,"column":21},"end":{"line":166,"column":8}},"58":{"start":{"line":168,"column":6},"end":{"line":168,"column":85}},"59":{"start":{"line":170,"column":6},"end":{"line":170,"column":85}},"60":{"start":{"line":178,"column":4},"end":{"line":191,"column":null}},"61":{"start":{"line":179,"column":36},"end":{"line":179,"column":44}},"62":{"start":{"line":180,"column":24},"end":{"line":180,"column":43}},"63":{"start":{"line":182,"column":6},"end":{"line":184,"column":null}},"64":{"start":{"line":183,"column":8},"end":{"line":183,"column":59}},"65":{"start":{"line":186,"column":22},"end":{"line":186,"column":88}},"66":{"start":{"line":188,"column":6},"end":{"line":188,"column":83}},"67":{"start":{"line":190,"column":6},"end":{"line":190,"column":82}},"68":{"start":{"line":198,"column":4},"end":{"line":207,"column":null}},"69":{"start":{"line":199,"column":17},"end":{"line":199,"column":40}},"70":{"start":{"line":200,"column":28},"end":{"line":200,"column":47}},"71":{"start":{"line":202,"column":22},"end":{"line":202,"column":78}},"72":{"start":{"line":204,"column":6},"end":{"line":204,"column":84}},"73":{"start":{"line":206,"column":6},"end":{"line":206,"column":83}},"74":{"start":{"line":214,"column":4},"end":{"line":228,"column":null}},"75":{"start":{"line":215,"column":17},"end":{"line":215,"column":40}},"76":{"start":{"line":216,"column":25},"end":{"line":216,"column":33}},"77":{"start":{"line":217,"column":28},"end":{"line":217,"column":47}},"78":{"start":{"line":219,"column":6},"end":{"line":221,"column":null}},"79":{"start":{"line":220,"column":8},"end":{"line":220,"column":67}},"80":{"start":{"line":223,"column":22},"end":{"line":223,"column":85}},"81":{"start":{"line":225,"column":6},"end":{"line":225,"column":71}},"82":{"start":{"line":227,"column":6},"end":{"line":227,"column":82}},"83":{"start":{"line":7,"column":0},"end":{"line":7,"column":13}}},"fnMap":{"0":{"name":"(anonymous_0)","decl":{"start":{"line":11,"column":2},"end":{"line":11,"column":7}},"loc":{"start":{"line":11,"column":51},"end":{"line":25,"column":3}}},"1":{"name":"(anonymous_1)","decl":{"start":{"line":30,"column":2},"end":{"line":30,"column":7}},"loc":{"start":{"line":30,"column":58},"end":{"line":46,"column":3}}},"2":{"name":"(anonymous_2)","decl":{"start":{"line":51,"column":2},"end":{"line":51,"column":7}},"loc":{"start":{"line":51,"column":48},"end":{"line":61,"column":3}}},"3":{"name":"(anonymous_3)","decl":{"start":{"line":66,"column":2},"end":{"line":66,"column":7}},"loc":{"start":{"line":66,"column":47},"end":{"line":81,"column":3}}},"4":{"name":"(anonymous_4)","decl":{"start":{"line":86,"column":2},"end":{"line":86,"column":7}},"loc":{"start":{"line":86,"column":53},"end":{"line":100,"column":3}}},"5":{"name":"(anonymous_5)","decl":{"start":{"line":105,"column":2},"end":{"line":105,"column":7}},"loc":{"start":{"line":105,"column":49},"end":{"line":115,"column":3}}},"6":{"name":"(anonymous_6)","decl":{"start":{"line":120,"column":2},"end":{"line":120,"column":7}},"loc":{"start":{"line":120,"column":52},"end":{"line":131,"column":3}}},"7":{"name":"(anonymous_7)","decl":{"start":{"line":136,"column":2},"end":{"line":136,"column":7}},"loc":{"start":{"line":136,"column":51},"end":{"line":152,"column":3}}},"8":{"name":"(anonymous_8)","decl":{"start":{"line":157,"column":2},"end":{"line":157,"column":7}},"loc":{"start":{"line":157,"column":55},"end":{"line":172,"column":3}}},"9":{"name":"(anonymous_9)","decl":{"start":{"line":177,"column":2},"end":{"line":177,"column":7}},"loc":{"start":{"line":177,"column":54},"end":{"line":192,"column":3}}},"10":{"name":"(anonymous_10)","decl":{"start":{"line":197,"column":2},"end":{"line":197,"column":7}},"loc":{"start":{"line":197,"column":55},"end":{"line":208,"column":3}}},"11":{"name":"(anonymous_11)","decl":{"start":{"line":213,"column":2},"end":{"line":213,"column":7}},"loc":{"start":{"line":213,"column":54},"end":{"line":229,"column":3}}}},"branchMap":{"0":{"loc":{"start":{"line":15,"column":6},"end":{"line":17,"column":null}},"type":"if","locations":[{"start":{"line":15,"column":6},"end":{"line":17,"column":null}},{"start":{},"end":{}}]},"1":{"loc":{"start":{"line":35,"column":14},"end":{"line":35,"column":57}},"type":"cond-expr","locations":[{"start":{"line":35,"column":21},"end":{"line":35,"column":45}},{"start":{"line":35,"column":48},"end":{"line":35,"column":57}}]},"2":{"loc":{"start":{"line":36,"column":15},"end":{"line":36,"column":60}},"type":"cond-expr","locations":[{"start":{"line":36,"column":23},"end":{"line":36,"column":48}},{"start":{"line":36,"column":51},"end":{"line":36,"column":60}}]},"3":{"loc":{"start":{"line":71,"column":6},"end":{"line":73,"column":null}},"type":"if","locations":[{"start":{"line":71,"column":6},"end":{"line":73,"column":null}},{"start":{},"end":{}}]},"4":{"loc":{"start":{"line":90,"column":6},"end":{"line":92,"column":null}},"type":"if","locations":[{"start":{"line":90,"column":6},"end":{"line":92,"column":null}},{"start":{},"end":{}}]},"5":{"loc":{"start":{"line":90,"column":10},"end":{"line":90,"column":32}},"type":"binary-expr","locations":[{"start":{"line":90,"column":10},"end":{"line":90,"column":19}},{"start":{"line":90,"column":23},"end":{"line":90,"column":32}}]},"6":{"loc":{"start":{"line":142,"column":6},"end":{"line":144,"column":null}},"type":"if","locations":[{"start":{"line":142,"column":6},"end":{"line":144,"column":null}},{"start":{},"end":{}}]},"7":{"loc":{"start":{"line":162,"column":14},"end":{"line":162,"column":57}},"type":"cond-expr","locations":[{"start":{"line":162,"column":21},"end":{"line":162,"column":45}},{"start":{"line":162,"column":48},"end":{"line":162,"column":57}}]},"8":{"loc":{"start":{"line":163,"column":15},"end":{"line":163,"column":60}},"type":"cond-expr","locations":[{"start":{"line":163,"column":23},"end":{"line":163,"column":48}},{"start":{"line":163,"column":51},"end":{"line":163,"column":60}}]},"9":{"loc":{"start":{"line":182,"column":6},"end":{"line":184,"column":null}},"type":"if","locations":[{"start":{"line":182,"column":6},"end":{"line":184,"column":null}},{"start":{},"end":{}}]},"10":{"loc":{"start":{"line":219,"column":6},"end":{"line":221,"column":null}},"type":"if","locations":[{"start":{"line":219,"column":6},"end":{"line":221,"column":null}},{"start":{},"end":{}}]}},"s":{"0":13,"1":13,"2":13,"3":2,"4":2,"5":2,"6":0,"7":2,"8":0,"9":2,"10":2,"11":2,"12":2,"13":2,"14":0,"15":1,"16":1,"17":1,"18":0,"19":1,"20":0,"21":0,"22":0,"23":0,"24":0,"25":0,"26":0,"27":0,"28":0,"29":0,"30":0,"31":0,"32":0,"33":0,"34":0,"35":1,"36":1,"37":1,"38":0,"39":1,"40":0,"41":0,"42":0,"43":0,"44":0,"45":0,"46":0,"47":0,"48":0,"49":0,"50":0,"51":0,"52":0,"53":0,"54":0,"55":1,"56":1,"57":1,"58":0,"59":1,"60":0,"61":0,"62":0,"63":0,"64":0,"65":0,"66":0,"67":0,"68":0,"69":0,"70":0,"71":0,"72":0,"73":0,"74":0,"75":0,"76":0,"77":0,"78":0,"79":0,"80":0,"81":0,"82":0,"83":13},"f":{"0":2,"1":2,"2":1,"3":0,"4":0,"5":1,"6":0,"7":0,"8":1,"9":0,"10":0,"11":0},"b":{"0":[0,2],"1":[1,1],"2":[1,1],"3":[0,0],"4":[0,0],"5":[0,0],"6":[0,0],"7":[1,0],"8":[1,0],"9":[0,0],"10":[0,0]}}
,"C:\\Users\\Yash Srivastava\\OneDrive\\Desktop\\Digital-diary-api-me\\Digital-Diary-API\\src\\controllers\\doctor.controller.ts": {"path":"C:\\Users\\Yash Srivastava\\OneDrive\\Desktop\\Digital-diary-api-me\\Digital-Diary-API\\src\\controllers\\doctor.controller.ts","statementMap":{"0":{"start":{"line":2,"column":0},"end":{"line":2,"column":44}},"1":{"start":{"line":3,"column":0},"end":{"line":3,"column":64}},"2":{"start":{"line":4,"column":0},"end":{"line":4,"column":60}},"3":{"start":{"line":11,"column":31},"end":{"line":75,"column":1}},"4":{"start":{"line":15,"column":4},"end":{"line":74,"column":null}},"5":{"start":{"line":16,"column":43},"end":{"line":16,"column":51}},"6":{"start":{"line":19,"column":8},"end":{"line":25,"column":null}},"7":{"start":{"line":20,"column":12},"end":{"line":23,"column":15}},"8":{"start":{"line":24,"column":12},"end":{"line":24,"column":19}},"9":{"start":{"line":28,"column":29},"end":{"line":30,"column":10}},"10":{"start":{"line":32,"column":8},"end":{"line":38,"column":null}},"11":{"start":{"line":33,"column":12},"end":{"line":36,"column":15}},"12":{"start":{"line":37,"column":12},"end":{"line":37,"column":19}},"13":{"start":{"line":41,"column":30},"end":{"line":41,"column":54}},"14":{"start":{"line":44,"column":29},"end":{"line":52,"column":10}},"15":{"start":{"line":55,"column":8},"end":{"line":55,"column":77}},"16":{"start":{"line":57,"column":8},"end":{"line":67,"column":11}},"17":{"start":{"line":69,"column":8},"end":{"line":69,"column":56}},"18":{"start":{"line":70,"column":8},"end":{"line":73,"column":11}},"19":{"start":{"line":11,"column":13},"end":{"line":11,"column":31}}},"fnMap":{"0":{"name":"(anonymous_0)","decl":{"start":{"line":11,"column":31},"end":{"line":11,"column":36}},"loc":{"start":{"line":14,"column":19},"end":{"line":75,"column":1}}}},"branchMap":{"0":{"loc":{"start":{"line":19,"column":8},"end":{"line":25,"column":null}},"type":"if","locations":[{"start":{"line":19,"column":8},"end":{"line":25,"column":null}},{"start":{},"end":{}}]},"1":{"loc":{"start":{"line":19,"column":12},"end":{"line":19,"column":31}},"type":"binary-expr","locations":[{"start":{"line":19,"column":12},"end":{"line":19,"column":21}},{"start":{"line":19,"column":25},"end":{"line":19,"column":31}}]},"2":{"loc":{"start":{"line":32,"column":8},"end":{"line":38,"column":null}},"type":"if","locations":[{"start":{"line":32,"column":8},"end":{"line":38,"column":null}},{"start":{},"end":{}}]},"3":{"loc":{"start":{"line":72,"column":21},"end":{"line":72,"column":66}},"type":"binary-expr","locations":[{"start":{"line":72,"column":21},"end":{"line":72,"column":34}},{"start":{"line":72,"column":38},"end":{"line":72,"column":66}}]}},"s":{"0":13,"1":13,"2":13,"3":13,"4":0,"5":0,"6":0,"7":0,"8":0,"9":0,"10":0,"11":0,"12":0,"13":0,"14":0,"15":0,"16":0,"17":0,"18":0,"19":13},"f":{"0":0},"b":{"0":[0,0],"1":[0,0],"2":[0,0],"3":[0,0]}}
,"C:\\Users\\Yash Srivastava\\OneDrive\\Desktop\\Digital-diary-api-me\\Digital-Diary-API\\src\\controllers\\export.controller.ts": {"path":"C:\\Users\\Yash Srivastava\\OneDrive\\Desktop\\Digital-diary-api-me\\Digital-Diary-API\\src\\controllers\\export.controller.ts","statementMap":{"0":{"start":{"line":2,"column":0},"end":{"line":2,"column":58}},"1":{"start":{"line":3,"column":0},"end":{"line":3,"column":60}},"2":{"start":{"line":12,"column":4},"end":{"line":41,"column":null}},"3":{"start":{"line":13,"column":21},"end":{"line":13,"column":33}},"4":{"start":{"line":14,"column":19},"end":{"line":14,"column":33}},"5":{"start":{"line":16,"column":6},"end":{"line":18,"column":null}},"6":{"start":{"line":17,"column":8},"end":{"line":17,"column":90}},"7":{"start":{"line":20,"column":85},"end":{"line":20,"column":93}},"8":{"start":{"line":22,"column":6},"end":{"line":24,"column":null}},"9":{"start":{"line":23,"column":8},"end":{"line":23,"column":60}},"10":{"start":{"line":26,"column":6},"end":{"line":28,"column":null}},"11":{"start":{"line":27,"column":8},"end":{"line":27,"column":72}},"12":{"start":{"line":30,"column":21},"end":{"line":36,"column":8}},"13":{"start":{"line":38,"column":6},"end":{"line":38,"column":87}},"14":{"start":{"line":40,"column":6},"end":{"line":40,"column":43}},"15":{"start":{"line":49,"column":4},"end":{"line":78,"column":null}},"16":{"start":{"line":50,"column":21},"end":{"line":50,"column":33}},"17":{"start":{"line":51,"column":19},"end":{"line":51,"column":33}},"18":{"start":{"line":53,"column":6},"end":{"line":55,"column":null}},"19":{"start":{"line":54,"column":8},"end":{"line":54,"column":89}},"20":{"start":{"line":57,"column":64},"end":{"line":57,"column":72}},"21":{"start":{"line":59,"column":6},"end":{"line":61,"column":null}},"22":{"start":{"line":60,"column":8},"end":{"line":60,"column":60}},"23":{"start":{"line":63,"column":6},"end":{"line":65,"column":null}},"24":{"start":{"line":64,"column":8},"end":{"line":64,"column":64}},"25":{"start":{"line":67,"column":21},"end":{"line":73,"column":8}},"26":{"start":{"line":75,"column":6},"end":{"line":75,"column":86}},"27":{"start":{"line":77,"column":6},"end":{"line":77,"column":43}},"28":{"start":{"line":86,"column":4},"end":{"line":113,"column":null}},"29":{"start":{"line":87,"column":21},"end":{"line":87,"column":33}},"30":{"start":{"line":88,"column":19},"end":{"line":88,"column":33}},"31":{"start":{"line":90,"column":6},"end":{"line":92,"column":null}},"32":{"start":{"line":91,"column":8},"end":{"line":91,"column":92}},"33":{"start":{"line":94,"column":44},"end":{"line":94,"column":52}},"34":{"start":{"line":96,"column":6},"end":{"line":98,"column":null}},"35":{"start":{"line":97,"column":8},"end":{"line":97,"column":60}},"36":{"start":{"line":100,"column":6},"end":{"line":102,"column":null}},"37":{"start":{"line":101,"column":8},"end":{"line":101,"column":66}},"38":{"start":{"line":104,"column":21},"end":{"line":108,"column":8}},"39":{"start":{"line":110,"column":6},"end":{"line":110,"column":87}},"40":{"start":{"line":112,"column":6},"end":{"line":112,"column":43}},"41":{"start":{"line":121,"column":4},"end":{"line":139,"column":null}},"42":{"start":{"line":122,"column":21},"end":{"line":122,"column":33}},"43":{"start":{"line":124,"column":6},"end":{"line":126,"column":null}},"44":{"start":{"line":125,"column":8},"end":{"line":125,"column":51}},"45":{"start":{"line":128,"column":39},"end":{"line":128,"column":48}},"46":{"start":{"line":130,"column":21},"end":{"line":133,"column":null}},"47":{"start":{"line":136,"column":6},"end":{"line":136,"column":71}},"48":{"start":{"line":138,"column":6},"end":{"line":138,"column":43}},"49":{"start":{"line":147,"column":4},"end":{"line":164,"column":null}},"50":{"start":{"line":148,"column":17},"end":{"line":148,"column":40}},"51":{"start":{"line":149,"column":21},"end":{"line":149,"column":33}},"52":{"start":{"line":151,"column":6},"end":{"line":153,"column":null}},"53":{"start":{"line":152,"column":8},"end":{"line":152,"column":51}},"54":{"start":{"line":155,"column":27},"end":{"line":155,"column":72}},"55":{"start":{"line":157,"column":6},"end":{"line":159,"column":null}},"56":{"start":{"line":158,"column":8},"end":{"line":158,"column":62}},"57":{"start":{"line":161,"column":6},"end":{"line":161,"column":84}},"58":{"start":{"line":163,"column":6},"end":{"line":163,"column":92}},"59":{"start":{"line":172,"column":4},"end":{"line":185,"column":null}},"60":{"start":{"line":173,"column":17},"end":{"line":173,"column":40}},"61":{"start":{"line":174,"column":21},"end":{"line":174,"column":33}},"62":{"start":{"line":176,"column":6},"end":{"line":178,"column":null}},"63":{"start":{"line":177,"column":8},"end":{"line":177,"column":51}},"64":{"start":{"line":180,"column":21},"end":{"line":180,"column":65}},"65":{"start":{"line":182,"column":6},"end":{"line":182,"column":70}},"66":{"start":{"line":184,"column":6},"end":{"line":184,"column":92}},"67":{"start":{"line":193,"column":4},"end":{"line":207,"column":null}},"68":{"start":{"line":194,"column":17},"end":{"line":194,"column":40}},"69":{"start":{"line":195,"column":26},"end":{"line":195,"column":38}},"70":{"start":{"line":196,"column":19},"end":{"line":196,"column":33}},"71":{"start":{"line":198,"column":6},"end":{"line":200,"column":null}},"72":{"start":{"line":199,"column":8},"end":{"line":199,"column":51}},"73":{"start":{"line":202,"column":24},"end":{"line":202,"column":86}},"74":{"start":{"line":204,"column":6},"end":{"line":204,"column":84}},"75":{"start":{"line":206,"column":6},"end":{"line":206,"column":92}},"76":{"start":{"line":211,"column":13},"end":{"line":211,"column":55}}},"fnMap":{"0":{"name":"(anonymous_0)","decl":{"start":{"line":11,"column":2},"end":{"line":11,"column":7}},"loc":{"start":{"line":11,"column":57},"end":{"line":42,"column":3}}},"1":{"name":"(anonymous_1)","decl":{"start":{"line":48,"column":2},"end":{"line":48,"column":7}},"loc":{"start":{"line":48,"column":56},"end":{"line":79,"column":3}}},"2":{"name":"(anonymous_2)","decl":{"start":{"line":85,"column":2},"end":{"line":85,"column":7}},"loc":{"start":{"line":85,"column":57},"end":{"line":114,"column":3}}},"3":{"name":"(anonymous_3)","decl":{"start":{"line":120,"column":2},"end":{"line":120,"column":7}},"loc":{"start":{"line":120,"column":54},"end":{"line":140,"column":3}}},"4":{"name":"(anonymous_4)","decl":{"start":{"line":146,"column":2},"end":{"line":146,"column":7}},"loc":{"start":{"line":146,"column":54},"end":{"line":165,"column":3}}},"5":{"name":"(anonymous_5)","decl":{"start":{"line":171,"column":2},"end":{"line":171,"column":7}},"loc":{"start":{"line":171,"column":52},"end":{"line":186,"column":3}}},"6":{"name":"(anonymous_6)","decl":{"start":{"line":192,"column":2},"end":{"line":192,"column":7}},"loc":{"start":{"line":192,"column":59},"end":{"line":208,"column":3}}}},"branchMap":{"0":{"loc":{"start":{"line":16,"column":6},"end":{"line":18,"column":null}},"type":"if","locations":[{"start":{"line":16,"column":6},"end":{"line":18,"column":null}},{"start":{},"end":{}}]},"1":{"loc":{"start":{"line":16,"column":10},"end":{"line":16,"column":66}},"type":"binary-expr","locations":[{"start":{"line":16,"column":10},"end":{"line":16,"column":17}},{"start":{"line":16,"column":21},"end":{"line":16,"column":66}}]},"2":{"loc":{"start":{"line":16,"column":55},"end":{"line":16,"column":65}},"type":"binary-expr","locations":[{"start":{"line":16,"column":55},"end":{"line":16,"column":59}},{"start":{"line":16,"column":63},"end":{"line":16,"column":65}}]},"3":{"loc":{"start":{"line":20,"column":25},"end":{"line":20,"column":39}},"type":"default-arg","locations":[{"start":{"line":20,"column":34},"end":{"line":20,"column":39}}]},"4":{"loc":{"start":{"line":22,"column":6},"end":{"line":24,"column":null}},"type":"if","locations":[{"start":{"line":22,"column":6},"end":{"line":24,"column":null}},{"start":{},"end":{}}]},"5":{"loc":{"start":{"line":26,"column":6},"end":{"line":28,"column":null}},"type":"if","locations":[{"start":{"line":26,"column":6},"end":{"line":28,"column":null}},{"start":{},"end":{}}]},"6":{"loc":{"start":{"line":53,"column":6},"end":{"line":55,"column":null}},"type":"if","locations":[{"start":{"line":53,"column":6},"end":{"line":55,"column":null}},{"start":{},"end":{}}]},"7":{"loc":{"start":{"line":53,"column":10},"end":{"line":53,"column":66}},"type":"binary-expr","locations":[{"start":{"line":53,"column":10},"end":{"line":53,"column":17}},{"start":{"line":53,"column":21},"end":{"line":53,"column":66}}]},"8":{"loc":{"start":{"line":53,"column":55},"end":{"line":53,"column":65}},"type":"binary-expr","locations":[{"start":{"line":53,"column":55},"end":{"line":53,"column":59}},{"start":{"line":53,"column":63},"end":{"line":53,"column":65}}]},"9":{"loc":{"start":{"line":57,"column":25},"end":{"line":57,"column":39}},"type":"default-arg","locations":[{"start":{"line":57,"column":34},"end":{"line":57,"column":39}}]},"10":{"loc":{"start":{"line":59,"column":6},"end":{"line":61,"column":null}},"type":"if","locations":[{"start":{"line":59,"column":6},"end":{"line":61,"column":null}},{"start":{},"end":{}}]},"11":{"loc":{"start":{"line":63,"column":6},"end":{"line":65,"column":null}},"type":"if","locations":[{"start":{"line":63,"column":6},"end":{"line":65,"column":null}},{"start":{},"end":{}}]},"12":{"loc":{"start":{"line":71,"column":19},"end":{"line":71,"column":62}},"type":"cond-expr","locations":[{"start":{"line":71,"column":31},"end":{"line":71,"column":50}},{"start":{"line":71,"column":53},"end":{"line":71,"column":62}}]},"13":{"loc":{"start":{"line":72,"column":17},"end":{"line":72,"column":56}},"type":"cond-expr","locations":[{"start":{"line":72,"column":27},"end":{"line":72,"column":44}},{"start":{"line":72,"column":47},"end":{"line":72,"column":56}}]},"14":{"loc":{"start":{"line":90,"column":6},"end":{"line":92,"column":null}},"type":"if","locations":[{"start":{"line":90,"column":6},"end":{"line":92,"column":null}},{"start":{},"end":{}}]},"15":{"loc":{"start":{"line":90,"column":10},"end":{"line":90,"column":66}},"type":"binary-expr","locations":[{"start":{"line":90,"column":10},"end":{"line":90,"column":17}},{"start":{"line":90,"column":21},"end":{"line":90,"column":66}}]},"16":{"loc":{"start":{"line":90,"column":55},"end":{"line":90,"column":65}},"type":"binary-expr","locations":[{"start":{"line":90,"column":55},"end":{"line":90,"column":59}},{"start":{"line":90,"column":63},"end":{"line":90,"column":65}}]},"17":{"loc":{"start":{"line":94,"column":25},"end":{"line":94,"column":39}},"type":"default-arg","locations":[{"start":{"line":94,"column":34},"end":{"line":94,"column":39}}]},"18":{"loc":{"start":{"line":96,"column":6},"end":{"line":98,"column":null}},"type":"if","locations":[{"start":{"line":96,"column":6},"end":{"line":98,"column":null}},{"start":{},"end":{}}]},"19":{"loc":{"start":{"line":100,"column":6},"end":{"line":102,"column":null}},"type":"if","locations":[{"start":{"line":100,"column":6},"end":{"line":102,"column":null}},{"start":{},"end":{}}]},"20":{"loc":{"start":{"line":124,"column":6},"end":{"line":126,"column":null}},"type":"if","locations":[{"start":{"line":124,"column":6},"end":{"line":126,"column":null}},{"start":{},"end":{}}]},"21":{"loc":{"start":{"line":128,"column":14},"end":{"line":128,"column":22}},"type":"default-arg","locations":[{"start":{"line":128,"column":21},"end":{"line":128,"column":22}}]},"22":{"loc":{"start":{"line":128,"column":24},"end":{"line":128,"column":34}},"type":"default-arg","locations":[{"start":{"line":128,"column":32},"end":{"line":128,"column":34}}]},"23":{"loc":{"start":{"line":151,"column":6},"end":{"line":153,"column":null}},"type":"if","locations":[{"start":{"line":151,"column":6},"end":{"line":153,"column":null}},{"start":{},"end":{}}]},"24":{"loc":{"start":{"line":157,"column":6},"end":{"line":159,"column":null}},"type":"if","locations":[{"start":{"line":157,"column":6},"end":{"line":159,"column":null}},{"start":{},"end":{}}]},"25":{"loc":{"start":{"line":163,"column":43},"end":{"line":163,"column":90}},"type":"cond-expr","locations":[{"start":{"line":163,"column":81},"end":{"line":163,"column":84}},{"start":{"line":163,"column":87},"end":{"line":163,"column":90}}]},"26":{"loc":{"start":{"line":176,"column":6},"end":{"line":178,"column":null}},"type":"if","locations":[{"start":{"line":176,"column":6},"end":{"line":178,"column":null}},{"start":{},"end":{}}]},"27":{"loc":{"start":{"line":184,"column":43},"end":{"line":184,"column":90}},"type":"cond-expr","locations":[{"start":{"line":184,"column":81},"end":{"line":184,"column":84}},{"start":{"line":184,"column":87},"end":{"line":184,"column":90}}]},"28":{"loc":{"start":{"line":198,"column":6},"end":{"line":200,"column":null}},"type":"if","locations":[{"start":{"line":198,"column":6},"end":{"line":200,"column":null}},{"start":{},"end":{}}]},"29":{"loc":{"start":{"line":198,"column":10},"end":{"line":198,"column":31}},"type":"binary-expr","locations":[{"start":{"line":198,"column":10},"end":{"line":198,"column":22}},{"start":{"line":198,"column":26},"end":{"line":198,"column":31}}]},"30":{"loc":{"start":{"line":206,"column":43},"end":{"line":206,"column":90}},"type":"cond-expr","locations":[{"start":{"line":206,"column":81},"end":{"line":206,"column":84}},{"start":{"line":206,"column":87},"end":{"line":206,"column":90}}]}},"s":{"0":13,"1":13,"2":0,"3":0,"4":0,"5":0,"6":0,"7":0,"8":0,"9":0,"10":0,"11":0,"12":0,"13":0,"14":0,"15":0,"16":0,"17":0,"18":0,"19":0,"20":0,"21":0,"22":0,"23":0,"24":0,"25":0,"26":0,"27":0,"28":0,"29":0,"30":0,"31":0,"32":0,"33":0,"34":0,"35":0,"36":0,"37":0,"38":0,"39":0,"40":0,"41":0,"42":0,"43":0,"44":0,"45":0,"46":0,"47":0,"48":0,"49":0,"50":0,"51":0,"52":0,"53":0,"54":0,"55":0,"56":0,"57":0,"58":0,"59":0,"60":0,"61":0,"62":0,"63":0,"64":0,"65":0,"66":0,"67":0,"68":0,"69":0,"70":0,"71":0,"72":0,"73":0,"74":0,"75":0,"76":13},"f":{"0":0,"1":0,"2":0,"3":0,"4":0,"5":0,"6":0},"b":{"0":[0,0],"1":[0,0],"2":[0,0],"3":[0],"4":[0,0],"5":[0,0],"6":[0,0],"7":[0,0],"8":[0,0],"9":[0],"10":[0,0],"11":[0,0],"12":[0,0],"13":[0,0],"14":[0,0],"15":[0,0],"16":[0,0],"17":[0],"18":[0,0],"19":[0,0],"20":[0,0],"21":[0],"22":[0],"23":[0,0],"24":[0,0],"25":[0,0],"26":[0,0],"27":[0,0],"28":[0,0],"29":[0,0],"30":[0,0]}}
,"C:\\Users\\Yash Srivastava\\OneDrive\\Desktop\\Digital-diary-api-me\\Digital-Diary-API\\src\\controllers\\financial.controller.ts": {"path":"C:\\Users\\Yash Srivastava\\OneDrive\\Desktop\\Digital-diary-api-me\\Digital-Diary-API\\src\\controllers\\financial.controller.ts","statementMap":{"0":{"start":{"line":2,"column":0},"end":{"line":2,"column":64}},"1":{"start":{"line":3,"column":0},"end":{"line":3,"column":60}},"2":{"start":{"line":12,"column":4},"end":{"line":24,"column":null}},"3":{"start":{"line":13,"column":19},"end":{"line":13,"column":33}},"4":{"start":{"line":15,"column":6},"end":{"line":17,"column":null}},"5":{"start":{"line":16,"column":8},"end":{"line":16,"column":87}},"6":{"start":{"line":19,"column":24},"end":{"line":19,"column":70}},"7":{"start":{"line":21,"column":6},"end":{"line":21,"column":86}},"8":{"start":{"line":23,"column":6},"end":{"line":23,"column":43}},"9":{"start":{"line":32,"column":4},"end":{"line":65,"column":null}},"10":{"start":{"line":33,"column":19},"end":{"line":33,"column":33}},"11":{"start":{"line":34,"column":21},"end":{"line":34,"column":33}},"12":{"start":{"line":36,"column":6},"end":{"line":38,"column":null}},"13":{"start":{"line":37,"column":8},"end":{"line":37,"column":51}},"14":{"start":{"line":40,"column":66},"end":{"line":40,"column":75}},"15":{"start":{"line":44,"column":27},"end":{"line":50,"column":8}},"16":{"start":{"line":52,"column":6},"end":{"line":58,"column":null}},"17":{"start":{"line":53,"column":8},"end":{"line":53,"column":34}},"18":{"start":{"line":54,"column":13},"end":{"line":58,"column":null}},"19":{"start":{"line":55,"column":8},"end":{"line":55,"column":46}},"20":{"start":{"line":56,"column":13},"end":{"line":58,"column":null}},"21":{"start":{"line":57,"column":8},"end":{"line":57,"column":72}},"22":{"start":{"line":60,"column":21},"end":{"line":60,"column":71}},"23":{"start":{"line":62,"column":6},"end":{"line":62,"column":76}},"24":{"start":{"line":64,"column":6},"end":{"line":64,"column":43}},"25":{"start":{"line":73,"column":4},"end":{"line":102,"column":null}},"26":{"start":{"line":74,"column":27},"end":{"line":74,"column":39}},"27":{"start":{"line":75,"column":19},"end":{"line":75,"column":33}},"28":{"start":{"line":77,"column":6},"end":{"line":79,"column":null}},"29":{"start":{"line":78,"column":8},"end":{"line":78,"column":76}},"30":{"start":{"line":81,"column":63},"end":{"line":81,"column":71}},"31":{"start":{"line":84,"column":6},"end":{"line":86,"column":null}},"32":{"start":{"line":85,"column":8},"end":{"line":85,"column":87}},"33":{"start":{"line":88,"column":6},"end":{"line":90,"column":null}},"34":{"start":{"line":89,"column":8},"end":{"line":89,"column":68}},"35":{"start":{"line":92,"column":21},"end":{"line":97,"column":8}},"36":{"start":{"line":99,"column":6},"end":{"line":99,"column":77}},"37":{"start":{"line":101,"column":6},"end":{"line":101,"column":43}},"38":{"start":{"line":110,"column":4},"end":{"line":143,"column":null}},"39":{"start":{"line":111,"column":19},"end":{"line":111,"column":33}},"40":{"start":{"line":112,"column":21},"end":{"line":112,"column":33}},"41":{"start":{"line":114,"column":6},"end":{"line":116,"column":null}},"42":{"start":{"line":115,"column":8},"end":{"line":115,"column":51}},"43":{"start":{"line":118,"column":47},"end":{"line":118,"column":56}},"44":{"start":{"line":122,"column":6},"end":{"line":132,"column":null}},"45":{"start":{"line":124,"column":8},"end":{"line":124,"column":32}},"46":{"start":{"line":125,"column":13},"end":{"line":132,"column":null}},"47":{"start":{"line":127,"column":8},"end":{"line":127,"column":44}},"48":{"start":{"line":128,"column":13},"end":{"line":132,"column":null}},"49":{"start":{"line":129,"column":8},"end":{"line":129,"column":75}},"50":{"start":{"line":131,"column":8},"end":{"line":131,"column":69}},"51":{"start":{"line":134,"column":24},"end":{"line":137,"column":null}},"52":{"start":{"line":140,"column":6},"end":{"line":140,"column":86}},"53":{"start":{"line":142,"column":6},"end":{"line":142,"column":43}},"54":{"start":{"line":151,"column":4},"end":{"line":176,"column":null}},"55":{"start":{"line":152,"column":19},"end":{"line":152,"column":33}},"56":{"start":{"line":153,"column":21},"end":{"line":153,"column":33}},"57":{"start":{"line":155,"column":6},"end":{"line":157,"column":null}},"58":{"start":{"line":156,"column":8},"end":{"line":156,"column":51}},"59":{"start":{"line":159,"column":27},"end":{"line":159,"column":36}},"60":{"start":{"line":163,"column":6},"end":{"line":169,"column":null}},"61":{"start":{"line":164,"column":8},"end":{"line":164,"column":32}},"62":{"start":{"line":165,"column":13},"end":{"line":169,"column":null}},"63":{"start":{"line":166,"column":8},"end":{"line":166,"column":44}},"64":{"start":{"line":167,"column":13},"end":{"line":169,"column":null}},"65":{"start":{"line":168,"column":8},"end":{"line":168,"column":65}},"66":{"start":{"line":171,"column":20},"end":{"line":171,"column":78}},"67":{"start":{"line":173,"column":6},"end":{"line":173,"column":80}},"68":{"start":{"line":175,"column":6},"end":{"line":175,"column":43}},"69":{"start":{"line":180,"column":13},"end":{"line":180,"column":61}}},"fnMap":{"0":{"name":"(anonymous_0)","decl":{"start":{"line":11,"column":2},"end":{"line":11,"column":7}},"loc":{"start":{"line":11,"column":61},"end":{"line":25,"column":3}}},"1":{"name":"(anonymous_1)","decl":{"start":{"line":31,"column":2},"end":{"line":31,"column":7}},"loc":{"start":{"line":31,"column":58},"end":{"line":66,"column":3}}},"2":{"name":"(anonymous_2)","decl":{"start":{"line":72,"column":2},"end":{"line":72,"column":7}},"loc":{"start":{"line":72,"column":53},"end":{"line":103,"column":3}}},"3":{"name":"(anonymous_3)","decl":{"start":{"line":109,"column":2},"end":{"line":109,"column":7}},"loc":{"start":{"line":109,"column":52},"end":{"line":144,"column":3}}},"4":{"name":"(anonymous_4)","decl":{"start":{"line":150,"column":2},"end":{"line":150,"column":7}},"loc":{"start":{"line":150,"column":59},"end":{"line":177,"column":3}}}},"branchMap":{"0":{"loc":{"start":{"line":15,"column":6},"end":{"line":17,"column":null}},"type":"if","locations":[{"start":{"line":15,"column":6},"end":{"line":17,"column":null}},{"start":{},"end":{}}]},"1":{"loc":{"start":{"line":36,"column":6},"end":{"line":38,"column":null}},"type":"if","locations":[{"start":{"line":36,"column":6},"end":{"line":38,"column":null}},{"start":{},"end":{}}]},"2":{"loc":{"start":{"line":36,"column":10},"end":{"line":36,"column":26}},"type":"binary-expr","locations":[{"start":{"line":36,"column":10},"end":{"line":36,"column":17}},{"start":{"line":36,"column":21},"end":{"line":36,"column":26}}]},"3":{"loc":{"start":{"line":45,"column":14},"end":{"line":45,"column":45}},"type":"cond-expr","locations":[{"start":{"line":45,"column":21},"end":{"line":45,"column":33}},{"start":{"line":45,"column":36},"end":{"line":45,"column":45}}]},"4":{"loc":{"start":{"line":46,"column":15},"end":{"line":46,"column":48}},"type":"cond-expr","locations":[{"start":{"line":46,"column":23},"end":{"line":46,"column":36}},{"start":{"line":46,"column":39},"end":{"line":46,"column":48}}]},"5":{"loc":{"start":{"line":48,"column":19},"end":{"line":48,"column":72}},"type":"cond-expr","locations":[{"start":{"line":48,"column":31},"end":{"line":48,"column":60}},{"start":{"line":48,"column":63},"end":{"line":48,"column":72}}]},"6":{"loc":{"start":{"line":49,"column":17},"end":{"line":49,"column":66}},"type":"cond-expr","locations":[{"start":{"line":49,"column":27},"end":{"line":49,"column":54}},{"start":{"line":49,"column":57},"end":{"line":49,"column":66}}]},"7":{"loc":{"start":{"line":52,"column":6},"end":{"line":58,"column":null}},"type":"if","locations":[{"start":{"line":52,"column":6},"end":{"line":58,"column":null}},{"start":{"line":54,"column":13},"end":{"line":58,"column":null}}]},"8":{"loc":{"start":{"line":54,"column":13},"end":{"line":58,"column":null}},"type":"if","locations":[{"start":{"line":54,"column":13},"end":{"line":58,"column":null}},{"start":{"line":56,"column":13},"end":{"line":58,"column":null}}]},"9":{"loc":{"start":{"line":54,"column":17},"end":{"line":54,"column":51}},"type":"binary-expr","locations":[{"start":{"line":54,"column":17},"end":{"line":54,"column":39}},{"start":{"line":54,"column":43},"end":{"line":54,"column":51}}]},"10":{"loc":{"start":{"line":56,"column":13},"end":{"line":58,"column":null}},"type":"if","locations":[{"start":{"line":56,"column":13},"end":{"line":58,"column":null}},{"start":{},"end":{}}]},"11":{"loc":{"start":{"line":77,"column":6},"end":{"line":79,"column":null}},"type":"if","locations":[{"start":{"line":77,"column":6},"end":{"line":79,"column":null}},{"start":{},"end":{}}]},"12":{"loc":{"start":{"line":77,"column":10},"end":{"line":77,"column":49}},"type":"binary-expr","locations":[{"start":{"line":77,"column":10},"end":{"line":77,"column":23}},{"start":{"line":77,"column":27},"end":{"line":77,"column":49}}]},"13":{"loc":{"start":{"line":84,"column":6},"end":{"line":86,"column":null}},"type":"if","locations":[{"start":{"line":84,"column":6},"end":{"line":86,"column":null}},{"start":{},"end":{}}]},"14":{"loc":{"start":{"line":84,"column":10},"end":{"line":84,"column":48}},"type":"binary-expr","locations":[{"start":{"line":84,"column":10},"end":{"line":84,"column":19}},{"start":{"line":84,"column":23},"end":{"line":84,"column":30}},{"start":{"line":84,"column":34},"end":{"line":84,"column":48}}]},"15":{"loc":{"start":{"line":88,"column":6},"end":{"line":90,"column":null}},"type":"if","locations":[{"start":{"line":88,"column":6},"end":{"line":90,"column":null}},{"start":{},"end":{}}]},"16":{"loc":{"start":{"line":114,"column":6},"end":{"line":116,"column":null}},"type":"if","locations":[{"start":{"line":114,"column":6},"end":{"line":116,"column":null}},{"start":{},"end":{}}]},"17":{"loc":{"start":{"line":114,"column":10},"end":{"line":114,"column":26}},"type":"binary-expr","locations":[{"start":{"line":114,"column":10},"end":{"line":114,"column":17}},{"start":{"line":114,"column":21},"end":{"line":114,"column":26}}]},"18":{"loc":{"start":{"line":122,"column":6},"end":{"line":132,"column":null}},"type":"if","locations":[{"start":{"line":122,"column":6},"end":{"line":132,"column":null}},{"start":{"line":125,"column":13},"end":{"line":132,"column":null}}]},"19":{"loc":{"start":{"line":125,"column":13},"end":{"line":132,"column":null}},"type":"if","locations":[{"start":{"line":125,"column":13},"end":{"line":132,"column":null}},{"start":{"line":128,"column":13},"end":{"line":132,"column":null}}]},"20":{"loc":{"start":{"line":125,"column":17},"end":{"line":125,"column":51}},"type":"binary-expr","locations":[{"start":{"line":125,"column":17},"end":{"line":125,"column":39}},{"start":{"line":125,"column":43},"end":{"line":125,"column":51}}]},"21":{"loc":{"start":{"line":128,"column":13},"end":{"line":132,"column":null}},"type":"if","locations":[{"start":{"line":128,"column":13},"end":{"line":132,"column":null}},{"start":{"line":130,"column":13},"end":{"line":132,"column":null}}]},"22":{"loc":{"start":{"line":136,"column":8},"end":{"line":136,"column":61}},"type":"cond-expr","locations":[{"start":{"line":136,"column":20},"end":{"line":136,"column":49}},{"start":{"line":136,"column":52},"end":{"line":136,"column":61}}]},"23":{"loc":{"start":{"line":137,"column":8},"end":{"line":137,"column":57}},"type":"cond-expr","locations":[{"start":{"line":137,"column":18},"end":{"line":137,"column":45}},{"start":{"line":137,"column":48},"end":{"line":137,"column":57}}]},"24":{"loc":{"start":{"line":155,"column":6},"end":{"line":157,"column":null}},"type":"if","locations":[{"start":{"line":155,"column":6},"end":{"line":157,"column":null}},{"start":{},"end":{}}]},"25":{"loc":{"start":{"line":155,"column":10},"end":{"line":155,"column":26}},"type":"binary-expr","locations":[{"start":{"line":155,"column":10},"end":{"line":155,"column":17}},{"start":{"line":155
[...]
column":33}},"78":{"start":{"line":330,"column":18},"end":{"line":330,"column":36}},"79":{"start":{"line":331,"column":19},"end":{"line":331,"column":37}},"80":{"start":{"line":333,"column":29},"end":{"line":333,"column":53}},"81":{"start":{"line":335,"column":4},"end":{"line":337,"column":null}},"82":{"start":{"line":336,"column":6},"end":{"line":336,"column":41}},"83":{"start":{"line":339,"column":22},"end":{"line":344,"column":6}},"84":{"start":{"line":347,"column":26},"end":{"line":349,"column":6}},"85":{"start":{"line":351,"column":22},"end":{"line":353,"column":6}},"86":{"start":{"line":355,"column":17},"end":{"line":357,"column":6}},"87":{"start":{"line":359,"column":4},"end":{"line":370,"column":6}},"88":{"start":{"line":388,"column":27},"end":{"line":394,"column":6}},"89":{"start":{"line":396,"column":4},"end":{"line":398,"column":null}},"90":{"start":{"line":397,"column":6},"end":{"line":397,"column":67}},"91":{"start":{"line":401,"column":20},"end":{"line":413,"column":6}},"92":{"start":{"line":416,"column":18},"end":{"line":425,"column":6}},"93":{"start":{"line":428,"column":4},"end":{"line":428,"column":35}},"94":{"start":{"line":429,"column":4},"end":{"line":429,"column":39}},"95":{"start":{"line":430,"column":4},"end":{"line":430,"column":41}},"96":{"start":{"line":431,"column":4},"end":{"line":431,"column":32}},"97":{"start":{"line":433,"column":4},"end":{"line":433,"column":30}},"98":{"start":{"line":440,"column":26},"end":{"line":442,"column":6}},"99":{"start":{"line":444,"column":4},"end":{"line":446,"column":null}},"100":{"start":{"line":445,"column":6},"end":{"line":445,"column":50}},"101":{"start":{"line":449,"column":22},"end":{"line":449,"column":32}},"102":{"start":{"line":450,"column":4},"end":{"line":450,"column":25}},"103":{"start":{"line":451,"column":4},"end":{"line":451,"column":35}},"104":{"start":{"line":453,"column":27},"end":{"line":458,"column":6}},"105":{"start":{"line":461,"column":29},"end":{"line":466,"column":6}},"106":{"start":{"line":469,"column":26},"end":{"line":474,"column":6}},"107":{"start":{"line":477,"column":24},"end":{"line":482,"column":6}},"108":{"start":{"line":484,"column":4},"end":{"line":493,"column":6}},"109":{"start":{"line":10,"column":0},"end":{"line":10,"column":13}}},"fnMap":{"0":{"name":"(anonymous_0)","decl":{"start":{"line":14,"column":2},"end":{"line":14,"column":7}},"loc":{"start":{"line":20,"column":3},"end":{"line":56,"column":3}}},"1":{"name":"(anonymous_1)","decl":{"start":{"line":61,"column":2},"end":{"line":61,"column":7}},"loc":{"start":{"line":61,"column":38},"end":{"line":77,"column":3}}},"2":{"name":"(anonymous_2)","decl":{"start":{"line":82,"column":2},"end":{"line":82,"column":7}},"loc":{"start":{"line":97,"column":3},"end":{"line":128,"column":3}}},"3":{"name":"(anonymous_3)","decl":{"start":{"line":133,"column":2},"end":{"line":133,"column":7}},"loc":{"start":{"line":143,"column":5},"end":{"line":174,"column":3}}},"4":{"name":"(anonymous_4)","decl":{"start":{"line":179,"column":2},"end":{"line":179,"column":7}},"loc":{"start":{"line":179,"column":78},"end":{"line":205,"column":3}}},"5":{"name":"(anonymous_5)","decl":{"start":{"line":210,"column":2},"end":{"line":210,"column":7}},"loc":{"start":{"line":214,"column":24},"end":{"line":244,"column":3}}},"6":{"name":"(anonymous_6)","decl":{"start":{"line":249,"column":2},"end":{"line":249,"column":7}},"loc":{"start":{"line":257,"column":5},"end":{"line":316,"column":3}}},"7":{"name":"(anonymous_7)","decl":{"start":{"line":321,"column":2},"end":{"line":321,"column":7}},"loc":{"start":{"line":327,"column":5},"end":{"line":371,"column":3}}},"8":{"name":"(anonymous_8)","decl":{"start":{"line":376,"column":2},"end":{"line":376,"column":7}},"loc":{"start":{"line":386,"column":3},"end":{"line":434,"column":3}}},"9":{"name":"(anonymous_9)","decl":{"start":{"line":439,"column":2},"end":{"line":439,"column":7}},"loc":{"start":{"line":439,"column":43},"end":{"line":494,"column":3}}}},"branchMap":{"0":{"loc":{"start":{"line":21,"column":17},"end":{"line":21,"column":33}},"type":"binary-expr","locations":[{"start":{"line":21,"column":17},"end":{"line":21,"column":28}},{"start":{"line":21,"column":32},"end":{"line":21,"column":33}}]},"1":{"loc":{"start":{"line":22,"column":18},"end":{"line":22,"column":36}},"type":"binary-expr","locations":[{"start":{"line":22,"column":18},"end":{"line":22,"column":30}},{"start":{"line":22,"column":34},"end":{"line":22,"column":36}}]},"2":{"loc":{"start":{"line":27,"column":4},"end":{"line":32,"column":null}},"type":"if","locations":[{"start":{"line":27,"column":4},"end":{"line":32,"column":null}},{"start":{},"end":{}}]},"3":{"loc":{"start":{"line":40,"column":17},"end":{"line":40,"column":70}},"type":"cond-expr","locations":[{"start":{"line":40,"column":33},"end":{"line":40,"column":58}},{"start":{"line":40,"column":61},"end":{"line":40,"column":70}}]},"4":{"loc":{"start":{"line":72,"column":4},"end":{"line":74,"column":null}},"type":"if","locations":[{"start":{"line":72,"column":4},"end":{"line":74,"column":null}},{"start":{},"end":{}}]},"5":{"loc":{"start":{"line":103,"column":4},"end":{"line":105,"column":null}},"type":"if","locations":[{"start":{"line":103,"column":4},"end":{"line":105,"column":null}},{"start":{},"end":{}}]},"6":{"loc":{"start":{"line":123,"column":22},"end":{"line":123,"column":47}},"type":"binary-expr","locations":[{"start":{"line":123,"column":22},"end":{"line":123,"column":41}},{"start":{"line":123,"column":45},"end":{"line":123,"column":47}}]},"7":{"loc":{"start":{"line":149,"column":4},"end":{"line":151,"column":null}},"type":"if","locations":[{"start":{"line":149,"column":4},"end":{"line":151,"column":null}},{"start":{},"end":{}}]},"8":{"loc":{"start":{"line":154,"column":4},"end":{"line":154,"column":55}},"type":"if","locations":[{"start":{"line":154,"column":4},"end":{"line":154,"column":55}},{"start":{},"end":{}}]},"9":{"loc":{"start":{"line":155,"column":4},"end":{"line":155,"column":46}},"type":"if","locations":[{"start":{"line":155,"column":4},"end":{"line":155,"column":46}},{"start":{},"end":{}}]},"10":{"loc":{"start":{"line":163,"column":4},"end":{"line":171,"column":null}},"type":"if","locations":[{"start":{"line":163,"column":4},"end":{"line":171,"column":null}},{"start":{},"end":{}}]},"11":{"loc":{"start":{"line":164,"column":6},"end":{"line":164,"column":76}},"type":"if","locations":[{"start":{"line":164,"column":6},"end":{"line":164,"column":76}},{"start":{},"end":{}}]},"12":{"loc":{"start":{"line":165,"column":6},"end":{"line":165,"column":64}},"type":"if","locations":[{"start":{"line":165,"column":6},"end":{"line":165,"column":64}},{"start":{},"end":{}}]},"13":{"loc":{"start":{"line":166,"column":6},"end":{"line":166,"column":73}},"type":"if","locations":[{"start":{"line":166,"column":6},"end":{"line":166,"column":73}},{"start":{},"end":{}}]},"14":{"loc":{"start":{"line":167,"column":6},"end":{"line":168,"column":59}},"type":"if","locations":[{"start":{"line":167,"column":6},"end":{"line":168,"column":59}},{"start":{},"end":{}}]},"15":{"loc":{"start":{"line":169,"column":6},"end":{"line":169,"column":65}},"type":"if","locations":[{"start":{"line":169,"column":6},"end":{"line":169,"column":65}},{"start":{},"end":{}}]},"16":{"loc":{"start":{"line":179,"column":42},"end":{"line":179,"column":58}},"type":"default-arg","locations":[{"start":{"line":179,"column":57},"end":{"line":179,"column":58}}]},"17":{"loc":{"start":{"line":179,"column":60},"end":{"line":179,"column":78}},"type":"default-arg","locations":[{"start":{"line":179,"column":76},"end":{"line":179,"column":78}}]},"18":{"loc":{"start":{"line":184,"column":4},"end":{"line":186,"column":null}},"type":"if","locations":[{"start":{"line":184,"column":4},"end":{"line":186,"column":null}},{"start":{},"end":{}}]},"19":{"loc":{"start":{"line":220,"column":4},"end":{"line":222,"column":null}},"type":"if","locations":[{"start":{"line":220,"column":4},"end":{"line":222,"column":null}},{"start":{},"end":{}}]},"20":{"loc":{"start":{"line":234,"column":19},"end":{"line":234,"column":53}},"type":"binary-expr","locations":[{"start":{"line":234,"column":19},"end":{"line":234,"column":30}},{"start":{"line":234,"column":34},"end":{"line":234,"column":53}}]},"21":{"loc":{"start":{"line":259,"column":17},"end":{"line":259,"column":33}},"type":"binary-expr","locations":[{"start":{"line":259,"column":17},"end":{"line":259,"column":28}},{"start":{"line":259,"column":32},"end":{"line":259,"column":33}}]},"22":{"loc":{"start":{"line":260,"column":18},"end":{"line":260,"column":36}},"type":"binary-expr","locations":[{"start":{"line":260,"column":18},"end":{"line":260,"column":30}},{"start":{"line":260,"column":34},"end":{"line":260,"column":36}}]},"23":{"loc":{"start":{"line":265,"column":4},"end":{"line":269,"column":null}},"type":"if","locations":[{"start":{"line":265,"column":4},"end":{"line":269,"column":null}},{"start":{},"end":{}}]},"24":{"loc":{"start":{"line":265,"column":8},"end":{"line":265,"column":42}},"type":"binary-expr","locations":[{"start":{"line":265,"column":8},"end":{"line":265,"column":24}},{"start":{"line":265,"column":28},"end":{"line":265,"column":42}}]},"25":{"loc":{"start":{"line":271,"column":4},"end":{"line":273,"column":null}},"type":"if","locations":[{"start":{"line":271,"column":4},"end":{"line":273,"column":null}},{"start":{},"end":{}}]},"26":{"loc":{"start":{"line":311,"column":20},"end":{"line":311,"column":51}},"type":"binary-expr","locations":[{"start":{"line":311,"column":20},"end":{"line":311,"column":46}},{"start":{"line":311,"column":50},"end":{"line":311,"column":51}}]},"27":{"loc":{"start":{"line":313,"column":20},"end":{"line":313,"column":53}},"type":"binary-expr","locations":[{"start":{"line":313,"column":20},"end":{"line":313,"column":48}},{"start":{"line":313,"column":52},"end":{"line":313,"column":53}}]},"28":{"loc":{"start":{"line":329,"column":17},"end":{"line":329,"column":33}},"type":"binary-expr","locations":[{"start":{"line":329,"column":17},"end":{"line":329,"column":28}},{"start":{"line":329,"column":32},"end":{"line":329,"column":33}}]},"29":{"loc":{"start":{"line":330,"column":18},"end":{"line":330,"column":36}},"type":"binary-expr","locations":[{"start":{"line":330,"column":18},"end":{"line":330,"column":30}},{"start":{"line":330,"column":34},"end":{"line":330,"column":36}}]},"30":{"loc":{"start":{"line":335,"column":4},"end":{"line":337,"column":null}},"type":"if","locations":[{"start":{"line":335,"column":4},"end":{"line":337,"column":null}},{"start":{},"end":{}}]},"31":{"loc":{"start":{"line":396,"column":4},"end":{"line":398,"column":null}},"type":"if","locations":[{"start":{"line":396,"column":4},"end":{"line":398,"column":null}},{"start":{},"end":{}}]},"32":{"loc":{"start":{"line":444,"column":4},"end":{"line":446,"column":null}},"type":"if","locations":[{"start":{"line":444,"column":4},"end":{"line":446,"column":null}},{"start":{},"end":{}}]}},"s":{"0":13,"1":13,"2":13,"3":13,"4":13,"5":13,"6":13,"7":2,"8":2,"9":2,"10":2,"11":2,"12":1,"13":2,"14":0,"15":2,"16":0,"17":0,"18":0,"19":0,"20":0,"21":0,"22":0,"23":0,"24":0,"25":1,"26":0,"27":0,"28":0,"29":0,"30":0,"31":0,"32":0,"33":0,"34":0,"35":0,"36":0,"37":0,"38":0,"39":0,"40":0,"41":0,"42":0,"43":0,"44":0,"45":0,"46":0,"47":1,"48":0,"49":0,"50":0,"51":0,"52":0,"53":1,"54":0,"55":0,"56":0,"57":0,"58":0,"59":0,"60":0,"61":0,"62":1,"63":1,"64":1,"65":1,"66":1,"67":0,"68":1,"69":0,"70":1,"71":0,"72":0,"73":0,"74":0,"75":0,"76":0,"77":1,"78":1,"79":1,"80":1,"81":1,"82":0,"83":1,"84":0,"85":0,"86":0,"87":0,"88":0,"89":0,"90":0,"91":0,"92":0,"93":0,"94":0,"95":0,"96":0,"97":0,"98":0,"99":0,"100":0,"101":0,"102":0,"103":0,"104":0,"105":0,"106":0,"107":0,"108":0,"109":13},"f":{"0":2,"1":2,"2":0,"3":1,"4":1,"5":1,"6":1,"7":1,"8":0,"9":0},"b":{"0":[2,1],"1":[2,1],"2":[1,1],"3":[0,2],"4":[0,0],"5":[0,0],"6":[0,0],"7":[0,0],"8":[0,0],"9":[0,0],"10":[0,0],"11":[0,0],"12":[0,0],"13":[0,0],"14":[0,0],"15":[0,0],"16":[1],"17":[1],"18":[0,0],"19":[0,0],"20":[0,0],"21":[1,0],"22":[1,0],"23":[0,1],"24":[1,0],"25":[0,1],"26":[0,0],"27":[0,0],"28":[1,0],"29":[1,0],"30":[0,1],"31":[0,0],"32":[0,0]}}
,"C:\\Users\\Yash Srivastava\\OneDrive\\Desktop\\Digital-diary-api-me\\Digital-Diary-API\\src\\utils\\constants.ts": {"path":"C:\\Users\\Yash Srivastava\\OneDrive\\Desktop\\Digital-diary-api-me\\Digital-Diary-API\\src\\utils\\constants.ts","statementMap":{"0":{"start":{"line":5,"column":13},"end":{"line":9,"column":2}},"1":{"start":{"line":15,"column":13},"end":{"line":30,"column":2}},"2":{"start":{"line":36,"column":13},"end":{"line":45,"column":2}},"3":{"start":{"line":51,"column":13},"end":{"line":51,"column":58}},"4":{"start":{"line":52,"column":13},"end":{"line":52,"column":82}}},"fnMap":{},"branchMap":{"0":{"loc":{"start":{"line":52,"column":30},"end":{"line":52,"column":81}},"type":"binary-expr","locations":[{"start":{"line":52,"column":30},"end":{"line":52,"column":56}},{"start":{"line":52,"column":60},"end":{"line":52,"column":81}}]}},"s":{"0":13,"1":13,"2":13,"3":13,"4":13},"f":{},"b":{"0":[13,13]}}
,"C:\\Users\\Yash Srivastava\\OneDrive\\Desktop\\Digital-diary-api-me\\Digital-Diary-API\\src\\utils\\passwordUtils.ts": {"path":"C:\\Users\\Yash Srivastava\\OneDrive\\Desktop\\Digital-diary-api-me\\Digital-Diary-API\\src\\utils\\passwordUtils.ts","statementMap":{"0":{"start":{"line":1,"column":0},"end":{"line":1,"column":28}},"1":{"start":{"line":7,"column":38},"end":{"line":34,"column":1}},"2":{"start":{"line":8,"column":19},"end":{"line":8,"column":21}},"3":{"start":{"line":9,"column":22},"end":{"line":9,"column":50}},"4":{"start":{"line":10,"column":22},"end":{"line":10,"column":50}},"5":{"start":{"line":11,"column":20},"end":{"line":11,"column":32}},"6":{"start":{"line":12,"column":20},"end":{"line":12,"column":30}},"7":{"start":{"line":14,"column":21},"end":{"line":14,"column":62}},"8":{"start":{"line":16,"column":19},"end":{"line":16,"column":21}},"9":{"start":{"line":19,"column":4},"end":{"line":19,"column":65}},"10":{"start":{"line":20,"column":4},"end":{"line":20,"column":65}},"11":{"start":{"line":21,"column":4},"end":{"line":21,"column":61}},"12":{"start":{"line":22,"column":4},"end":{"line":22,"column":61}},"13":{"start":{"line":25,"column":4},"end":{"line":27,"column":null}},"14":{"start":{"line":25,"column":17},"end":{"line":25,"column":32}},"15":{"start":{"line":26,"column":8},"end":{"line":26,"column":67}},"16":{"start":{"line":30,"column":4},"end":{"line":33,"column":18}},"17":{"start":{"line":32,"column":20},"end":{"line":32,"column":43}},"18":{"start":{"line":7,"column":13},"end":{"line":7,"column":38}}},"fnMap":{"0":{"name":"(anonymous_1)","decl":{"start":{"line":7,"column":38},"end":{"line":7,"column":49}},"loc":{"start":{"line":7,"column":51},"end":{"line":34,"column":1}}},"1":{"name":"(anonymous_2)","decl":{"start":{"line":32,"column":14},"end":{"line":32,"column":17}},"loc":{"start":{"line":32,"column":20},"end":{"line":32,"column":43}}}},"branchMap":{},"s":{"0":13,"1":13,"2":0,"3":0,"4":0,"5":0,"6":0,"7":0,"8":0,"9":0,"10":0,"11":0,"12":0,"13":0,"14":0,"15":0,"16":0,"17":0,"18":13},"f":{"0":0,"1":0},"b":{}}
,"C:\\Users\\Yash Srivastava\\OneDrive\\Desktop\\Digital-diary-api-me\\Digital-Diary-API\\src\\utils\\response.ts": {"path":"C:\\Users\\Yash Srivastava\\OneDrive\\Desktop\\Digital-diary-api-me\\Digital-Diary-API\\src\\utils\\response.ts","statementMap":{"0":{"start":{"line":7,"column":34},"end":{"line":18,"column":1}},"1":{"start":{"line":13,"column":2},"end":{"line":17,"column":5}},"2":{"start":{"line":7,"column":13},"end":{"line":7,"column":34}},"3":{"start":{"line":24,"column":28},"end":{"line":52,"column":1}},"4":{"start":{"line":31,"column":2},"end":{"line":51,"column":null}},"5":{"start":{"line":32,"column":23},"end":{"line":32,"column":39}},"6":{"start":{"line":33,"column":20},"end":{"line":33,"column":51}},"7":{"start":{"line":34,"column":17},"end":{"line":34,"column":32}},"8":{"start":{"line":35,"column":4},"end":{"line":39,"column":7}},"9":{"start":{"line":43,"column":17},"end":{"line":43,"column":33}},"10":{"start":{"line":44,"column":20},"end":{"line":44,"column":51}},"11":{"start":{"line":45,"column":24},"end":{"line":45,"column":57}},"12":{"start":{"line":46,"column":4},"end":{"line":50,"column":7}},"13":{"start":{"line":24,"column":13},"end":{"line":24,"column":28}},"14":{"start":{"line":58,"column":25},"end":{"line":86,"column":1}},"15":{"start":{"line":65,"column":2},"end":{"line":85,"column":null}},"16":{"start":{"line":66,"column":23},"end":{"line":66,"column":42}},"17":{"start":{"line":67,"column":21},"end":{"line":67,"column":62}},"18":{"start":{"line":68,"column":18},"end":{"line":68,"column":34}},"19":{"start":{"line":69,"column":4},"end":{"line":73,"column":7}},"20":{"start":{"line":77,"column":20},"end":{"line":77,"column":39}},"21":{"start":{"line":78,"column":24},"end":{"line":78,"column":91}},"22":{"start":{"line":79,"column":18},"end":{"line":79,"column":34}},"23":{"start":{"line":80,"column":4},"end":{"line":84,"column":7}},"24":{"start":{"line":58,"column":13},"end":{"line":58,"column":25}}},"fnMap":{"0":{"name":"(anonymous_0)","decl":{"start":{"line":7,"column":34},"end":{"line":7,"column":null}},"loc":{"start":{"line":12,"column":4},"end":{"line":18,"column":1}}},"1":{"name":"(anonymous_1)","decl":{"start":{"line":24,"column":28},"end":{"line":24,"column":null}},"loc":{"start":{"line":29,"column":4},"end":{"line":52,"column":1}}},"2":{"name":"(anonymous_2)","decl":{"start":{"line":58,"column":25},"end":{"line":58,"column":null}},"loc":{"start":{"line":63,"column":4},"end":{"line":86,"column":1}}}},"branchMap":{"0":{"loc":{"start":{"line":11,"column":2},"end":{"line":11,"column":18}},"type":"default-arg","locations":[{"start":{"line":11,"column":14},"end":{"line":11,"column":18}}]},"1":{"loc":{"start":{"line":14,"column":13},"end":{"line":14,"column":50}},"type":"binary-expr","locations":[{"start":{"line":14,"column":13},"end":{"line":14,"column":30}},{"start":{"line":14,"column":34},"end":{"line":14,"column":50}}]},"2":{"loc":{"start":{"line":31,"column":2},"end":{"line":51,"column":null}},"type":"if","locations":[{"start":{"line":31,"column":2},"end":{"line":51,"column":null}},{"start":{"line":42,"column":7},"end":{"line":51,"column":null}}]},"3":{"loc":{"start":{"line":33,"column":20},"end":{"line":33,"column":51}},"type":"binary-expr","locations":[{"start":{"line":33,"column":20},"end":{"line":33,"column":38}},{"start":{"line":33,"column":42},"end":{"line":33,"column":51}}]},"4":{"loc":{"start":{"line":44,"column":20},"end":{"line":44,"column":51}},"type":"binary-expr","locations":[{"start":{"line":44,"column":20},"end":{"line":44,"column":38}},{"start":{"line":44,"column":42},"end":{"line":44,"column":51}}]},"5":{"loc":{"start":{"line":45,"column":24},"end":{"line":45,"column":57}},"type":"binary-expr","locations":[{"start":{"line":45,"column":24},"end":{"line":45,"column":50}},{"start":{"line":45,"column":54},"end":{"line":45,"column":57}}]},"6":{"loc":{"start":{"line":65,"column":2},"end":{"line":85,"column":null}},"type":"if","locations":[{"start":{"line":65,"column":2},"end":{"line":85,"column":null}},{"start":{"line":76,"column":7},"end":{"line":85,"column":null}}]},"7":{"loc":{"start":{"line":67,"column":21},"end":{"line":67,"column":62}},"type":"binary-expr","locations":[{"start":{"line":67,"column":21},"end":{"line":67,"column":51}},{"start":{"line":67,"column":55},"end":{"line":67,"column":62}}]},"8":{"loc":{"start":{"line":78,"column":24},"end":{"line":78,"column":91}},"type":"cond-expr","locations":[{"start":{"line":78,"column":66},"end":{"line":78,"column":85}},{"start":{"line":78,"column":88},"end":{"line":78,"column":91}}]}},"s":{"0":13,"1":4,"2":13,"3":13,"4":6,"5":2,"6":2,"7":2,"8":2,"9":4,"10":4,"11":4,"12":4,"13":13,"14":13,"15":19,"16":17,"17":17,"18":17,"19":17,"20":2,"21":2,"22":2,"23":2,"24":13},"f":{"0":4,"1":6,"2":19},"b":{"0":[4],"1":[4,4],"2":[2,4],"3":[2,0],"4":[4,0],"5":[4,4],"6":[17,2],"7":[17,0],"8":[2,0]}}
}
