TN:
SF:src\index.ts
FN:46,(anonymous_1)
FN:66,(anonymous_2)
FN:76,(anonymous_3)
FN:89,(anonymous_4)
FN:95,(anonymous_5)
FNF:5
FNH:2
FNDA:0,(anonymous_1)
FNDA:0,(anonymous_2)
FNDA:0,(anonymous_3)
FNDA:13,(anonymous_4)
FNDA:1,(anonymous_5)
DA:1,13
DA:2,13
DA:3,13
DA:5,13
DA:6,13
DA:8,13
DA:9,13
DA:10,13
DA:13,13
DA:15,13
DA:16,13
DA:25,13
DA:35,13
DA:38,13
DA:41,13
DA:46,13
DA:47,0
DA:59,13
DA:66,13
DA:67,0
DA:76,13
DA:77,0
DA:79,0
DA:89,13
DA:90,13
DA:92,13
DA:95,1
DA:96,1
DA:97,1
DA:100,0
DA:101,0
DA:106,13
DA:109,13
LF:33
LH:27
BRDA:16,0,0,13
BRDA:16,0,1,0
BRDA:82,1,0,0
BRDA:82,1,1,0
BRF:4
BRH:1
end_of_record
TN:
SF:src\config\Dbconnetion.ts
FN:77,(anonymous_1)
FNF:1
FNH:1
FNDA:13,(anonymous_1)
DA:1,13
DA:2,13
DA:3,13
DA:4,13
DA:5,13
DA:6,13
DA:7,13
DA:8,13
DA:9,13
DA:10,13
DA:11,13
DA:12,13
DA:13,13
DA:14,13
DA:15,13
DA:18,13
DA:24,13
DA:77,13
DA:78,13
DA:79,13
DA:80,13
DA:82,13
DA:83,1
DA:86,0
DA:87,0
DA:92,13
LF:26
LH:24
BRDA:26,0,0,13
BRDA:26,0,1,0
BRDA:27,1,0,13
BRDA:27,1,1,0
BRDA:28,2,0,13
BRDA:28,2,1,0
BRDA:29,3,0,13
BRDA:29,3,1,0
BRF:8
BRH:4
end_of_record
TN:
SF:src\controllers\admin.controller.ts
FN:11,(anonymous_0)
FNF:1
FNH:1
FNDA:7,(anonymous_0)
DA:2,13
DA:3,13
DA:4,13
DA:11,13
DA:15,7
DA:16,7
DA:19,7
DA:20,7
DA:24,7
DA:28,0
DA:29,0
DA:33,0
DA:37,0
DA:41,0
DA:42,0
DA:46,0
DA:50,0
DA:53,0
DA:63,0
DA:65,0
DA:76,0
DA:77,0
LF:22
LH:9
BRDA:19,0,0,7
BRDA:19,0,1,0
BRDA:19,1,0,7
BRDA:19,1,1,7
BRDA:19,1,2,7
BRDA:28,2,0,0
BRDA:28,2,1,0
BRDA:28,3,0,0
BRDA:28,3,1,0
BRDA:41,4,0,0
BRDA:41,4,1,0
BRDA:79,5,0,0
BRDA:79,5,1,0
BRF:13
BRH:4
end_of_record
TN:
SF:src\controllers\audit.controller.ts
FN:11,(anonymous_0)
FN:49,(anonymous_1)
FN:76,(anonymous_2)
FN:101,(anonymous_3)
FNF:4
FNH:0
FNDA:0,(anonymous_0)
FNDA:0,(anonymous_1)
FNDA:0,(anonymous_2)
FNDA:0,(anonymous_3)
DA:2,13
DA:3,13
DA:12,0
DA:13,0
DA:15,0
DA:16,0
DA:27,0
DA:29,0
DA:39,0
DA:41,0
DA:50,0
DA:51,0
DA:53,0
DA:54,0
DA:57,0
DA:58,0
DA:60,0
DA:66,0
DA:68,0
DA:77,0
DA:78,0
DA:80,0
DA:81,0
DA:84,0
DA:86,0
DA:91,0
DA:93,0
DA:102,0
DA:103,0
DA:105,0
DA:106,0
DA:109,0
DA:111,0
DA:112,0
DA:115,0
DA:121,0
DA:123,0
DA:128,13
LF:38
LH:3
BRDA:15,0,0,0
BRDA:15,0,1,0
BRDA:30,1,0,0
BRDA:30,1,1,0
BRDA:31,2,0,0
BRDA:31,2,1,0
BRDA:34,3,0,0
BRDA:34,3,1,0
BRDA:35,4,0,0
BRDA:35,4,1,0
BRDA:53,5,0,0
BRDA:53,5,1,0
BRDA:62,6,0,0
BRDA:62,6,1,0
BRDA:63,7,0,0
BRDA:63,7,1,0
BRDA:80,8,0,0
BRDA:80,8,1,0
BRDA:87,9,0,0
BRDA:87,9,1,0
BRDA:88,10,0,0
BRDA:88,10,1,0
BRDA:105,11,0,0
BRDA:105,11,1,0
BRDA:111,12,0,0
BRDA:111,12,1,0
BRDA:117,13,0,0
BRDA:117,13,1,0
BRDA:118,14,0,0
BRDA:118,14,1,0
BRF:30
BRH:0
end_of_record
TN:
SF:src\controllers\auth.controller.ts
FN:7,(anonymous_0)
FN:24,(anonymous_1)
FN:48,(anonymous_2)
FN:68,(anonymous_3)
FN:88,(anonymous_4)
FN:108,(anonymous_5)
FN:128,(anonymous_6)
FNF:7
FNH:5
FNDA:0,(anonymous_0)
FNDA:0,(anonymous_1)
FNDA:1,(anonymous_2)
FNDA:1,(anonymous_3)
FNDA:1,(anonymous_4)
FNDA:2,(anonymous_5)
FNDA:1,(anonymous_6)
DA:2,13
DA:3,13
DA:6,13
DA:8,0
DA:9,0
DA:11,0
DA:20,0
DA:25,0
DA:26,0
DA:28,0
DA:30,0
DA:40,0
DA:49,1
DA:50,1
DA:52,1
DA:53,0
DA:56,1
DA:58,0
DA:60,1
DA:69,1
DA:70,1
DA:72,1
DA:73,0
DA:76,1
DA:78,1
DA:80,0
DA:89,1
DA:90,1
DA:92,1
DA:93,0
DA:96,1
DA:98,1
DA:100,0
DA:109,2
DA:110,2
DA:112,2
DA:113,0
DA:116,2
DA:118,2
DA:120,0
DA:129,1
DA:130,1
DA:132,1
DA:133,0
DA:136,1
DA:137,0
DA:140,1
DA:142,0
DA:144,1
LF:49
LH:29
BRDA:52,0,0,0
BRDA:52,0,1,1
BRDA:72,1,0,0
BRDA:72,1,1,1
BRDA:92,2,0,0
BRDA:92,2,1,1
BRDA:112,3,0,0
BRDA:112,3,1,2
BRDA:132,4,0,0
BRDA:132,4,1,1
BRDA:132,5,0,1
BRDA:132,5,1,1
BRDA:136,6,0,0
BRDA:136,6,1,1
BRF:14
BRH:8
end_of_record
TN:
SF:src\controllers\clinic.controller.ts
FN:10,(anonymous_0)
FNF:1
FNH:0
FNDA:0,(anonymous_0)
DA:2,13
DA:10,13
DA:14,0
DA:15,0
DA:18,0
DA:19,0
DA:23,0
DA:27,0
DA:31,0
DA:32,0
DA:36,0
DA:42,0
DA:44,0
DA:45,0
DA:49,0
DA:51,0
DA:52,0
DA:54,0
DA:56,0
DA:60,0
DA:64,0
DA:75,0
DA:92,0
DA:93,0
LF:24
LH:2
BRDA:18,0,0,0
BRDA:18,0,1,0
BRDA:18,1,0,0
BRDA:18,1,1,0
BRDA:31,2,0,0
BRDA:31,2,1,0
BRDA:42,3,0,0
BRDA:42,3,1,0
BRDA:44,4,0,0
BRDA:44,4,1,0
BRDA:52,5,0,0
BRDA:52,5,1,0
BRDA:95,6,0,0
BRDA:95,6,1,0
BRF:14
BRH:0
end_of_record
TN:
SF:src\controllers\dashboard.controller.ts
FN:16,(anonymous_0)
FN:105,(anonymous_1)
FN:128,(anonymous_2)
FN:152,(anonymous_3)
FN:176,(anonymous_4)
FNF:5
FNH:0
FNDA:0,(anonymous_0)
FNDA:0,(anonymous_1)
FNDA:0,(anonymous_2)
FNDA:0,(anonymous_3)
FNDA:0,(anonymous_4)
DA:2,13
DA:3,13
DA:5,13
DA:6,13
DA:16,13
DA:20,0
DA:21,0
DA:23,0
DA:25,0
DA:28,0
DA:30,0
DA:31,0
DA:33,0
DA:34,0
DA:38,0
DA:40,0
DA:41,0
DA:45,0
DA:49,0
DA:53,0
DA:54,0
DA:58,0
DA:59,0
DA:65,0
DA:79,0
DA:93,0
DA:94,0
DA:105,13
DA:109,0
DA:110,0
DA:112,0
DA:113,0
DA:114,0
DA:117,0
DA:118,0
DA:120,0
DA:128,13
DA:132,0
DA:133,0
DA:134,0
DA:136,0
DA:137,0
DA:138,0
DA:141,0
DA:142,0
DA:144,0
DA:152,13
DA:156,0
DA:157,0
DA:158,0
DA:160,0
DA:161,0
DA:162,0
DA:165,0
DA:166,0
DA:168,0
DA:176,13
DA:180,0
DA:181,0
DA:182,0
DA:184,0
DA:185,0
DA:186,0
DA:189,0
DA:190,0
DA:192,0
LF:66
LH:9
BRDA:21,0,0,0
BRDA:21,1,0,0
BRDA:28,2,0,0
BRDA:28,2,1,0
BRDA:31,3,0,0
BRDA:31,3,1,0
BRDA:33,4,0,0
BRDA:33,4,1,0
BRDA:41,5,0,0
BRDA:41,5,1,0
BRDA:53,6,0,0
BRDA:53,6,1,0
BRDA:58,7,0,0
BRDA:58,7,1,0
BRDA:96,8,0,0
BRDA:96,8,1,0
BRDA:112,9,0,0
BRDA:112,9,1,0
BRDA:136,10,0,0
BRDA:136,10,1,0
BRDA:136,11,0,0
BRDA:136,11,1,0
BRDA:160,12,0,0
BRDA:160,12,1,0
BRDA:160,13,0,0
BRDA:160,13,1,0
BRDA:184,14,0,0
BRDA:184,14,1,0
BRDA:184,15,0,0
BRDA:184,15,1,0
BRF:30
BRH:0
end_of_record
TN:
SF:src\controllers\diary.controller.ts
FN:11,(anonymous_0)
FN:30,(anonymous_1)
FN:51,(anonymous_2)
FN:66,(anonymous_3)
FN:86,(anonymous_4)
FN:105,(anonymous_5)
FN:120,(anonymous_6)
FN:136,(anonymous_7)
FN:157,(anonymous_8)
FN:177,(anonymous_9)
FN:197,(anonymous_10)
FN:213,(anonymous_11)
FNF:12
FNH:5
FNDA:2,(anonymous_0)
FNDA:2,(anonymous_1)
FNDA:1,(anonymous_2)
FNDA:0,(anonymous_3)
FNDA:0,(anonymous_4)
FNDA:1,(anonymous_5)
FNDA:0,(anonymous_6)
FNDA:0,(anonymous_7)
FNDA:1,(anonymous_8)
FNDA:0,(anonymous_9)
FNDA:0,(anonymous_10)
FNDA:0,(anonymous_11)
DA:2,13
DA:3,13
DA:5,13
DA:7,13
DA:12,2
DA:13,2
DA:15,2
DA:16,0
DA:19,2
DA:21,0
DA:23,2
DA:31,2
DA:32,2
DA:34,2
DA:42,2
DA:44,0
DA:52,1
DA:53,1
DA:55,1
DA:57,0
DA:59,1
DA:67,0
DA:68,0
DA:69,0
DA:71,0
DA:72,0
DA:75,0
DA:77,0
DA:79,0
DA:87,0
DA:88,0
DA:90,0
DA:91,0
DA:94,0
DA:96,0
DA:98,0
DA:106,1
DA:107,1
DA:109,1
DA:111,0
DA:113,1
DA:121,0
DA:122,0
DA:123,0
DA:125,0
DA:127,0
DA:129,0
DA:137,0
DA:138,0
DA:139,0
DA:140,0
DA:142,0
DA:143,0
DA:146,0
DA:148,0
DA:150,0
DA:158,1
DA:159,1
DA:161,1
DA:168,0
DA:170,1
DA:178,0
DA:179,0
DA:180,0
DA:182,0
DA:183,0
DA:186,0
DA:188,0
DA:190,0
DA:198,0
DA:199,0
DA:200,0
DA:202,0
DA:204,0
DA:206,0
DA:214,0
DA:215,0
DA:216,0
DA:217,0
DA:219,0
DA:220,0
DA:223,0
DA:225,0
DA:227,0
LF:84
LH:25
BRDA:15,0,0,0
BRDA:15,0,1,2
BRDA:35,1,0,1
BRDA:35,1,1,1
BRDA:36,2,0,1
BRDA:36,2,1,1
BRDA:71,3,0,0
BRDA:71,3,1,0
BRDA:90,4,0,0
BRDA:90,4,1,0
BRDA:90,5,0,0
BRDA:90,5,1,0
BRDA:142,6,0,0
BRDA:142,6,1,0
BRDA:162,7,0,1
BRDA:162,7,1,0
BRDA:163,8,0,1
BRDA:163,8,1,0
BRDA:182,9,0,0
BRDA:182,9,1,0
BRDA:219,10,0,0
BRDA:219,10,1,0
BRF:22
BRH:7
end_of_record
TN:
SF:src\controllers\doctor.controller.ts
FN:11,(anonymous_0)
FNF:1
FNH:0
FNDA:0,(anonymous_0)
DA:2,13
DA:3,13
DA:4,13
DA:11,13
DA:15,0
DA:16,0
DA:19,0
DA:20,0
DA:24,0
DA:28,0
DA:32,0
DA:33,0
DA:37,0
DA:41,0
DA:44,0
DA:55,0
DA:57,0
DA:69,0
DA:70,0
LF:19
LH:4
BRDA:19,0,0,0
BRDA:19,0,1,0
BRDA:19,1,0,0
BRDA:19,1,1,0
BRDA:32,2,0,0
BRDA:32,2,1,0
BRDA:72,3,0,0
BRDA:72,3,1,0
BRF:8
BRH:0
end_of_record
TN:
SF:src\controllers\export.controller.ts
FN:11,(anonymous_0)
FN:48,(anonymous_1)
FN:85,(anonymous_2)
FN:120,(anonymous_3)
FN:146,(anonymous_4)
FN:171,(anonymous_5)
FN:192,(anonymous_6)
FNF:7
FNH:0
FNDA:0,(anonymous_0)
FNDA:0,(anonymous_1)
FNDA:0,(anonymous_2)
FNDA:0,(anonymous_3)
FNDA:0,(anonymous_4)
FNDA:0,(anonymous_5)
FNDA:0,(anonymous_6)
DA:2,13
DA:3,13
DA:12,0
DA:13,0
DA:14,0
DA:16,0
DA:17,0
DA:20,0
DA:22,0
DA:23,0
DA:26,0
DA:27,0
DA:30,0
DA:38,0
DA:40,0
DA:49,0
DA:50,0
DA:51,0
DA:53,0
DA:54,0
DA:57,0
DA:59,0
DA:60,0
DA:63,0
DA:64,0
DA:67,0
DA:75,0
DA:77,0
DA:86,0
DA:87,0
DA:88,0
DA:90,0
DA:91,0
DA:94,0
DA:96,0
DA:97,0
DA:100,0
DA:101,0
DA:104,0
DA:110,0
DA:112,0
DA:121,0
DA:122,0
DA:124,0
DA:125,0
DA:128,0
DA:130,0
DA:136,0
DA:138,0
DA:147,0
DA:148,0
DA:149,0
DA:151,0
DA:152,0
DA:155,0
DA:157,0
DA:158,0
DA:161,0
DA:163,0
DA:172,0
DA:173,0
DA:174,0
DA:176,0
DA:177,0
DA:180,0
DA:182,0
DA:184,0
DA:193,0
DA:194,0
DA:195,0
DA:196,0
DA:198,0
DA:199,0
DA:202,0
DA:204,0
DA:206,0
DA:211,13
LF:77
LH:3
BRDA:16,0,0,0
BRDA:16,0,1,0
BRDA:16,1,0,0
BRDA:16,1,1,0
BRDA:16,2,0,0
BRDA:16,2,1,0
BRDA:20,3,0,0
BRDA:22,4,0,0
BRDA:22,4,1,0
BRDA:26,5,0,0
BRDA:26,5,1,0
BRDA:53,6,0,0
BRDA:53,6,1,0
BRDA:53,7,0,0
BRDA:53,7,1,0
BRDA:53,8,0,0
BRDA:53,8,1,0
BRDA:57,9,0,0
BRDA:59,10,0,0
BRDA:59,10,1,0
BRDA:63,11,0,0
BRDA:63,11,1,0
BRDA:71,12,0,0
BRDA:71,12,1,0
BRDA:72,13,0,0
BRDA:72,13,1,0
BRDA:90,14,0,0
BRDA:90,14,1,0
BRDA:90,15,0,0
BRDA:90,15,1,0
BRDA:90,16,0,0
BRDA:90,16,1,0
BRDA:94,17,0,0
BRDA:96,18,0,0
BRDA:96,18,1,0
BRDA:100,19,0,0
BRDA:100,19,1,0
BRDA:124,20,0,0
BRDA:124,20,1,0
BRDA:128,21,0,0
BRDA:128,22,0,0
BRDA:151,23,0,0
BRDA:151,23,1,0
BRDA:157,24,0,0
BRDA:157,24,1,0
BRDA:163,25,0,0
BRDA:163,25,1,0
BRDA:176,26,0,0
BRDA:176,26,1,0
BRDA:184,27,0,0
BRDA:184,27,1,0
BRDA:198,28,0,0
BRDA:198,28,1,0
BRDA:198,29,0,0
BRDA:198,29,1,0
BRDA:206,30,0,0
BRDA:206,30,1,0
BRF:57
BRH:0
end_of_record
TN:
SF:src\controllers\financial.controller.ts
FN:11,(anonymous_0)
FN:31,(anonymous_1)
FN:72,(anonymous_2)
FN:109,(anonymous_3)
FN:150,(anonymous_4)
FNF:5
FNH:0
FNDA:0,(anonymous_0)
FNDA:0,(anonymous_1)
FNDA:0,(anonymous_2)
FNDA:0,(anonymous_3)
FNDA:0,(anonymous_4)
DA:2,13
DA:3,13
DA:12,0
DA:13,0
DA:15,0
DA:16,0
DA:19,0
DA:21,0
DA:23,0
DA:32,0
DA:33,0
DA:34,0
DA:36,0
DA:37,0
DA:40,0
DA:44,0
DA:52,0
DA:53,0
DA:54,0
DA:55,0
DA:56,0
DA:57,0
DA:60,0
DA:62,0
DA:64,0
DA:73,0
DA:74,0
DA:75,0
DA:77,0
DA:78,0
DA:81,0
DA:84,0
DA:85,0
DA:88,0
DA:89,0
DA:92,0
DA:99,0
DA:101,0
DA:110,0
DA:111,0
DA:112,0
DA:114,0
DA:115,0
DA:118,0
DA:122,0
DA:124,0
DA:125,0
DA:127,0
DA:128,0
DA:129,0
DA:131,0
DA:134,0
DA:140,0
DA:142,0
DA:151,0
DA:152,0
DA:153,0
DA:155,0
DA:156,0
DA:159,0
DA:163,0
DA:164,0
DA:165,0
DA:166,0
DA:167,0
DA:168,0
DA:171,0
DA:173,0
DA:175,0
DA:180,13
LF:70
LH:3
BRDA:15,0,0,0
BRDA:15,0,1,0
BRDA:36,1,0,0
BRDA:36,1,1,0
BRDA:36,2,0,0
BRDA:36,2,1,0
BRDA:45,3,0,0
BRDA:45,3,1,0
BRDA:46,4,0,0
BRDA:46,4,1,0
BRDA:48,5,0,0
BRDA:48,5,1,0
BRDA:49,6,0,0
BRDA:49,6,1,0
BRDA:52,7,0,0
BRDA:52,7,1,0
BRDA:54,8,0,0
BRDA:54,8,1,0
BRDA:54,9,0,0
BRDA:54,9,1,0
BRDA:56,10,0,0
BRDA:56,10,1,0
BRDA:77,11,0,0
BRDA:77,11,1,0
BRDA:77,12,0,0
BRDA:77,12,1,0
BRDA:84,13,0,0
BRDA:84,13,1,0
BRDA:84,14,0,0
BRDA:84,14,1,0
BRDA:84,14,2,0
BRDA:88,15,0,0
BRDA:88,15,1,0
BRDA:114,16,0,0
BRDA:114,16,1,0
BRDA:114,17,0,0
BRDA:114,17,1,0
BRDA:122,18,0,0
BRDA:122,18,1,0
BRDA:125,19,0,0
BRDA:125,19,1,0
BRDA:125,20,0,0
BRDA:125,20,1,0
BRDA:128,21,0,0
BRDA:128,21,1,0
BRDA:136,22,0,0
BRDA:136,22,1,0
BRDA:137,23,0,0
BRDA:137,23,1,0
BRDA:155,24,0,0
BRDA:155,24,1,0
BRDA:155,25,0,0
BRDA:155,25,1,0
BRDA:163,26,0,0
BRDA:163,26,1,0
BRDA:165,27,0,0
BRDA:165,27,1,0
BRDA:165,28,0,0
BRDA:165,28,1,0
BRDA:167,29,0,0
BRDA:167,29,1,0
BRF:61
BRH:0
end_of_record
TN:
SF:src\controllers\notification.controller.ts
FN:11,(anonymous_0)
FN:47,(anonymous_1)
FN:73,(anonymous_2)
FN:94,(anonymous_3)
FN:145,(anonymous_4)
FN:190,(anonymous_5)
FN:211,(anonymous_6)
FN:237,(anonymous_7)
FN:263,(anonymous_8)
FNF:9
FNH:0
FNDA:0,(anonymous_0)
FNDA:0,(anonymous_1)
FNDA:0,(anonymous_2)
FNDA:0,(anonymous_3)
FNDA:0,(anonymous_4)
FNDA:0,(anonymous_5)
FNDA:0,(anonymous_6)
FNDA:0,(anonymous_7)
FNDA:0,(anonymous_8)
DA:2,13
DA:3,13
DA:12,0
DA:13,0
DA:14,0
DA:16,0
DA:17,0
DA:21,0
DA:23,0
DA:25,0
DA:37,0
DA:39,0
DA:48,0
DA:49,0
DA:50,0
DA:52,0
DA:53,0
DA:56,0
DA:58,0
DA:63,0
DA:65,0
DA:74,0
DA:75,0
DA:76,0
DA:78,0
DA:79,0
DA:82,0
DA:84,0
DA:86,0
DA:95,0
DA:96,0
DA:97,0
DA:99,0
DA:100,0
DA:114,0
DA:117,0
DA:118,0
DA:121,0
DA:135,0
DA:137,0
DA:146,0
DA:147,0
DA:148,0
DA:150,0
DA:151,0
DA:162,0
DA:165,0
DA:166,0
DA:169,0
DA:180,0
DA:182,0
DA:191,0
DA:192,0
DA:193,0
DA:195,0
DA:196,0
DA:199,0
DA:201,0
DA:203,0
DA:212,0
DA:213,0
DA:215,0
DA:216,0
DA:219,0
DA:221,0
DA:222,0
DA:225,0
DA:227,0
DA:229,0
DA:238,0
DA:239,0
DA:240,0
DA:242,0
DA:243,0
DA:246,0
DA:248,0
DA:253,0
DA:255,0
DA:264,0
DA:265,0
DA:266,0
DA:268,0
DA:269,0
DA:272,0
DA:274,0
DA:276,0
DA:281,13
LF:87
LH:3
BRDA:16,0,0,0
BRDA:16,0,1,0
BRDA:16,1,0,0
BRDA:16,1,1,0
BRDA:21,2,0,0
BRDA:21,2,1,0
BRDA:23,3,0,0
BRDA:23,4,0,0
BRDA:32,5,0,0
BRDA:32,5,1,0
BRDA:32,6,0,0
BRDA:32,6,1,0
BRDA:52,7,0,0
BRDA:52,7,1,0
BRDA:52,8,0,0
BRDA:52,8,1,0
BRDA:56,9,0,0
BRDA:56,9,1,0
BRDA:78,10,0,0
BRDA:78,10,1,0
BRDA:86,11,0,0
BRDA:86,11,1,0
BRDA:99,12,0,0
BRDA:99,12,1,0
BRDA:99,13,0,0
BRDA:99,13,1,0
BRDA:99,14,0,0
BRDA:99,14,1,0
BRDA:105,15,0,0
BRDA:117,16,0,0
BRDA:117,16,1,0
BRDA:117,17,0,0
BRDA:117,17,1,0
BRDA:117,17,2,0
BRDA:117,17,3,0
BRDA:150,18,0,0
BRDA:150,18,1,0
BRDA:150,19,0,0
BRDA:150,19,1,0
BRDA:150,20,0,0
BRDA:150,20,1,0
BRDA:165,21,0,0
BRDA:165,21,1,0
BRDA:165,22,0,0
BRDA:165,22,1,0
BRDA:165,22,2,0
BRDA:195,23,0,0
BRDA:195,23,1,0
BRDA:203,24,0,0
BRDA:203,24,1,0
BRDA:215,25,0,0
BRDA:215,25,1,0
BRDA:221,26,0,0
BRDA:221,26,1,0
BRDA:221,27,0,0
BRDA:221,27,1,0
BRDA:242,28,0,0
BRDA:242,28,1,0
BRDA:242,29,0,0
BRDA:242,29,1,0
BRDA:246,30,0,0
BRDA:246,30,1,0
BRDA:268,31,0,0
BRDA:268,31,1,0
BRDA:276,32,0,0
BRDA:276,32,1,0
BRF:66
BRH:0
end_of_record
TN:
SF:src\controllers\patient.controller.ts
FN:9,(anonymous_0)
FN:38,(anonymous_1)
FN:62,(anonymous_2)
FN:84,(anonymous_3)
FN:108,(anonymous_4)
FN:136,(anonymous_5)
FN:167,(anonymous_6)
FN:201,(anonymous_7)
FN:223,(anonymous_8)
FNF:9
FNH:0
FNDA:0,(anonymous_0)
FNDA:0,(anonymous_1)
FNDA:0,(anonymous_2)
FNDA:0,(anonymous_3)
FNDA:0,(anonymous_4)
FNDA:0,(anonymous_5)
FNDA:0,(anonymous_6)
FNDA:0,(anonymous_7)
FNDA:0,(anonymous_8)
DA:2,13
DA:4,13
DA:5,13
DA:6,13
DA:9,13
DA:10,0
DA:11,0
DA:12,0
DA:14,0
DA:15,0
DA:18,0
DA:20,0
DA:28,0
DA:33,0
DA:34,0
DA:38,13
DA:39,0
DA:40,0
DA:42,0
DA:52,0
DA:54,0
DA:62,13
DA:63,0
DA:64,0
DA:65,0
DA:66,0
DA:68,0
DA:69,0
DA:72,0
DA:74,0
DA:76,0
DA:84,13
DA:85,0
DA:86,0
DA:87,0
DA:88,0
DA:90,0
DA:91,0
DA:94,0
DA:96,0
DA:98,0
DA:100,0
DA:108,13
DA:109,0
DA:110,0
DA:111,0
DA:112,0
DA:114,0
DA:115,0
DA:118,0
DA:120,0
DA:121,0
DA:124,0
DA:126,0
DA:128,0
DA:136,13
DA:137,0
DA:138,0
DA:139,0
DA:140,0
DA:141,0
DA:143,0
DA:144,0
DA:147,0
DA:149,0
DA:157,0
DA:159,0
DA:167,13
DA:168,0
DA:169,0
DA:170,0
DA:171,0
DA:173,0
DA:174,0
DA:177,0
DA:179,0
DA:180,0
DA:183,0
DA:191,0
DA:193,0
DA:201,13
DA:202,0
DA:203,0
DA:204,0
DA:205,0
DA:207,0
DA:208,0
DA:211,0
DA:213,0
DA:215,0
DA:223,13
DA:224,0
DA:225,0
DA:226,0
DA:228,0
DA:229,0
DA:232,0
DA:234,0
DA:236,0
LF:99
LH:13
BRDA:14,0,0,0
BRDA:14,0,1,0
BRDA:68,1,0,0
BRDA:68,1,1,0
BRDA:68,2,0,0
BRDA:68,2,1,0
BRDA:76,3,0,0
BRDA:76,3,1,0
BRDA:90,4,0,0
BRDA:90,4,1,0
BRDA:90,5,0,0
BRDA:90,5,1,0
BRDA:100,6,0,0
BRDA:100,6,1,0
BRDA:114,7,0,0
BRDA:114,7,1,0
BRDA:114,8,0,0
BRDA:114,8,1,0
BRDA:120,9,0,0
BRDA:120,9,1,0
BRDA:120,10,0,0
BRDA:120,10,1,0
BRDA:120,10,2,0
BRDA:143,11,0,0
BRDA:143,11,1,0
BRDA:143,12,0,0
BRDA:143,12,1,0
BRDA:173,13,0,0
BRDA:173,13,1,0
BRDA:173,14,0,0
BRDA:173,14,1,0
BRDA:173,15,0,0
BRDA:173,15,1,0
BRDA:179,16,0,0
BRDA:179,16,1,0
BRDA:207,17,0,0
BRDA:207,17,1,0
BRDA:207,18,0,0
BRDA:207,18,1,0
BRDA:215,19,0,0
BRDA:215,19,1,0
BRDA:228,20,0,0
BRDA:228,20,1,0
BRDA:228,21,0,0
BRDA:228,21,1,0
BRF:45
BRH:0
end_of_record
TN:
SF:src\controllers\patientAuth.controller.ts
FN:8,(anonymous_0)
FN:39,(anonymous_1)
FNF:2
FNH:0
FNDA:0,(anonymous_0)
FNDA:0,(anonymous_1)
DA:2,13
DA:8,13
DA:9,0
DA:10,0
DA:12,0
DA:13,0
DA:17,0
DA:20,0
DA:22,0
DA:28,0
DA:39,13
DA:40,0
DA:41,0
DA:43,0
DA:44,0
DA:48,0
DA:51,0
DA:53,0
DA:62,0
LF:19
LH:3
BRDA:12,0,0,0
BRDA:12,0,1,0
BRDA:30,1,0,0
BRDA:30,1,1,0
BRDA:43,2,0,0
BRDA:43,2,1,0
BRDA:43,3,0,0
BRDA:43,3,1,0
BRDA:64,4,0,0
BRDA:64,4,1,0
BRF:10
BRH:0
end_of_record
TN:
SF:src\controllers\patientProfile.controller.ts
FN:10,(anonymous_0)
FN:63,(anonymous_1)
FN:137,(anonymous_2)
FNF:3
FNH:0
FNDA:0,(anonymous_0)
FNDA:0,(anonymous_1)
FNDA:0,(anonymous_2)
DA:2,13
DA:4,13
DA:10,13
DA:14,0
DA:15,0
DA:18,0
DA:20,0
DA:21,0
DA:25,0
DA:28,0
DA:29,0
DA:33,0
DA:37,0
DA:40,0
DA:41,0
DA:43,0
DA:51,0
DA:52,0
DA:63,13
DA:67,0
DA:68,0
DA:69,0
DA:71,0
DA:72,0
DA:76,0
DA:80,0
DA:82,0
DA:83,0
DA:87,0
DA:92,0
DA:94,0
DA:95,0
DA:99,0
DA:103,0
DA:104,0
DA:105,0
DA:106,0
DA:108,0
DA:110,0
DA:125,0
DA:126,0
DA:137,13
DA:141,0
DA:142,0
DA:144,0
DA:159,0
DA:160,0
DA:164,0
DA:167,0
DA:173,0
DA:174,0
LF:51
LH:5
BRDA:20,0,0,0
BRDA:20,0,1,0
BRDA:28,1,0,0
BRDA:28,1,1,0
BRDA:54,2,0,0
BRDA:54,2,1,0
BRDA:71,3,0,0
BRDA:71,3,1,0
BRDA:82,4,0,0
BRDA:82,4,1,0
BRDA:92,5,0,0
BRDA:92,5,1,0
BRDA:92,6,0,0
BRDA:92,6,1,0
BRDA:94,7,0,0
BRDA:94,7,1,0
BRDA:103,8,0,0
BRDA:103,8,1,0
BRDA:104,9,0,0
BRDA:104,9,1,0
BRDA:105,10,0,0
BRDA:105,10,1,0
BRDA:106,11,0,0
BRDA:106,11,1,0
BRDA:128,12,0,0
BRDA:128,12,1,0
BRDA:159,13,0,0
BRDA:159,13,1,0
BRDA:176,14,0,0
BRDA:176,14,1,0
BRF:30
BRH:0
end_of_record
TN:
SF:src\controllers\reminder.controller.ts
FN:10,(anonymous_0)
FN:98,(anonymous_1)
FN:147,(anonymous_2)
FN:191,(anonymous_3)
FNF:4
FNH:0
FNDA:0,(anonymous_0)
FNDA:0,(anonymous_1)
FNDA:0,(anonymous_2)
FNDA:0,(anonymous_3)
DA:2,13
DA:3,13
DA:10,13
DA:14,0
DA:15,0
DA:18,0
DA:19,0
DA:23,0
DA:27,0
DA:28,0
DA:29,0
DA:33,0
DA:37,0
DA:38,0
DA:39,0
DA:43,0
DA:47,0
DA:48,0
DA:49,0
DA:50,0
DA:51,0
DA:54,0
DA:55,0
DA:59,0
DA:63,0
DA:72,0
DA:86,0
DA:87,0
DA:98,13
DA:102,0
DA:103,0
DA:104,0
DA:106,0
DA:109,0
DA:110,0
DA:113,0
DA:126,0
DA:135,0
DA:136,0
DA:147,13
DA:151,0
DA:152,0
DA:153,0
DA:155,0
DA:159,0
DA:160,0
DA:164,0
DA:167,0
DA:168,0
DA:170,0
DA:179,0
DA:180,0
DA:191,13
DA:195,0
DA:196,0
DA:197,0
DA:199,0
DA:202,0
DA:203,0
DA:207,0
DA:208,0
DA:211,0
DA:222,0
DA:231,0
DA:232,0
LF:65
LH:6
BRDA:18,0,0,0
BRDA:18,0,1,0
BRDA:18,1,0,0
BRDA:18,1,1,0
BRDA:18,1,2,0
BRDA:18,1,3,0
BRDA:28,2,0,0
BRDA:28,2,1,0
BRDA:38,3,0,0
BRDA:38,3,1,0
BRDA:48,4,0,0
BRDA:48,4,1,0
BRDA:50,5,0,0
BRDA:50,5,1,0
BRDA:54,6,0,0
BRDA:54,6,1,0
BRDA:89,7,0,0
BRDA:89,7,1,0
BRDA:109,8,0,0
BRDA:109,8,1,0
BRDA:109,9,0,0
BRDA:109,9,1,0
BRDA:138,10,0,0
BRDA:138,10,1,0
BRDA:159,11,0,0
BRDA:159,11,1,0
BRDA:182,12,0,0
BRDA:182,12,1,0
BRDA:202,13,0,0
BRDA:202,13,1,0
BRDA:202,14,0,0
BRDA:202,14,1,0
BRDA:207,15,0,0
BRDA:207,15,1,0
BRDA:234,16,0,0
BRDA:234,16,1,0
BRF:36
BRH:0
end_of_record
TN:
SF:src\controllers\scan.controller.ts
FN:13,(anonymous_0)
FN:100,(anonymous_1)
FN:143,(anonymous_2)
FN:192,(anonymous_3)
FN:218,(anonymous_4)
FN:249,(anonymous_5)
FN:282,(anonymous_6)
FN:307,(anonymous_7)
FNF:8
FNH:0
FNDA:0,(anonymous_0)
FNDA:0,(anonymous_1)
FNDA:0,(anonymous_2)
FNDA:0,(anonymous_3)
FNDA:0,(anonymous_4)
FNDA:0,(anonymous_5)
FNDA:0,(anonymous_6)
FNDA:0,(anonymous_7)
DA:2,13
DA:3,13
DA:5,13
DA:6,13
DA:13,13
DA:17,0
DA:18,0
DA:21,0
DA:22,0
DA:26,0
DA:30,0
DA:31,0
DA:35,0
DA:39,0
DA:42,0
DA:48,0
DA:50,0
DA:51,0
DA:52,0
DA:53,0
DA:54,0
DA:55,0
DA:58,0
DA:69,0
DA:74,0
DA:88,0
DA:89,0
DA:100,13
DA:104,0
DA:105,0
DA:106,0
DA:108,0
DA:110,0
DA:117,0
DA:131,0
DA:132,0
DA:143,13
DA:147,0
DA:148,0
DA:149,0
DA:151,0
DA:152,0
DA:153,0
DA:165,0
DA:167,0
DA:182,0
DA:184,0
DA:192,13
DA:196,0
DA:197,0
DA:198,0
DA:199,0
DA:201,0
DA:202,0
DA:203,0
DA:206,0
DA:208,0
DA:210,0
DA:218,13
DA:222,0
DA:223,0
DA:224,0
DA:225,0
DA:227,0
DA:228,0
DA:229,0
DA:232,0
DA:234,0
DA:239,0
DA:241,0
DA:249,13
DA:253,0
DA:254,0
DA:255,0
DA:256,0
DA:258,0
DA:259,0
DA:260,0
DA:263,0
DA:265,0
DA:266,0
DA:267,0
DA:270,0
DA:272,0
DA:274,0
DA:282,13
DA:286,0
DA:287,0
DA:288,0
DA:290,0
DA:291,0
DA:292,0
DA:295,0
DA:297,0
DA:299,0
DA:307,13
DA:311,0
DA:312,0
DA:313,0
DA:315,0
DA:316,0
DA:317,0
DA:320,0
DA:322,0
DA:324,0
LF:105
LH:12
BRDA:21,0,0,0
BRDA:21,0,1,0
BRDA:21,1,0,0
BRDA:21,1,1,0
BRDA:30,2,0,0
BRDA:30,2,1,0
BRDA:48,3,0,0
BRDA:48,3,1,0
BRDA:74,4,0,0
BRDA:74,4,1,0
BRDA:76,5,0,0
BRDA:76,5,1,0
BRDA:91,6,0,0
BRDA:91,6,1,0
BRDA:105,7,0,0
BRDA:105,8,0,0
BRDA:134,9,0,0
BRDA:134,9,1,0
BRDA:151,10,0,0
BRDA:151,10,1,0
BRDA:151,11,0,0
BRDA:151,11,1,0
BRDA:171,12,0,0
BRDA:171,12,1,0
BRDA:172,13,0,0
BRDA:172,13,1,0
BRDA:174,14,0,0
BRDA:174,14,1,0
BRDA:174,15,0,0
BRDA:174,15,1,0
BRDA:175,16,0,0
BRDA:175,16,1,0
BRDA:175,17,0,0
BRDA:175,17,1,0
BRDA:177,18,0,0
BRDA:177,18,1,0
BRDA:178,19,0,0
BRDA:178,19,1,0
BRDA:201,20,0,0
BRDA:201,20,1,0
BRDA:201,21,0,0
BRDA:201,21,1,0
BRDA:210,22,0,0
BRDA:210,22,1,0
BRDA:227,23,0,0
BRDA:227,23,1,0
BRDA:227,24,0,0
BRDA:227,24,1,0
BRDA:241,25,0,0
BRDA:241,25,1,0
BRDA:258,26,0,0
BRDA:258,26,1,0
BRDA:258,27,0,0
BRDA:258,27,1,0
BRDA:265,28,0,0
BRDA:265,28,1,0
BRDA:272,29,0,0
BRDA:272,29,1,0
BRDA:274,30,0,0
BRDA:274,30,1,0
BRDA:290,31,0,0
BRDA:290,31,1,0
BRDA:290,32,0,0
BRDA:290,32,1,0
BRDA:315,33,0,0
BRDA:315,33,1,0
BRDA:315,34,0,0
BRDA:315,34,1,0
BRF:68
BRH:0
end_of_record
TN:
SF:src\controllers\setup.controller.ts
FN:10,(anonymous_0)
FNF:1
FNH:1
FNDA:9,(anonymous_0)
DA:2,13
DA:10,13
DA:14,9
DA:15,9
DA:17,9
DA:18,0
DA:22,0
DA:26,9
DA:30,9
DA:31,9
DA:35,9
DA:39,0
DA:47,0
DA:58,0
DA:59,0
LF:15
LH:9
BRDA:17,0,0,0
BRDA:17,0,1,9
BRDA:17,1,0,9
BRDA:17,1,1,9
BRDA:17,1,2,9
BRDA:30,2,0,9
BRDA:30,2,1,0
BRDA:61,3,0,0
BRDA:61,3,1,0
BRF:9
BRH:5
end_of_record
TN:
SF:src\controllers\staff.controller.ts
FN:13,(anonymous_0)
FN:39,(anonymous_1)
FN:60,(anonymous_2)
FN:83,(anonymous_3)
FN:107,(anonymous_4)
FN:140,(anonymous_5)
FN:167,(anonymous_6)
FN:199,(anonymous_7)
FNF:8
FNH:0
FNDA:0,(anonymous_0)
FNDA:0,(anonymous_1)
FNDA:0,(anonymous_2)
FNDA:0,(anonymous_3)
FNDA:0,(anonymous_4)
FNDA:0,(anonymous_5)
FNDA:0,(anonymous_6)
FNDA:0,(anonymous_7)
DA:2,13
DA:3,13
DA:14,0
DA:15,0
DA:17,0
DA:18,0
DA:21,0
DA:23,0
DA:29,0
DA:31,0
DA:40,0
DA:41,0
DA:42,0
DA:44,0
DA:45,0
DA:48,0
DA:50,0
DA:52,0
DA:61,0
DA:62,0
DA:63,0
DA:65,0
DA:66,0
DA:69,0
DA:71,0
DA:73,0
DA:75,0
DA:84,0
DA:85,0
DA:86,0
DA:88,0
DA:89,0
DA:92,0
DA:94,0
DA:96,0
DA:108,0
DA:109,0
DA:110,0
DA:112,0
DA:113,0
DA:116,0
DA:119,0
DA:121,0
DA:130,0
DA:132,0
DA:141,0
DA:142,0
DA:143,0
DA:144,0
DA:146,0
DA:147,0
DA:150,0
DA:153,0
DA:154,0
DA:157,0
DA:159,0
DA:168,0
DA:169,0
DA:170,0
DA:171,0
DA:173,0
DA:174,0
DA:177,0
DA:180,0
DA:181,0
DA:182,0
DA:183,0
DA:187,0
DA:189,0
DA:191,0
DA:200,0
DA:201,0
DA:202,0
DA:203,0
DA:205,0
DA:206,0
DA:210,0
DA:211,0
DA:212,0
DA:213,0
DA:217,0
DA:219,0
DA:221,0
DA:226,13
LF:84
LH:3
BRDA:17,0,0,0
BRDA:17,0,1,0
BRDA:24,1,0,0
BRDA:24,1,1,0
BRDA:25,2,0,0
BRDA:25,2,1,0
BRDA:44,3,0,0
BRDA:44,3,1,0
BRDA:52,4,0,0
BRDA:52,4,1,0
BRDA:65,5,0,0
BRDA:65,5,1,0
BRDA:75,6,0,0
BRDA:75,6,1,0
BRDA:88,7,0,0
BRDA:88,7,1,0
BRDA:96,8,0,0
BRDA:96,8,1,0
BRDA:112,9,0,0
BRDA:112,9,1,0
BRDA:112,10,0,0
BRDA:112,10,1,0
BRDA:112,11,0,0
BRDA:112,11,1,0
BRDA:119,12,0,0
BRDA:119,12,1,0
BRDA:123,13,0,0
BRDA:123,13,1,0
BRDA:124,14,0,0
BRDA:124,14,1,0
BRDA:146,15,0,0
BRDA:146,15,1,0
BRDA:146,16,0,0
BRDA:146,16,1,0
BRDA:146,17,0,0
BRDA:146,17,1,0
BRDA:153,18,0,0
BRDA:153,18,1,0
BRDA:153,19,0,0
BRDA:153,19,1,0
BRDA:159,20,0,0
BRDA:159,20,1,0
BRDA:173,21,0,0
BRDA:173,21,1,0
BRDA:173,22,0,0
BRDA:173,22,1,0
BRDA:173,23,0,0
BRDA:173,23,1,0
BRDA:180,24,0,0
BRDA:180,24,1,0
BRDA:182,25,0,0
BRDA:182,25,1,0
BRDA:191,26,0,0
BRDA:191,26,1,0
BRDA:205,27,0,0
BRDA:205,27,1,0
BRDA:205,28,0,0
BRDA:205,28,1,0
BRDA:205,29,0,0
BRDA:205,29,1,0
BRDA:210,30,0,0
BRDA:210,30,1,0
BRDA:212,31,0,0
BRDA:212,31,1,0
BRDA:221,32,0,0
BRDA:221,32,1,0
BRF:66
BRH:0
end_of_record
TN:
SF:src\controllers\staffAuth.controller.ts
FN:8,(anonymous_0)
FN:39,(anonymous_1)
FNF:2
FNH:2
FNDA:27,(anonymous_0)
FNDA:14,(anonymous_1)
DA:2,13
DA:8,13
DA:9,27
DA:10,27
DA:12,27
DA:13,0
DA:17,0
DA:20,27
DA:22,15
DA:28,12
DA:39,13
DA:40,14
DA:41,14
DA:43,14
DA:44,0
DA:48,0
DA:51,14
DA:53,13
DA:62,1
LF:19
LH:15
BRDA:12,0,0,0
BRDA:12,0,1,27
BRDA:12,1,0,27
BRDA:12,1,1,27
BRDA:30,2,0,12
BRDA:30,2,1,0
BRDA:43,3,0,0
BRDA:43,3,1,14
BRDA:43,4,0,14
BRDA:43,4,1,14
BRDA:64,5,0,1
BRDA:64,5,1,0
BRF:12
BRH:8
end_of_record
TN:
SF:src\controllers\task.controller.ts
FN:15,(anonymous_0)
FN:45,(anonymous_1)
FN:67,(anonymous_2)
FN:114,(anonymous_3)
FN:138,(anonymous_4)
FN:162,(anonymous_5)
FNF:6
FNH:0
FNDA:0,(anonymous_0)
FNDA:0,(anonymous_1)
FNDA:0,(anonymous_2)
FNDA:0,(anonymous_3)
FNDA:0,(anonymous_4)
FNDA:0,(anonymous_5)
DA:2,13
DA:3,13
DA:6,13
DA:16,0
DA:17,0
DA:18,0
DA:20,0
DA:21,0
DA:24,0
DA:26,0
DA:35,0
DA:37,0
DA:46,0
DA:47,0
DA:48,0
DA:49,0
DA:51,0
DA:52,0
DA:55,0
DA:57,0
DA:59,0
DA:68,0
DA:69,0
DA:70,0
DA:72,0
DA:73,0
DA:84,0
DA:87,0
DA:88,0
DA:91,0
DA:102,0
DA:104,0
DA:115,0
DA:116,0
DA:117,0
DA:118,0
DA:120,0
DA:121,0
DA:124,0
DA:126,0
DA:128,0
DA:130,0
DA:139,0
DA:140,0
DA:141,0
DA:142,0
DA:144,0
DA:145,0
DA:148,0
DA:150,0
DA:152,0
DA:154,0
DA:163,0
DA:164,0
DA:165,0
DA:166,0
DA:168,0
DA:169,0
DA:172,0
DA:174,0
DA:176,0
DA:181,13
LF:62
LH:4
BRDA:20,0,0,0
BRDA:20,0,1,0
BRDA:20,1,0,0
BRDA:20,1,1,0
BRDA:24,2,0,0
BRDA:24,3,0,0
BRDA:51,4,0,0
BRDA:51,4,1,0
BRDA:51,5,0,0
BRDA:51,5,1,0
BRDA:59,6,0,0
BRDA:59,6,1,0
BRDA:72,7,0,0
BRDA:72,7,1,0
BRDA:72,8,0,0
BRDA:72,8,1,0
BRDA:87,9,0,0
BRDA:87,9,1,0
BRDA:87,10,0,0
BRDA:87,10,1,0
BRDA:87,10,2,0
BRDA:97,11,0,0
BRDA:97,11,1,0
BRDA:99,12,0,0
BRDA:99,12,1,0
BRDA:120,13,0,0
BRDA:120,13,1,0
BRDA:120,14,0,0
BRDA:120,14,1,0
BRDA:130,15,0,0
BRDA:130,15,1,0
BRDA:144,16,0,0
BRDA:144,16,1,0
BRDA:144,17,0,0
BRDA:144,17,1,0
BRDA:154,18,0,0
BRDA:154,18,1,0
BRDA:168,19,0,0
BRDA:168,19,1,0
BRDA:168,20,0,0
BRDA:168,20,1,0
BRDA:176,21,0,0
BRDA:176,21,1,0
BRF:43
BRH:0
end_of_record
TN:
SF:src\controllers\vendor.controller.ts
FN:11,(anonymous_0)
FN:32,(anonymous_1)
FN:47,(anonymous_2)
FN:95,(anonymous_3)
FN:111,(anonymous_4)
FN:136,(anonymous_5)
FN:167,(anonymous_6)
FN:199,(anonymous_7)
FN:224,(anonymous_8)
FN:278,(anonymous_9)
FNF:10
FNH:8
FNDA:2,(anonymous_0)
FNDA:2,(anonymous_1)
FNDA:3,(anonymous_2)
FNDA:1,(anonymous_3)
FNDA:1,(anonymous_4)
FNDA:1,(anonymous_5)
FNDA:1,(anonymous_6)
FNDA:1,(anonymous_7)
FNDA:0,(anonymous_8)
FNDA:0,(anonymous_9)
DA:2,13
DA:3,13
DA:5,13
DA:7,13
DA:12,2
DA:13,2
DA:15,2
DA:23,0
DA:25,2
DA:33,2
DA:34,2
DA:36,2
DA:38,0
DA:40,2
DA:48,3
DA:59,3
DA:62,3
DA:71,3
DA:74,0
DA:86,0
DA:88,0
DA:96,1
DA:97,1
DA:98,1
DA:100,1
DA:102,0
DA:104,1
DA:112,1
DA:113,1
DA:114,1
DA:116,1
DA:122,0
DA:129,1
DA:137,1
DA:138,1
DA:139,1
DA:140,1
DA:142,1
DA:143,0
DA:146,1
DA:153,0
DA:160,1
DA:168,1
DA:169,1
DA:170,1
DA:172,1
DA:180,0
DA:187,1
DA:200,1
DA:201,1
DA:202,1
DA:204,1
DA:210,0
DA:217,1
DA:225,0
DA:226,0
DA:236,0
DA:239,0
DA:249,0
DA:252,0
DA:264,0
DA:271,0
DA:279,0
DA:280,0
DA:282,0
DA:284,0
DA:291,0
LF:67
LH:43
BRDA:16,0,0,1
BRDA:16,0,1,1
BRDA:17,1,0,1
BRDA:17,1,1,1
BRDA:62,2,0,3
BRDA:62,2,1,0
BRDA:63,3,0,3
BRDA:63,3,1,3
BRDA:63,3,2,2
BRDA:63,3,3,2
BRDA:63,3,4,2
BRDA:63,3,5,0
BRDA:63,3,6,0
BRDA:118,4,0,0
BRDA:118,4,1,1
BRDA:119,5,0,0
BRDA:119,5,1,1
BRDA:142,6,0,0
BRDA:142,6,1,1
BRDA:142,7,0,1
BRDA:142,7,1,1
BRDA:173,8,0,1
BRDA:173,8,1,0
BRDA:174,9,0,1
BRDA:174,9,1,0
BRDA:175,10,0,0
BRDA:175,10,1,1
BRDA:176,11,0,0
BRDA:176,11,1,1
BRDA:205,12,0,1
BRDA:205,12,1,0
BRDA:206,13,0,1
BRDA:206,13,1,0
BRDA:239,14,0,0
BRDA:239,14,1,0
BRDA:240,15,0,0
BRDA:240,15,1,0
BRDA:240,15,2,0
BRDA:240,15,3,0
BRDA:240,15,4,0
BRDA:240,15,5,0
BRDA:240,15,6,0
BRDA:240,15,7,0
BRF:43
BRH:21
end_of_record
TN:
SF:src\middleware\authMiddleware.ts
FN:50,(anonymous_1)
FN:51,(anonymous_2)
FN:101,(anonymous_3)
FNF:3
FNH:2
FNDA:1144,(anonymous_1)
FNDA:32,(anonymous_2)
FNDA:0,(anonymous_3)
DA:4,13
DA:8,13
DA:11,13
DA:13,13
DA:50,13
DA:51,1144
DA:53,32
DA:54,32
DA:56,32
DA:57,3
DA:58,3
DA:61,29
DA:62,29
DA:64,28
DA:67,28
DA:68,28
DA:74,28
DA:80,28
DA:81,28
DA:82,28
DA:83,28
DA:85,0
DA:86,0
DA:90,1
DA:91,1
DA:92,1
DA:101,13
DA:106,0
DA:108,0
DA:109,0
DA:110,0
DA:113,0
DA:114,0
DA:117,0
DA:118,0
DA:119,0
DA:123,0
DA:130,0
DA:132,0
DA:133,0
DA:134,0
LF:41
LH:25
BRDA:56,0,0,3
BRDA:56,0,1,29
BRDA:64,1,0,28
BRDA:64,1,1,28
BRDA:67,2,0,28
BRDA:67,2,1,0
BRDA:80,3,0,28
BRDA:80,3,1,0
BRDA:80,4,0,28
BRDA:80,4,1,28
BRDA:108,5,0,0
BRDA:108,5,1,0
BRDA:117,6,0,0
BRDA:117,6,1,0
BRF:14
BRH:8
end_of_record
TN:
SF:src\models\Appuser.ts
FN:91,(anonymous_3)
FN:98,(anonymous_4)
FN:108,(anonymous_5)
FN:83,(anonymous_6)
FNF:4
FNH:1
FNDA:0,(anonymous_3)
FNDA:0,(anonymous_4)
FNDA:0,(anonymous_5)
FNDA:26,(anonymous_6)
DA:1,13
DA:10,13
DA:11,13
DA:17,13
DA:18,13
DA:25,13
DA:31,13
DA:37,13
DA:47,13
DA:53,13
DA:59,13
DA:65,13
DA:76,13
DA:83,26
DA:91,13
DA:92,0
DA:93,0
DA:98,13
DA:99,0
DA:100,0
DA:109,0
LF:21
LH:16
BRDA:92,0,0,0
BRDA:92,0,1,0
BRDA:99,1,0,0
BRDA:99,1,1,0
BRF:4
BRH:0
end_of_record
TN:
SF:src\models\AuditLog.ts
FNF:0
FNH:0
DA:1,13
DA:12,13
DA:13,13
DA:20,13
DA:26,13
DA:32,13
DA:38,13
DA:44,13
DA:50,13
DA:53,13
LF:10
LH:10
BRF:0
BRH:0
end_of_record
TN:
SF:src\models\Diary.ts
FN:23,(anonymous_2)
FN:30,(anonymous_3)
FN:33,(anonymous_4)
FN:40,(anonymous_5)
FNF:4
FNH:3
FNDA:13,(anonymous_2)
FNDA:26,(anonymous_3)
FNDA:0,(anonymous_4)
FNDA:26,(anonymous_5)
DA:1,13
DA:9,13
DA:10,13
DA:16,13
DA:17,13
DA:23,13
DA:30,26
DA:33,13
DA:40,26
DA:43,13
DA:49,13
DA:55,13
DA:58,13
DA:64,13
DA:67,13
DA:70,13
DA:76,13
DA:82,13
LF:18
LH:18
BRF:0
BRH:0
end_of_record
TN:
SF:src\models\DiaryRequest.ts
FN:23,(anonymous_2)
FN:30,(anonymous_3)
FNF:2
FNH:2
FNDA:13,(anonymous_2)
FNDA:26,(anonymous_3)
DA:1,13
DA:9,13
DA:15,13
DA:16,13
DA:23,13
DA:30,26
DA:33,13
DA:39,13
DA:42,13
DA:48,13
DA:54,13
DA:57,13
DA:63,13
DA:66,13
LF:14
LH:14
BRF:0
BRH:0
end_of_record
TN:
SF:src\models\Export.ts
FN:24,(anonymous_2)
FN:31,(anonymous_3)
FN:40,(anonymous_4)
FN:47,(anonymous_5)
FNF:4
FNH:4
FNDA:39,(anonymous_2)
FNDA:26,(anonymous_3)
FNDA:13,(anonymous_4)
FNDA:26,(anonymous_5)
DA:1,13
DA:9,13
DA:10,13
DA:16,13
DA:17,13
DA:24,39
DA:31,26
DA:34,13
DA:40,13
DA:47,26
DA:50,13
DA:56,13
DA:62,13
DA:68,13
LF:14
LH:14
BRF:0
BRH:0
end_of_record
TN:
SF:src\models\GeneratedDiary.ts
FNF:0
FNH:0
DA:1,13
DA:12,13
DA:13,13
DA:19,13
DA:25,13
DA:31,13
DA:37,13
DA:43,13
DA:46,13
DA:49,13
DA:55,13
LF:11
LH:11
BRF:0
BRH:0
end_of_record
TN:
SF:src\models\Notification.ts
FNF:0
FNH:0
DA:1,13
DA:12,13
DA:13,13
DA:20,13
DA:26,13
DA:32,13
DA:38,13
DA:44,13
DA:50,13
DA:56,13
DA:62,13
DA:68,13
DA:71,13
DA:74,13
DA:80,13
DA:83,13
DA:89,13
LF:17
LH:17
BRF:0
BRH:0
end_of_record
TN:
SF:src\models\Patient.ts
FN:140,(anonymous_2)
FN:147,(anonymous_3)
FNF:2
FNH:2
FNDA:26,(anonymous_2)
FNDA:26,(anonymous_3)
DA:1,13
DA:10,13
DA:16,13
DA:17,13
DA:24,13
DA:31,13
DA:37,13
DA:40,13
DA:43,13
DA:46,13
DA:49,13
DA:55,13
DA:61,13
DA:64,13
DA:67,13
DA:83,13
DA:89,13
DA:95,13
DA:101,13
DA:107,13
DA:110,13
DA:113,13
DA:116,13
DA:122,13
DA:140,26
DA:147,26
LF:26
LH:26
BRF:0
BRH:0
end_of_record
TN:
SF:src\models\Reminder.ts
FN:24,(anonymous_2)
FN:31,(anonymous_3)
FN:64,(anonymous_4)
FN:71,(anonymous_5)
FNF:4
FNH:4
FNDA:39,(anonymous_2)
FNDA:26,(anonymous_3)
FNDA:13,(anonymous_4)
FNDA:26,(anonymous_5)
DA:1,13
DA:9,13
DA:10,13
DA:16,13
DA:17,13
DA:24,39
DA:31,26
DA:34,13
DA:40,13
DA:46,13
DA:58,13
DA:64,13
DA:71,26
LF:13
LH:13
BRF:0
BRH:0
end_of_record
TN:
SF:src\models\ScanLog.ts
FN:23,(anonymous_2)
FN:30,(anonymous_3)
FNF:2
FNH:2
FNDA:13,(anonymous_2)
FNDA:26,(anonymous_3)
DA:1,13
DA:9,13
DA:15,13
DA:16,13
DA:23,13
DA:30,26
DA:33,13
DA:39,13
DA:45,13
DA:51,13
DA:57,13
DA:64,13
DA:70,13
DA:76,13
DA:82,13
DA:88,13
DA:91,13
DA:94,13
LF:18
LH:18
BRF:0
BRH:0
end_of_record
TN:
SF:src\models\Task.ts
FN:23,(anonymous_2)
FN:30,(anonymous_3)
FN:33,(anonymous_4)
FN:40,(anonymous_5)
FNF:4
FNH:2
FNDA:0,(anonymous_2)
FNDA:26,(anonymous_3)
FNDA:0,(anonymous_4)
FNDA:26,(anonymous_5)
DA:1,13
DA:9,13
DA:15,13
DA:16,13
DA:23,13
DA:30,26
DA:33,13
DA:40,26
DA:43,13
DA:49,13
DA:52,13
DA:58,13
DA:64,13
DA:70,13
DA:76,13
DA:82,13
DA:85,13
DA:88,13
DA:94,13
LF:19
LH:19
BRF:0
BRH:0
end_of_record
TN:
SF:src\models\Transaction.ts
FN:23,(anonymous_2)
FN:30,(anonymous_3)
FNF:2
FNH:2
FNDA:13,(anonymous_2)
FNDA:26,(anonymous_3)
DA:1,13
DA:9,13
DA:15,13
DA:16,13
DA:23,13
DA:30,26
DA:33,13
DA:39,13
DA:45,13
DA:51,13
DA:57,13
DA:60,13
DA:63,13
DA:66,13
DA:72,13
LF:15
LH:15
BRF:0
BRH:0
end_of_record
TN:
SF:src\models\VendorProfile.ts
FN:23,(anonymous_2)
FN:31,(anonymous_3)
FNF:2
FNH:2
FNDA:13,(anonymous_2)
FNDA:26,(anonymous_3)
DA:1,13
DA:9,13
DA:15,13
DA:16,13
DA:23,13
DA:31,26
DA:34,13
DA:40,13
DA:46,13
DA:53,13
DA:64,13
DA:70,13
DA:76,13
DA:82,13
LF:14
LH:14
BRF:0
BRH:0
end_of_record
TN:
SF:src\routes\admin.routes.ts
FNF:0
FNH:0
DA:1,13
DA:2,13
DA:3,13
DA:5,13
DA:8,13
DA:14,13
LF:6
LH:6
BRF:0
BRH:0
end_of_record
TN:
SF:src\routes\assistant-management.routes.ts
FNF:0
FNH:0
DA:1,13
DA:2,13
DA:3,13
DA:5,13
DA:14,13
DA:21,13
DA:28,13
DA:35,13
DA:41,13
LF:9
LH:9
BRF:0
BRH:0
end_of_record
TN:
SF:src\routes\audit.routes.ts
FNF:0
FNH:0
DA:1,13
DA:2,13
DA:3,13
DA:5,13
DA:13,13
DA:20,13
DA:27,13
DA:34,13
DA:40,13
LF:9
LH:9
BRF:0
BRH:0
end_of_record
TN:
SF:src\routes\auth.routes.ts
FNF:0
FNH:0
DA:1,13
DA:2,13
DA:3,13
DA:4,13
DA:5,13
DA:6,13
DA:8,13
DA:11,13
DA:14,13
DA:15,13
DA:18,13
DA:19,13
DA:22,13
DA:28,13
DA:34,13
DA:36,13
DA:38,13
DA:40,13
LF:18
LH:18
BRF:0
BRH:0
end_of_record
TN:
SF:src\routes\clinic.routes.ts
FNF:0
FNH:0
DA:1,13
DA:2,13
DA:3,13
DA:4,13
DA:6,13
DA:9,13
DA:16,13
DA:22,13
LF:8
LH:8
BRF:0
BRH:0
end_of_record
TN:
SF:src\routes\dashboard.routes.ts
FNF:0
FNH:0
DA:1,13
DA:2,13
DA:3,13
DA:4,13
DA:6,13
DA:9,13
DA:16,13
DA:23,13
DA:30,13
DA:37,13
DA:44,13
DA:50,13
LF:12
LH:12
BRF:0
BRH:0
end_of_record
TN:
SF:src\routes\diary-entry.routes.ts
FNF:0
FNH:0
DA:1,13
DA:2,13
DA:10,13
DA:12,13
DA:20,13
DA:27,13
DA:34,13
DA:41,13
DA:48,13
DA:55,13
DA:61,13
LF:11
LH:11
BRF:0
BRH:0
end_of_record
TN:
SF:src\routes\diary.routes.ts
FNF:0
FNH:0
DA:1,13
DA:2,13
DA:3,13
DA:5,13
DA:6,13
DA:14,13
DA:21,13
DA:28,13
DA:35,13
DA:42,13
DA:49,13
DA:56,13
DA:63,13
DA:70,13
DA:77,13
DA:84,13
DA:91,13
DA:97,13
LF:18
LH:18
BRF:0
BRH:0
end_of_record
TN:
SF:src\routes\doctor-management.routes.ts
FNF:0
FNH:0
DA:1,13
DA:2,13
DA:3,13
DA:5,13
DA:13,13
DA:20,13
DA:27,13
DA:34,13
DA:40,13
LF:9
LH:9
BRF:0
BRH:0
end_of_record
TN:
SF:src\routes\doctor.routes.ts
FNF:0
FNH:0
DA:1,13
DA:2,13
DA:3,13
DA:5,13
DA:8,13
DA:14,13
LF:6
LH:6
BRF:0
BRH:0
end_of_record
TN:
SF:src\routes\export.routes.ts
FNF:0
FNH:0
DA:1,13
DA:2,13
DA:3,13
DA:5,13
DA:13,13
DA:20,13
DA:27,13
DA:34,13
DA:41,13
DA:48,13
DA:55,13
DA:61,13
LF:12
LH:12
BRF:0
BRH:0
end_of_record
TN:
SF:src\routes\financial.routes.ts
FNF:0
FNH:0
DA:1,13
DA:2,13
DA:3,13
DA:5,13
DA:14,13
DA:21,13
DA:28,13
DA:35,13
DA:42,13
DA:48,13
LF:10
LH:10
BRF:0
BRH:0
end_of_record
TN:
SF:src\routes\index.ts
FNF:0
FNH:0
DA:1,13
DA:2,13
DA:3,13
DA:4,13
DA:5,13
DA:6,13
DA:7,13
DA:8,13
DA:9,13
DA:10,13
DA:11,13
DA:12,13
DA:13,13
DA:14,13
DA:15,13
DA:16,13
DA:17,13
DA:18,13
DA:20,13
DA:23,13
DA:24,13
DA:25,13
DA:26,13
DA:27,13
DA:28,13
DA:29,13
DA:30,13
DA:31,13
DA:32,13
DA:33,13
DA:34,13
DA:35,13
DA:36,13
DA:37,13
DA:38,13
DA:39,13
DA:41,13
LF:37
LH:37
BRF:0
BRH:0
end_of_record
TN:
SF:src\routes\notification.routes.ts
FNF:0
FNH:0
DA:1,13
DA:2,13
DA:3,13
DA:5,13
DA:14,13
DA:21,13
DA:28,13
DA:35,13
DA:42,13
DA:49,13
DA:56,13
DA:63,13
DA:70,13
DA:76,13
LF:14
LH:14
BRF:0
BRH:0
end_of_record
TN:
SF:src\routes\patient.routes.ts
FNF:0
FNH:0
DA:1,13
DA:2,13
DA:13,13
DA:18,13
DA:22,13
DA:23,13
DA:25,13
DA:28,13
DA:29,13
DA:32,13
DA:33,13
DA:34,13
DA:37,13
DA:38,13
DA:42,13
DA:49,13
DA:56,13
DA:63,13
DA:70,13
DA:77,13
DA:84,13
DA:90,13
LF:22
LH:22
BRF:0
BRH:0
end_of_record
TN:
SF:src\routes\scan.routes.ts
FNF:0
FNH:0
DA:1,13
DA:2,13
DA:3,13
DA:5,13
DA:8,13
DA:9,13
DA:11,13
LF:7
LH:7
BRF:0
BRH:0
end_of_record
TN:
SF:src\routes\task.routes.ts
FNF:0
FNH:0
DA:1,13
DA:2,13
DA:3,13
DA:5,13
DA:14,13
DA:21,13
DA:28,13
DA:35,13
DA:42,13
DA:49,13
DA:55,13
LF:11
LH:11
BRF:0
BRH:0
end_of_record
TN:
SF:src\routes\vendor.routes.ts
FNF:0
FNH:0
DA:1,13
DA:2,13
DA:3,13
DA:5,13
DA:6,13
DA:14,13
DA:21,13
DA:28,13
DA:35,13
DA:42,13
DA:49,13
DA:56,13
DA:63,13
DA:70,13
DA:77,13
DA:83,13
LF:16
LH:16
BRF:0
BRH:0
end_of_record
TN:
SF:src\service\audit.service.ts
FN:28,(anonymous_0)
FN:45,(anonymous_1)
FN:103,(anonymous_2)
FN:127,(anonymous_3)
FN:194,(anonymous_4)
FNF:5
FNH:0
FNDA:0,(anonymous_0)
FNDA:0,(anonymous_1)
FNDA:0,(anonymous_2)
FNDA:0,(anonymous_3)
FNDA:0,(anonymous_4)
DA:1,13
DA:3,13
DA:29,0
DA:39,0
DA:54,0
DA:56,0
DA:58,0
DA:60,0
DA:61,0
DA:64,0
DA:65,0
DA:68,0
DA:69,0
DA:72,0
DA:73,0
DA:74,0
DA:75,0
DA:77,0
DA:78,0
DA:82,0
DA:89,0
DA:104,0
DA:106,0
DA:113,0
DA:128,0
DA:130,0
DA:131,0
DA:132,0
DA:133,0
DA:135,0
DA:136,0
DA:140,0
DA:143,0
DA:154,0
DA:167,0
DA:168,0
DA:170,0
DA:183,0
DA:195,0
DA:197,0
DA:210,0
DA:222,13
LF:42
LH:3
BRDA:45,0,0,0
BRDA:47,1,0,0
BRDA:48,2,0,0
BRDA:60,3,0,0
BRDA:60,3,1,0
BRDA:64,4,0,0
BRDA:64,4,1,0
BRDA:68,5,0,0
BRDA:68,5,1,0
BRDA:72,6,0,0
BRDA:72,6,1,0
BRDA:72,7,0,0
BRDA:72,7,1,0
BRDA:74,8,0,0
BRDA:74,8,1,0
BRDA:77,9,0,0
BRDA:77,9,1,0
BRDA:103,10,0,0
BRDA:103,11,0,0
BRDA:130,12,0,0
BRDA:130,12,1,0
BRDA:130,13,0,0
BRDA:130,13,1,0
BRDA:132,14,0,0
BRDA:132,14,1,0
BRDA:135,15,0,0
BRDA:135,15,1,0
BRDA:194,16,0,0
BRDA:194,17,0,0
BRF:29
BRH:0
end_of_record
TN:
SF:src\service\auth.service.ts
FN:8,(anonymous_1)
FN:37,(anonymous_2)
FN:68,(anonymous_3)
FN:83,(anonymous_4)
FN:121,(anonymous_5)
FN:135,(anonymous_6)
FN:171,(anonymous_7)
FNF:7
FNH:5
FNDA:0,(anonymous_1)
FNDA:0,(anonymous_2)
FNDA:1,(anonymous_3)
FNDA:1,(anonymous_4)
FNDA:1,(anonymous_5)
FNDA:2,(anonymous_6)
FNDA:1,(anonymous_7)
DA:1,13
DA:2,13
DA:3,13
DA:4,13
DA:6,13
DA:7,13
DA:15,0
DA:19,0
DA:20,0
DA:24,0
DA:34,0
DA:38,0
DA:42,0
DA:43,0
DA:46,0
DA:47,0
DA:48,0
DA:51,0
DA:62,0
DA:69,1
DA:73,0
DA:74,0
DA:77,0
DA:84,1
DA:86,1
DA:91,1
DA:93,1
DA:94,0
DA:98,1
DA:109,1
DA:111,0
DA:112,0
DA:114,0
DA:126,1
DA:136,2
DA:140,2
DA:142,1
DA:148,1
DA:161,1
DA:172,1
DA:174,1
DA:176,0
DA:177,0
DA:181,0
DA:183,0
DA:184,0
DA:188,0
DA:191,0
DA:193,0
DA:197,1
DA:198,0
DA:200,1
DA:201,1
DA:203,0
LF:54
LH:24
BRDA:19,0,0,0
BRDA:19,0,1,0
BRDA:42,1,0,0
BRDA:42,1,1,0
BRDA:47,2,0,0
BRDA:47,2,1,0
BRDA:73,3,0,0
BRDA:73,3,1,0
BRDA:93,4,0,0
BRDA:93,4,1,1
BRDA:111,5,0,0
BRDA:111,5,1,0
BRDA:140,6,0,1
BRDA:140,6,1,1
BRDA:176,7,0,0
BRDA:176,7,1,0
BRDA:183,8,0,0
BRDA:183,8,1,0
BRDA:197,9,0,0
BRDA:197,9,1,1
BRDA:200,10,0,1
BRDA:200,10,1,0
BRF:22
BRH:5
end_of_record
TN:
SF:src\service\dashboard.service.ts
FN:15,(anonymous_0)
FN:104,(anonymous_1)
FN:201,(anonymous_2)
FN:319,(anonymous_3)
FNF:4
FNH:0
FNDA:0,(anonymous_0)
FNDA:0,(anonymous_1)
FNDA:0,(anonymous_2)
FNDA:0,(anonymous_3)
DA:1,13
DA:2,13
DA:3,13
DA:4,13
DA:5,13
DA:6,13
DA:7,13
DA:8,13
DA:9,13
DA:17,0
DA:22,0
DA:27,0
DA:32,0
DA:37,0
DA:42,0
DA:45,0
DA:48,0
DA:51,0
DA:54,0
DA:57,0
DA:62,0
DA:63,0
DA:64,0
DA:66,0
DA:72,0
DA:79,0
DA:106,0
DA:110,0
DA:111,0
DA:115,0
DA:120,0
DA:128,0
DA:136,0
DA:137,0
DA:138,0
DA:140,0
DA:148,0
DA:156,0
DA:164,0
DA:172,0
DA:178,0
DA:203,0
DA:208,0
DA:223,0
DA:224,0
DA:226,0
DA:234,0
DA:242,0
DA:250,0
DA:255,0
DA:263,0
DA:271,0
DA:285,0
DA:293,0
DA:321,0
DA:323,0
DA:324,0
DA:327,0
DA:329,0
DA:330,0
DA:334,0
DA:339,0
DA:354,0
DA:359,0
DA:367,0
DA:375,0
DA:383,0
DA:392,0
DA:399,0
DA:411,0
DA:430,13
LF:71
LH:10
BRDA:48,0,0,0
BRDA:48,0,1,0
BRDA:54,1,0,0
BRDA:54,1,1,0
BRDA:95,2,0,0
BRDA:95,2,1,0
BRDA:110,3,0,0
BRDA:110,3,1,0
BRDA:190,4,0,0
BRDA:190,4,1,0
BRDA:191,5,0,0
BRDA:191,5,1,0
BRDA:323,6,0,0
BRDA:323,6,1,0
BRDA:323,7,0,0
BRDA:323,7,1,0
BRDA:329,8,0,0
BRDA:329,8,1,0
BRDA:425,9,0,0
BRDA:425,9,1,0
BRF:20
BRH:0
end_of_record
TN:
SF:src\service\diary.service.ts
FN:16,(anonymous_1)
FN:65,(anonymous_2)
FN:109,(anonymous_3)
FN:122,(anonymous_4)
FN:144,(anonymous_5)
FN:165,(anonymous_6)
FN:187,(anonymous_7)
FN:262,(anonymous_8)
FN:303,(anonymous_9)
FN:359,(anonymous_10)
FN:397,(anonymous_11)
FN:418,(anonymous_12)
FN:424,(anonymous_13)
FN:429,(anonymous_14)
FN:435,(anonymous_15)
FN:464,(anonymous_16)
FNF:16
FNH:5
FNDA:2,(anonymous_1)
FNDA:2,(anonymous_2)
FNDA:1,(anonymous_3)
FNDA:0,(anonymous_4)
FNDA:0,(anonymous_5)
FNDA:1,(anonymous_6)
FNDA:0,(anonymous_7)
FNDA:0,(anonymous_8)
FNDA:1,(anonymous_9)
FNDA:0,(anonymous_10)
FNDA:0,(anonymous_11)
FNDA:0,(anonymous_12)
FNDA:0,(anonymous_13)
FNDA:0,(anonymous_14)
FNDA:0,(anonymous_15)
FNDA:0,(anonymous_16)
DA:1,13
DA:2,13
DA:3,13
DA:5,13
DA:6,13
DA:7,13
DA:8,13
DA:9,13
DA:10,13
DA:12,13
DA:17,2
DA:18,1
DA:21,1
DA:22,1
DA:25,1
DA:34,1
DA:35,1
DA:36,0
DA:37,0
DA:41,1
DA:42,1
DA:45,1
DA:47,1
DA:55,0
DA:56,0
DA:59,0
DA:72,2
DA:73,2
DA:74,2
DA:76,2
DA:78,2
DA:79,1
DA:82,2
DA:83,0
DA:86,2
DA:87,0
DA:90,2
DA:97,2
DA:110,1
DA:112,1
DA:113,1
DA:116,0
DA:123,0
DA:125,0
DA:126,0
DA:129,0
DA:130,0
DA:133,0
DA:134,0
DA:135,0
DA:136,0
DA:138,0
DA:145,0
DA:159,0
DA:166,1
DA:168,1
DA:169,1
DA:172,0
DA:173,0
DA:176,0
DA:177,0
DA:178,0
DA:179,0
DA:181,0
DA:188,0
DA:190,0
DA:191,0
DA:194,0
DA:195,0
DA:199,0
DA:200,0
DA:201,0
DA:202,0
DA:203,0
DA:206,0
DA:212,0
DA:216,0
DA:217,0
DA:218,0
DA:221,0
DA:234,0
DA:235,0
DA:236,0
DA:239,0
DA:240,0
DA:244,0
DA:256,0
DA:263,0
DA:265,0
DA:266,0
DA:269,0
DA:270,0
DA:274,0
DA:275,0
DA:276,0
DA:279,0
DA:285,0
DA:297,0
DA:309,1
DA:310,1
DA:311,1
DA:313,1
DA:315,1
DA:316,0
DA:319,1
DA:320,0
DA:323,1
DA:342,0
DA:346,0
DA:360,0
DA:361,0
DA:364,0
DA:373,0
DA:377,0
DA:378,0
DA:391,0
DA:398,0
DA:400,0
DA:401,0
DA:404,0
DA:405,0
DA:409,0
DA:414,0
DA:416,0
DA:418,0
DA:419,0
DA:422,0
DA:423,0
DA:424,0
DA:427,0
DA:428,0
DA:429,0
DA:433,0
DA:435,0
DA:439,0
DA:440,0
DA:441,0
DA:442,0
DA:443,0
DA:446,0
DA:458,0
DA:465,0
DA:467,0
DA:468,0
DA:471,0
DA:472,0
DA:475,0
DA:476,0
DA:477,0
DA:480,0
DA:492,0
LF:151
LH:44
BRDA:16,0,0,0
BRDA:17,1,0,1
BRDA:17,1,1,1
BRDA:17,2,0,2
BRDA:17,2,1,2
BRDA:35,3,0,0
BRDA:35,3,1,1
BRDA:72,4,0,2
BRDA:72,4,1,1
BRDA:73,5,0,2
BRDA:73,5,1,1
BRDA:78,6,0,1
BRDA:78,6,1,1
BRDA:82,7,0,0
BRDA:82,7,1,2
BRDA:86,8,0,0
BRDA:86,8,1,2
BRDA:112,9,0,1
BRDA:112,9,1,0
BRDA:125,10,0,0
BRDA:125,10,1,0
BRDA:129,11,0,0
BRDA:129,11,1,0
BRDA:168,12,0,1
BRDA:168,12,1,0
BRDA:172,13,0,0
BRDA:172,13,1,0
BRDA:190,14,0,0
BRDA:190,14,1,0
BRDA:194,15,0,0
BRDA:194,15,1,0
BRDA:216,16,0,0
BRDA:216,16,1,0
BRDA:265,17,0,0
BRDA:265,17,1,0
BRDA:269,18,0,0
BRDA:269,18,1,0
BRDA:309,19,0,1
BRDA:309,19,1,0
BRDA:310,20,0,1
BRDA:310,20,1,0
BRDA:315,21,0,0
BRDA:315,21,1,1
BRDA:319,22,0,0
BRDA:319,22,1,1
BRDA:360,23,0,0
BRDA:360,23,1,0
BRDA:360,24,0,0
BRDA:360,24,1,0
BRDA:400,25,0,0
BRDA:400,25,1,0
BRDA:404,26,0,0
BRDA:404,26,1,0
BRDA:416,27,0,0
BRDA:416,27,1,0
BRDA:427,28,0,0
BRDA:427,28,1,0
BRDA:467,29,0,0
BRDA:467,29,1,0
BRDA:471,30,0,0
BRDA:471,30,1,0
BRF:61
BRH:19
end_of_record
TN:
SF:src\service\emailService.ts
FN:24,(anonymous_1)
FN:102,(anonymous_2)
FNF:2
FNH:1
FNDA:0,(anonymous_1)
FNDA:15,(anonymous_2)
DA:1,13
DA:2,13
DA:4,13
DA:7,13
DA:24,13
DA:30,0
DA:32,0
DA:87,0
DA:88,0
DA:89,0
DA:91,0
DA:92,0
DA:102,13
DA:107,15
DA:156,15
DA:157,15
DA:158,15
DA:160,0
DA:161,0
LF:19
LH:10
BRDA:9,0,0,13
BRDA:9,0,1,0
BRDA:139,1,0,15
BRDA:139,1,1,0
BRF:4
BRH:2
end_of_record
TN:
SF:src\service\export.service.ts
FN:34,(anonymous_0)
FN:74,(anonymous_1)
FN:129,(anonymous_2)
FN:177,(anonymous_3)
FN:208,(anonymous_4)
FN:246,(anonymous_5)
FN:270,(anonymous_6)
FN:346,(anonymous_7)
FN:347,(anonymous_8)
FN:396,(anonymous_9)
FNF:10
FNH:0
FNDA:0,(anonymous_0)
FNDA:0,(anonymous_1)
FNDA:0,(anonymous_2)
FNDA:0,(anonymous_3)
FNDA:0,(anonymous_4)
FNDA:0,(anonymous_5)
FNDA:0,(anonymous_6)
FNDA:0,(anonymous_7)
FNDA:0,(anonymous_8)
FNDA:0,(anonymous_9)
DA:1,13
DA:2,13
DA:3,13
DA:4,13
DA:5,13
DA:36,0
DA:46,0
DA:47,0
DA:51,0
DA:63,0
DA:76,0
DA:80,0
DA:81,0
DA:82,0
DA:83,0
DA:85,0
DA:86,0
DA:90,0
DA:95,0
DA:96,0
DA:100,0
DA:117,0
DA:131,0
DA:141,0
DA:142,0
DA:146,0
DA:164,0
DA:178,0
DA:180,0
DA:194,0
DA:209,0
DA:223,0
DA:224,0
DA:228,0
DA:229,0
DA:230,0
DA:237,0
DA:247,0
DA:254,0
DA:255,0
DA:259,0
DA:261,0
DA:272,0
DA:274,0
DA:275,0
DA:276,0
DA:277,0
DA:278,0
DA:279,0
DA:281,0
DA:283,0
DA:286,0
DA:297,0
DA:298,0
DA:302,0
DA:306,0
DA:313,0
DA:321,0
DA:332,0
DA:333,0
DA:335,0
DA:345,0
DA:346,0
DA:347,0
DA:349,0
DA:397,0
DA:399,0
DA:406,0
DA:412,0
DA:419,13
LF:70
LH:6
BRDA:46,0,0,0
BRDA:46,0,1,0
BRDA:80,1,0,0
BRDA:80,1,1,0
BRDA:80,2,0,0
BRDA:80,2,1,0
BRDA:82,3,0,0
BRDA:82,3,1,0
BRDA:85,4,0,0
BRDA:85,4,1,0
BRDA:95,5,0,0
BRDA:95,5,1,0
BRDA:141,6,0,0
BRDA:141,6,1,0
BRDA:177,7,0,0
BRDA:177,8,0,0
BRDA:223,9,0,0
BRDA:223,9,1,0
BRDA:229,10,0,0
BRDA:229,10,1,0
BRDA:254,11,0,0
BRDA:254,11,1,0
BRDA:274,12,0,0
BRDA:274,12,1,0
BRDA:276,13,0,0
BRDA:276,13,1,0
BRDA:278,14,0,0
BRDA:278,14,1,0
BRDA:278,15,0,0
BRDA:278,15,1,0
BRDA:297,16,0,0
BRDA:297,16,1,0
BRDA:345,17,0,0
BRDA:345,17,1,0
BRDA:365,18,0,0
BRDA:365,18,1,0
BRDA:377,19,0,0
BRDA:377,19,1,0
BRDA:378,20,0,0
BRDA:378,20,1,0
BRDA:383,21,0,0
BRDA:383,21,1,0
BRDA:386,22,0,0
BRDA:386,22,1,0
BRF:44
BRH:0
end_of_record
TN:
SF:src\service\financial.service.ts
FN:28,(anonymous_0)
FN:128,(anonymous_1)
FN:188,(anonymous_2)
FN:234,(anonymous_3)
FN:273,(anonymous_4)
FN:274,(anonymous_5)
FN:275,(anonymous_6)
FN:276,(anonymous_7)
FN:278,(anonymous_8)
FN:280,(anonymous_9)
FN:283,(anonymous_10)
FN:284,(anonymous_11)
FN:313,(anonymous_12)
FN:355,(anonymous_13)
FNF:14
FNH:0
FNDA:0,(anonymous_0)
FNDA:0,(anonymous_1)
FNDA:0,(anonymous_2)
FNDA:0,(anonymous_3)
FNDA:0,(anonymous_4)
FNDA:0,(anonymous_5)
FNDA:0,(anonymous_6)
FNDA:0,(anonymous_7)
FNDA:0,(anonymous_8)
FNDA:0,(anonymous_9)
FNDA:0,(anonymous_10)
FNDA:0,(anonymous_11)
FNDA:0,(anonymous_12)
FNDA:0,(anonymous_13)
DA:1,13
DA:2,13
DA:3,13
DA:4,13
DA:5,13
DA:30,0
DA:35,0
DA:40,0
DA:45,0
DA:52,0
DA:55,0
DA:56,0
DA:57,0
DA:59,0
DA:66,0
DA:73,0
DA:81,0
DA:94,0
DA:107,0
DA:136,0
DA:138,0
DA:140,0
DA:142,0
DA:143,0
DA:146,0
DA:147,0
DA:150,0
DA:151,0
DA:152,0
DA:153,0
DA:155,0
DA:156,0
DA:160,0
DA:174,0
DA:190,0
DA:194,0
DA:195,0
DA:199,0
DA:200,0
DA:206,0
DA:207,0
DA:209,0
DA:214,0
DA:225,0
DA:239,0
DA:241,0
DA:242,0
DA:243,0
DA:244,0
DA:246,0
DA:247,0
DA:251,0
DA:257,0
DA:268,0
DA:269,0
DA:273,0
DA:274,0
DA:275,0
DA:276,0
DA:278,0
DA:279,0
DA:280,0
DA:283,0
DA:284,0
DA:286,0
DA:319,0
DA:323,0
DA:324,0
DA:328,0
DA:329,0
DA:331,0
DA:336,0
DA:346,0
DA:356,0
DA:358,0
DA:360,0
DA:371,0
DA:378,13
LF:78
LH:6
BRDA:109,0,0,0
BRDA:109,0,1,0
BRDA:110,1,0,0
BRDA:110,1,1,0
BRDA:111,2,0,0
BRDA:111,2,1,0
BRDA:113,3,0,0
BRDA:113,3,1,0
BRDA:113,4,0,0
BRDA:113,4,1,0
BRDA:116,5,0,0
BRDA:116,5,1,0
BRDA:117,6,0,0
BRDA:117,6,1,0
BRDA:118,7,0,0
BRDA:118,7,1,0
BRDA:128,8,0,0
BRDA:130,9,0,0
BRDA:131,10,0,0
BRDA:142,11,0,0
BRDA:142,11,1,0
BRDA:146,12,0,0
BRDA:146,12,1,0
BRDA:150,13,0,0
BRDA:150,13,1,0
BRDA:150,14,0,0
BRDA:150,14,1,0
BRDA:152,15,0,0
BRDA:152,15,1,0
BRDA:155,16,0,0
BRDA:155,16,1,0
BRDA:194,17,0,0
BRDA:194,17,1,0
BRDA:199,18,0,0
BRDA:199,18,1,0
BRDA:220,19,0,0
BRDA:220,19,1,0
BRDA:241,20,0,0
BRDA:241,20,1,0
BRDA:241,21,0,0
BRDA:241,21,1,0
BRDA:243,22,0,0
BRDA:243,22,1,0
BRDA:246,23,0,0
BRDA:246,23,1,0
BRDA:268,24,0,0
BRDA:268,24,1,0
BRDA:323,25,0,0
BRDA:323,25,1,0
BRDA:356,26,0,0
BRDA:356,26,1,0
BRF:51
BRH:0
end_of_record
TN:
SF:src\service\notification.service.ts
FN:49,(anonymous_0)
FN:112,(anonymous_1)
FN:131,(anonymous_2)
FN:167,(anonymous_3)
FN:197,(anonymous_4)
FN:216,(anonymous_5)
FN:223,(anonymous_6)
FN:249,(anonymous_7)
FN:274,(anonymous_8)
FN:298,(anonymous_9)
FN:320,(anonymous_10)
FNF:11
FNH:0
FNDA:0,(anonymous_0)
FNDA:0,(anonymous_1)
FNDA:0,(anonymous_2)
FNDA:0,(anonymous_3)
FNDA:0,(anonymous_4)
FNDA:0,(anonymous_5)
FNDA:0,(anonymous_6)
FNDA:0,(anonymous_7)
FNDA:0,(anonymous_8)
FNDA:0,(anonymous_9)
FNDA:0,(anonymous_10)
DA:1,13
DA:2,13
DA:3,13
DA:4,13
DA:60,0
DA:62,0
DA:64,0
DA:69,0
DA:70,0
DA:73,0
DA:74,0
DA:77,0
DA:78,0
DA:81,0
DA:89,0
DA:97,0
DA:113,0
DA:120,0
DA:121,0
DA:124,0
DA:133,0
DA:134,0
DA:135,0
DA:136,0
DA:139,0
DA:140,0
DA:141,0
DA:145,0
DA:160,0
DA:168,0
DA:171,0
DA:173,0
DA:174,0
DA:177,0
DA:178,0
DA:181,0
DA:182,0
DA:186,0
DA:191,0
DA:192,0
DA:196,0
DA:198,0
DA:213,0
DA:216,0
DA:224,0
DA:231,0
DA:232,0
DA:235,0
DA:236,0
DA:239,0
DA:240,0
DA:241,0
DA:243,0
DA:250,0
DA:265,0
DA:275,0
DA:289,0
DA:299,0
DA:306,0
DA:307,0
DA:310,0
DA:312,0
DA:321,0
DA:328,0
DA:336,0
DA:350,0
DA:359,13
LF:67
LH:5
BRDA:52,0,0,0
BRDA:55,1,0,0
BRDA:56,2,0,0
BRDA:69,3,0,0
BRDA:69,3,1,0
BRDA:73,4,0,0
BRDA:73,4,1,0
BRDA:77,5,0,0
BRDA:77,5,1,0
BRDA:120,6,0,0
BRDA:120,6,1,0
BRDA:133,7,0,0
BRDA:133,7,1,0
BRDA:135,8,0,0
BRDA:135,8,1,0
BRDA:140,9,0,0
BRDA:140,9,1,0
BRDA:150,10,0,0
BRDA:150,10,1,0
BRDA:156,11,0,0
BRDA:156,11,1,0
BRDA:168,12,0,0
BRDA:168,12,1,0
BRDA:173,13,0,0
BRDA:173,13,1,0
BRDA:177,14,0,0
BRDA:177,14,1,0
BRDA:181,15,0,0
BRDA:181,15,1,0
BRDA:191,16,0,0
BRDA:191,16,1,0
BRDA:203,17,0,0
BRDA:203,17,1,0
BRDA:207,18,0,0
BRDA:207,18,1,0
BRDA:231,19,0,0
BRDA:231,19,1,0
BRDA:235,20,0,0
BRDA:235,20,1,0
BRDA:306,21,0,0
BRDA:306,21,1,0
BRF:41
BRH:0
end_of_record
TN:
SF:src\service\otpService.ts
FN:16,(anonymous_1)
FN:28,(anonymous_2)
FN:41,(anonymous_3)
FN:67,(anonymous_4)
FNF:4
FNH:2
FNDA:15,(anonymous_1)
FNDA:0,(anonymous_2)
FNDA:14,(anonymous_3)
FNDA:0,(anonymous_4)
DA:1,13
DA:9,13
DA:16,13
DA:18,15
DA:22,15
DA:23,15
DA:25,15
DA:28,15
DA:29,0
DA:32,15
DA:41,13
DA:42,14
DA:43,14
DA:45,14
DA:46,0
DA:49,14
DA:50,0
DA:51,0
DA:54,14
DA:55,1
DA:59,13
DA:60,13
DA:67,13
DA:68,0
LF:24
LH:19
BRDA:18,0,0,15
BRDA:18,0,1,0
BRDA:22,1,0,15
BRDA:22,1,1,0
BRDA:45,2,0,0
BRDA:45,2,1,14
BRDA:49,3,0,0
BRDA:49,3,1,14
BRDA:54,4,0,1
BRDA:54,4,1,13
BRF:10
BRH:6
end_of_record
TN:
SF:src\service\patient.service.ts
FN:35,(anonymous_0)
FN:113,(anonymous_1)
FN:166,(anonymous_2)
FN:183,(anonymous_3)
FN:208,(anonymous_4)
FN:225,(anonymous_5)
FN:256,(anonymous_6)
FN:306,(anonymous_7)
FN:327,(anonymous_8)
FN:329,(anonymous_9)
FN:348,(anonymous_10)
FN:367,(anonymous_11)
FN:369,(anonymous_12)
FN:384,(anonymous_13)
FNF:14
FNH:0
FNDA:0,(anonymous_0)
FNDA:0,(anonymous_1)
FNDA:0,(anonymous_2)
FNDA:0,(anonymous_3)
FNDA:0,(anonymous_4)
FNDA:0,(anonymous_5)
FNDA:0,(anonymous_6)
FNDA:0,(anonymous_7)
FNDA:0,(anonymous_8)
FNDA:0,(anonymous_9)
FNDA:0,(anonymous_10)
FNDA:0,(anonymous_11)
FNDA:0,(anonymous_12)
FNDA:0,(anonymous_13)
DA:1,13
DA:2,13
DA:3,13
DA:4,13
DA:6,13
DA:36,0
DA:39,0
DA:40,0
DA:41,0
DA:43,0
DA:44,0
DA:45,0
DA:47,0
DA:48,0
DA:50,0
DA:53,0
DA:74,0
DA:75,0
DA:79,0
DA:83,0
DA:87,0
DA:92,0
DA:99,0
DA:120,0
DA:122,0
DA:123,0
DA:124,0
DA:125,0
DA:126,0
DA:127,0
DA:129,0
DA:131,0
DA:134,0
DA:136,0
DA:137,0
DA:141,0
DA:151,0
DA:152,0
DA:153,0
DA:154,0
DA:158,0
DA:160,0
DA:171,0
DA:175,0
DA:176,0
DA:180,0
DA:183,0
DA:191,0
DA:194,0
DA:200,0
DA:202,0
DA:213,0
DA:217,0
DA:218,0
DA:221,0
DA:224,0
DA:225,0
DA:228,0
DA:229,0
DA:232,0
DA:233,0
DA:234,0
DA:237,0
DA:238,0
DA:239,0
DA:243,0
DA:248,0
DA:250,0
DA:263,0
DA:265,0
DA:266,0
DA:267,0
DA:268,0
DA:269,0
DA:270,0
DA:272,0
DA:274,0
DA:277,0
DA:279,0
DA:280,0
DA:284,0
DA:291,0
DA:307,0
DA:309,0
DA:310,0
DA:311,0
DA:312,0
DA:313,0
DA:314,0
DA:316,0
DA:319,0
DA:321,0
DA:322,0
DA:325,0
DA:327,0
DA:328,0
DA:329,0
DA:332,0
DA:349,0
DA:351,0
DA:352,0
DA:355,0
DA:356,0
DA:358,0
DA:359,0
DA:364,0
DA:367,0
DA:368,0
DA:369,0
DA:371,0
DA:373,0
DA:385,0
DA:386,0
DA:388,0
DA:416,0
DA:420,13
LF:116
LH:6
BRDA:39,0,0,0
BRDA:39,0,1,0
BRDA:41,1,0,0
BRDA:41,1,1,0
BRDA:44,2,0,0
BRDA:44,2,1,0
BRDA:44,3,0,0
BRDA:44,3,1,0
BRDA:48,4,0,0
BRDA:48,4,1,0
BRDA:74,5,0,0
BRDA:74,5,1,0
BRDA:122,6,0,0
BRDA:122,6,1,0
BRDA:124,7,0,0
BRDA:124,7,1,0
BRDA:126,8,0,0
BRDA:126,8,1,0
BRDA:126,9,0,0
BRDA:126,9,1,0
BRDA:136,10,0,0
BRDA:136,10,1,0
BRDA:153,11,0,0
BRDA:153,11,1,0
BRDA:175,12,0,0
BRDA:175,12,1,0
BRDA:180,13,0,0
BRDA:180,13,1,0
BRDA:186,14,0,0
BRDA:186,14,1,0
BRDA:217,15,0,0
BRDA:217,15,1,0
BRDA:221,16,0,0
BRDA:221,16,1,0
BRDA:228,17,0,0
BRDA:228,17,1,0
BRDA:232,18,0,0
BRDA:232,18,1,0
BRDA:234,19,0,0
BRDA:234,19,1,0
BRDA:237,20,0,0
BRDA:237,20,1,0
BRDA:240,21,0,0
BRDA:240,21,1,0
BRDA:265,22,0,0
BRDA:265,22,1,0
BRDA:267,23,0,0
BRDA:267,23,1,0
BRDA:269,24,0,0
BRDA:269,24,1,0
BRDA:269,25,0,0
BRDA:269,25,1,0
BRDA:279,26,0,0
BRDA:279,26,1,0
BRDA:285,27,0,0
BRDA:285,27,1,0
BRDA:294,28,0,0
BRDA:294,28,1,0
BRDA:309,29,0,0
BRDA:309,29,1,0
BRDA:311,30,0,0
BRDA:311,30,1,0
BRDA:313,31,0,0
BRDA:313,31,1,0
BRDA:313,32,0,0
BRDA:313,32,1,0
BRDA:321,33,0,0
BRDA:321,33,1,0
BRDA:325,34,0,0
BRDA:325,34,1,0
BRDA:341,35,0,0
BRDA:341,35,1,0
BRDA:351,36,0,0
BRDA:351,36,1,0
BRDA:355,37,0,0
BRDA:355,37,1,0
BRDA:358,38,0,0
BRDA:358,38,1,0
BRF:78
BRH:0
end_of_record
TN:
SF:src\service\patientAuth.service.ts
FN:7,(anonymous_1)
FN:28,(anonymous_2)
FNF:2
FNH:0
FNDA:0,(anonymous_1)
FNDA:0,(anonymous_2)
DA:1,13
DA:2,13
DA:7,13
DA:11,0
DA:15,0
DA:16,0
DA:19,0
DA:28,13
DA:33,0
DA:34,0
DA:38,0
DA:43,0
DA:44,0
DA:48,0
DA:59,0
LF:15
LH:4
BRDA:15,0,0,0
BRDA:15,0,1,0
BRDA:33,1,0,0
BRDA:33,1,1,0
BRDA:43,2,0,0
BRDA:43,2,1,0
BRF:6
BRH:0
end_of_record
TN:
SF:src\service\scan.service.ts
FN:27,(anonymous_0)
FN:135,(anonymous_1)
FN:169,(anonymous_2)
FN:199,(anonymous_3)
FN:219,(anonymous_4)
FN:261,(anonymous_5)
FNF:6
FNH:0
FNDA:0,(anonymous_0)
FNDA:0,(anonymous_1)
FNDA:0,(anonymous_2)
FNDA:0,(anonymous_3)
FNDA:0,(anonymous_4)
FNDA:0,(anonymous_5)
DA:1,13
DA:2,13
DA:3,13
DA:4,13
DA:41,0
DA:43,0
DA:46,0
DA:49,0
DA:50,0
DA:51,0
DA:52,0
DA:53,0
DA:55,0
DA:56,0
DA:57,0
DA:60,0
DA:62,0
DA:63,0
DA:66,0
DA:67,0
DA:70,0
DA:71,0
DA:74,0
DA:75,0
DA:78,0
DA:79,0
DA:80,0
DA:81,0
DA:83,0
DA:84,0
DA:88,0
DA:103,0
DA:110,0
DA:117,0
DA:136,0
DA:137,0
DA:138,0
DA:139,0
DA:140,0
DA:142,0
DA:145,0
DA:159,0
DA:160,0
DA:163,0
DA:174,0
DA:181,0
DA:182,0
DA:185,0
DA:193,0
DA:200,0
DA:207,0
DA:208,0
DA:211,0
DA:213,0
DA:220,0
DA:236,0
DA:252,0
DA:262,0
DA:266,0
DA:273,0
DA:275,0
DA:283,0
DA:284,0
DA:286,0
DA:294,0
DA:304,0
DA:315,13
LF:67
LH:5
BRDA:30,0,0,0
BRDA:33,1,0,0
BRDA:34,2,0,0
BRDA:50,3,0,0
BRDA:50,3,1,0
BRDA:52,4,0,0
BRDA:52,4,1,0
BRDA:52,5,0,0
BRDA:52,5,1,0
BRDA:56,6,0,0
BRDA:56,6,1,0
BRDA:62,7,0,0
BRDA:62,7,1,0
BRDA:66,8,0,0
BRDA:66,8,1,0
BRDA:70,9,0,0
BRDA:70,9,1,0
BRDA:74,10,0,0
BRDA:74,10,1,0
BRDA:78,11,0,0
BRDA:78,11,1,0
BRDA:78,12,0,0
BRDA:78,12,1,0
BRDA:80,13,0,0
BRDA:80,13,1,0
BRDA:83,14,0,0
BRDA:83,14,1,0
BRDA:137,15,0,0
BRDA:137,15,1,0
BRDA:139,16,0,0
BRDA:139,16,1,0
BRDA:139,17,0,0
BRDA:139,17,1,0
BRDA:159,18,0,0
BRDA:159,18,1,0
BRDA:181,19,0,0
BRDA:181,19,1,0
BRDA:190,20,0,0
BRDA:190,20,1,0
BRDA:207,21,0,0
BRDA:207,21,1,0
BRF:41
BRH:0
end_of_record
TN:
SF:src\service\staff.service.ts
FN:16,(anonymous_0)
FN:49,(anonymous_1)
FN:85,(anonymous_2)
FN:144,(anonymous_3)
FN:174,(anonymous_4)
FN:215,(anonymous_5)
FN:261,(anonymous_6)
FN:297,(anonymous_7)
FN:358,(anonymous_8)
FN:388,(anonymous_9)
FNF:10
FNH:0
FNDA:0,(anonymous_0)
FNDA:0,(anonymous_1)
FNDA:0,(anonymous_2)
FNDA:0,(anonymous_3)
FNDA:0,(anonymous_4)
FNDA:0,(anonymous_5)
FNDA:0,(anonymous_6)
FNDA:0,(anonymous_7)
FNDA:0,(anonymous_8)
FNDA:0,(anonymous_9)
DA:1,13
DA:2,13
DA:3,13
DA:4,13
DA:17,0
DA:18,0
DA:20,0
DA:24,0
DA:25,0
DA:32,0
DA:48,0
DA:50,0
DA:54,0
DA:61,0
DA:71,0
DA:86,0
DA:101,0
DA:102,0
DA:106,0
DA:110,0
DA:117,0
DA:122,0
DA:130,0
DA:145,0
DA:152,0
DA:153,0
DA:157,0
DA:158,0
DA:160,0
DA:161,0
DA:162,0
DA:166,0
DA:168,0
DA:175,0
DA:182,0
DA:183,0
DA:187,0
DA:191,0
DA:192,0
DA:198,0
DA:205,0
DA:207,0
DA:216,0
DA:217,0
DA:219,0
DA:223,0
DA:224,0
DA:227,0
DA:228,0
DA:235,0
DA:260,0
DA:262,0
DA:266,0
DA:273,0
DA:283,0
DA:298,0
DA:322,0
DA:323,0
DA:327,0
DA:331,0
DA:338,0
DA:345,0
DA:359,0
DA:366,0
DA:367,0
DA:371,0
DA:372,0
DA:374,0
DA:375,0
DA:376,0
DA:380,0
DA:382,0
DA:389,0
DA:396,0
DA:397,0
DA:401,0
DA:408,0
DA:409,0
DA:414,0
DA:416,0
DA:422,13
LF:81
LH:5
BRDA:16,0,0,0
BRDA:17,1,0,0
BRDA:17,2,0,0
BRDA:24,3,0,0
BRDA:24,3,1,0
BRDA:101,4,0,0
BRDA:101,4,1,0
BRDA:152,5,0,0
BRDA:152,5,1,0
BRDA:161,6,0,0
BRDA:161,6,1,0
BRDA:182,7,0,0
BRDA:182,7,1,0
BRDA:191,8,0,0
BRDA:191,8,1,0
BRDA:215,9,0,0
BRDA:216,10,0,0
BRDA:216,11,0,0
BRDA:223,12,0,0
BRDA:223,12,1,0
BRDA:227,13,0,0
BRDA:227,13,1,0
BRDA:322,14,0,0
BRDA:322,14,1,0
BRDA:366,15,0,0
BRDA:366,15,1,0
BRDA:375,16,0,0
BRDA:375,16,1,0
BRDA:396,17,0,0
BRDA:396,17,1,0
BRDA:408,18,0,0
BRDA:408,18,1,0
BRF:32
BRH:0
end_of_record
TN:
SF:src\service\staffAuth.service.ts
FN:10,(anonymous_1)
FN:41,(anonymous_2)
FNF:2
FNH:2
FNDA:27,(anonymous_1)
FNDA:14,(anonymous_2)
DA:1,13
DA:2,13
DA:3,13
DA:4,13
DA:5,13
DA:10,13
DA:14,27
DA:18,27
DA:19,11
DA:23,16
DA:24,16
DA:25,1
DA:29,15
DA:30,15
DA:32,15
DA:41,13
DA:46,14
DA:47,14
DA:48,1
DA:52,13
DA:57,13
DA:58,0
DA:62,13
DA:74,13
LF:24
LH:23
BRDA:18,0,0,11
BRDA:18,0,1,16
BRDA:24,1,0,1
BRDA:24,1,1,15
BRDA:47,2,0,1
BRDA:47,2,1,13
BRDA:57,3,0,0
BRDA:57,3,1,13
BRF:8
BRH:7
end_of_record
TN:
SF:src\service\task.service.ts
FN:11,(anonymous_0)
FN:105,(anonymous_1)
FN:142,(anonymous_2)
FN:203,(anonymous_3)
FN:259,(anonymous_4)
FN:297,(anonymous_5)
FNF:6
FNH:0
FNDA:0,(anonymous_0)
FNDA:0,(anonymous_1)
FNDA:0,(anonymous_2)
FNDA:0,(anonymous_3)
FNDA:0,(anonymous_4)
FNDA:0,(anonymous_5)
DA:1,13
DA:2,13
DA:3,13
DA:4,13
DA:5,13
DA:7,13
DA:22,0
DA:23,0
DA:24,0
DA:26,0
DA:29,0
DA:30,0
DA:31,0
DA:32,0
DA:35,0
DA:36,0
DA:39,0
DA:40,0
DA:43,0
DA:44,0
DA:47,0
DA:48,0
DA:51,0
DA:52,0
DA:53,0
DA:56,0
DA:76,0
DA:80,0
DA:84,0
DA:92,0
DA:106,0
DA:121,0
DA:122,0
DA:126,0
DA:127,0
DA:128,0
DA:136,0
DA:153,0
DA:161,0
DA:162,0
DA:167,0
DA:181,0
DA:194,0
DA:195,0
DA:197,0
DA:216,0
DA:218,0
DA:219,0
DA:223,0
DA:224,0
DA:227,0
DA:228,0
DA:232,0
DA:233,0
DA:234,0
DA:235,0
DA:236,0
DA:240,0
DA:241,0
DA:242,0
DA:243,0
DA:244,0
DA:247,0
DA:248,0
DA:252,0
DA:253,0
DA:260,0
DA:262,0
DA:263,0
DA:266,0
DA:267,0
DA:270,0
DA:271,0
DA:272,0
DA:273,0
DA:275,0
DA:278,0
DA:291,0
DA:298,0
DA:300,0
DA:301,0
DA:304,0
DA:305,0
DA:308,0
DA:309,0
LF:85
LH:6
BRDA:22,0,0,0
BRDA:22,0,1,0
BRDA:23,1,0,0
BRDA:23,1,1,0
BRDA:29,2,0,0
BRDA:29,2,1,0
BRDA:31,3,0,0
BRDA:31,3,1,0
BRDA:35,4,0,0
BRDA:35,4,1,0
BRDA:39,5,0,0
BRDA:39,5,1,0
BRDA:43,6,0,0
BRDA:43,6,1,0
BRDA:47,7,0,0
BRDA:47,7,1,0
BRDA:51,8,0,0
BRDA:51,8,1,0
BRDA:121,9,0,0
BRDA:121,9,1,0
BRDA:127,10,0,0
BRDA:127,10,1,0
BRDA:127,11,0,0
BRDA:127,11,1,0
BRDA:161,12,0,0
BRDA:161,12,1,0
BRDA:186,13,0,0
BRDA:186,13,1,0
BRDA:218,14,0,0
BRDA:218,14,1,0
BRDA:223,15,0,0
BRDA:223,15,1,0
BRDA:223,16,0,0
BRDA:223,16,1,0
BRDA:227,17,0,0
BRDA:227,17,1,0
BRDA:227,18,0,0
BRDA:227,18,1,0
BRDA:232,19,0,0
BRDA:232,19,1,0
BRDA:233,20,0,0
BRDA:233,20,1,0
BRDA:234,21,0,0
BRDA:234,21,1,0
BRDA:235,22,0,0
BRDA:235,22,1,0
BRDA:236,23,0,0
BRDA:236,23,1,0
BRDA:240,24,0,0
BRDA:240,24,1,0
BRDA:241,25,0,0
BRDA:241,25,1,0
BRDA:243,26,0,0
BRDA:243,26,1,0
BRDA:247,27,0,0
BRDA:247,27,1,0
BRDA:262,28,0,0
BRDA:262,28,1,0
BRDA:266,29,0,0
BRDA:266,29,1,0
BRDA:272,30,0,0
BRDA:272,30,1,0
BRDA:300,31,0,0
BRDA:300,31,1,0
BRDA:304,32,0,0
BRDA:304,32,1,0
BRF:66
BRH:0
end_of_record
TN:
SF:src\service\vendor.service.ts
FN:14,(anonymous_0)
FN:61,(anonymous_1)
FN:82,(anonymous_2)
FN:133,(anonymous_3)
FN:179,(anonymous_4)
FN:210,(anonymous_5)
FN:249,(anonymous_6)
FN:321,(anonymous_7)
FN:376,(anonymous_8)
FN:439,(anonymous_9)
FNF:10
FNH:7
FNDA:2,(anonymous_0)
FNDA:2,(anonymous_1)
FNDA:0,(anonymous_2)
FNDA:1,(anonymous_3)
FNDA:1,(anonymous_4)
FNDA:1,(anonymous_5)
FNDA:1,(anonymous_6)
FNDA:1,(anonymous_7)
FNDA:0,(anonymous_8)
FNDA:0,(anonymous_9)
DA:1,13
DA:2,13
DA:3,13
DA:4,13
DA:5,13
DA:6,13
DA:7,13
DA:10,13
DA:21,2
DA:22,2
DA:23,2
DA:25,2
DA:27,2
DA:28,1
DA:34,2
DA:49,0
DA:62,2
DA:72,0
DA:73,0
DA:76,0
DA:99,0
DA:103,0
DA:104,0
DA:108,0
DA:117,0
DA:127,0
DA:145,1
DA:149,0
DA:150,0
DA:154,0
DA:155,0
DA:156,0
DA:159,0
DA:163,0
DA:164,0
DA:165,0
DA:166,0
DA:167,0
DA:168,0
DA:169,0
DA:170,0
DA:173,0
DA:180,1
DA:184,0
DA:185,0
DA:188,0
DA:190,0
DA:197,0
DA:216,1
DA:220,0
DA:221,0
DA:224,0
DA:225,0
DA:228,0
DA:240,0
DA:241,0
DA:243,0
DA:259,1
DA:260,1
DA:261,1
DA:263,1
DA:265,1
DA:266,0
DA:271,1
DA:272,0
DA:275,1
DA:289,0
DA:293,0
DA:294,0
DA:295,0
DA:297,0
DA:304,0
DA:329,1
DA:330,1
DA:331,1
DA:333,1
DA:335,1
DA:336,0
DA:339,1
DA:347,0
DA:351,0
DA:355,0
DA:359,0
DA:388,0
DA:396,0
DA:397,0
DA:401,0
DA:416,0
DA:428,0
DA:429,0
DA:430,0
DA:431,0
DA:433,0
DA:440,0
DA:444,0
DA:445,0
DA:449,0
DA:450,0
DA:451,0
DA:453,0
DA:461,0
DA:469,0
DA:477,0
DA:484,0
LF:104
LH:32
BRDA:21,0,0,2
BRDA:21,0,1,1
BRDA:22,1,0,2
BRDA:22,1,1,1
BRDA:27,2,0,1
BRDA:27,2,1,1
BRDA:40,3,0,0
BRDA:40,3,1,2
BRDA:72,4,0,0
BRDA:72,4,1,0
BRDA:103,5,0,0
BRDA:103,5,1,0
BRDA:123,6,0,0
BRDA:123,6,1,0
BRDA:149,7,0,0
BRDA:149,7,1,0
BRDA:154,8,0,0
BRDA:154,8,1,0
BRDA:155,9,0,0
BRDA:155,9,1,0
BRDA:163,10,0,0
BRDA:163,10,1,0
BRDA:164,11,0,0
BRDA:164,11,1,0
BRDA:165,12,0,0
BRDA:165,12,1,0
BRDA:166,13,0,0
BRDA:166,13,1,0
BRDA:167,14,0,0
BRDA:167,14,1,0
BRDA:169,15,0,0
BRDA:169,15,1,0
BRDA:179,16,0,1
BRDA:179,17,0,1
BRDA:184,18,0,0
BRDA:184,18,1,0
BRDA:220,19,0,0
BRDA:220,19,1,0
BRDA:234,20,0,0
BRDA:234,20,1,0
BRDA:259,21,0,1
BRDA:259,21,1,0
BRDA:260,22,0,1
BRDA:260,22,1,0
BRDA:265,23,0,0
BRDA:265,23,1,1
BRDA:265,24,0,1
BRDA:265,24,1,0
BRDA:271,25,0,0
BRDA:271,25,1,1
BRDA:311,26,0,0
BRDA:311,26,1,0
BRDA:313,27,0,0
BRDA:313,27,1,0
BRDA:329,28,0,1
BRDA:329,28,1,0
BRDA:330,29,0,1
BRDA:330,29,1,0
BRDA:335,30,0,0
BRDA:335,30,1,1
BRDA:396,31,0,0
BRDA:396,31,1,0
BRDA:444,32,0,0
BRDA:444,32,1,0
BRF:64
BRH:17
end_of_record
TN:
SF:src\utils\constants.ts
FNF:0
FNH:0
DA:5,13
DA:15,13
DA:36,13
DA:51,13
DA:52,13
LF:5
LH:5
BRDA:52,0,0,13
BRDA:52,0,1,13
BRF:2
BRH:2
end_of_record
TN:
SF:src\utils\passwordUtils.ts
FN:7,(anonymous_1)
FN:32,(anonymous_2)
FNF:2
FNH:0
FNDA:0,(anonymous_1)
FNDA:0,(anonymous_2)
DA:1,13
DA:7,13
DA:8,0
DA:9,0
DA:10,0
DA:11,0
DA:12,0
DA:14,0
DA:16,0
DA:19,0
DA:20,0
DA:21,0
DA:22,0
DA:25,0
DA:26,0
DA:30,0
DA:32,0
LF:17
LH:2
BRF:0
BRH:0
end_of_record
TN:
SF:src\utils\response.ts
FN:7,(anonymous_0)
FN:24,(anonymous_1)
FN:58,(anonymous_2)
FNF:3
FNH:3
FNDA:4,(anonymous_0)
FNDA:6,(anonymous_1)
FNDA:19,(anonymous_2)
DA:7,13
DA:13,4
DA:24,13
DA:31,6
DA:32,2
DA:33,2
DA:34,2
DA:35,2
DA:43,4
DA:44,4
DA:45,4
DA:46,4
DA:58,13
DA:65,19
DA:66,17
DA:67,17
DA:68,17
DA:69,17
DA:77,2
DA:78,2
DA:79,2
DA:80,2
LF:22
LH:22
BRDA:11,0,0,4
BRDA:14,1,0,4
BRDA:14,1,1,4
BRDA:31,2,0,2
BRDA:31,2,1,4
BRDA:33,3,0,2
BRDA:33,3,1,0
BRDA:44,4,0,4
BRDA:44,4,1,0
BRDA:45,5,0,4
BRDA:45,5,1,4
BRDA:65,6,0,17
BRDA:65,6,1,2
BRDA:67,7,0,17
BRDA:67,7,1,0
BRDA:78,8,0,2
BRDA:78,8,1,0
BRF:17
BRH:13
end_of_record
